Using GATK jar /home-local/conda_envs/dcfdb462d457174b178adfac97b3d10b/share/gatk4-4.1.4.1-1/gatk-package-4.1.4.1-local.jar
Running:
    java -Dsamjdk.use_async_io_read_samtools=false -Dsamjdk.use_async_io_write_samtools=true -Dsamjdk.use_async_io_write_tribble=false -Dsamjdk.compression_level=2 -jar /home-local/conda_envs/dcfdb462d457174b178adfac97b3d10b/share/gatk4-4.1.4.1-1/gatk-package-4.1.4.1-local.jar HaplotypeCaller --intervals II -R resources/genome.fasta -I results/recal/A-1.bam -ERC GVCF -O results/called/A.II.g.vcf.gz --dbsnp resources/variation.noiupac.vcf.gz
19:06:31.119 INFO  NativeLibraryLoader - Loading libgkl_compression.so from jar:file:/home-local/conda_envs/dcfdb462d457174b178adfac97b3d10b/share/gatk4-4.1.4.1-1/gatk-package-4.1.4.1-local.jar!/com/intel/gkl/native/libgkl_compression.so
Jul 13, 2022 7:06:32 PM shaded.cloud_nio.com.google.auth.oauth2.ComputeEngineCredentials runningOnComputeEngine
INFO: Failed to detect whether we are running on Google Compute Engine.
19:06:32.235 INFO  HaplotypeCaller - ------------------------------------------------------------
19:06:32.236 INFO  HaplotypeCaller - The Genome Analysis Toolkit (GATK) v4.1.4.1
19:06:32.236 INFO  HaplotypeCaller - For support and documentation go to https://software.broadinstitute.org/gatk/
19:06:35.560 INFO  HaplotypeCaller - Executing as user@cbaipipelines3 on Linux v5.15.0-40-generic amd64
19:06:35.561 INFO  HaplotypeCaller - Java runtime: OpenJDK 64-Bit Server VM v1.8.0_332-b09
19:06:35.561 INFO  HaplotypeCaller - Start Date/Time: July 13, 2022 7:06:31 PM MSK
19:06:35.561 INFO  HaplotypeCaller - ------------------------------------------------------------
19:06:35.561 INFO  HaplotypeCaller - ------------------------------------------------------------
19:06:35.561 INFO  HaplotypeCaller - HTSJDK Version: 2.21.0
19:06:35.562 INFO  HaplotypeCaller - Picard Version: 2.21.2
19:06:35.562 INFO  HaplotypeCaller - HTSJDK Defaults.COMPRESSION_LEVEL : 2
19:06:35.562 INFO  HaplotypeCaller - HTSJDK Defaults.USE_ASYNC_IO_READ_FOR_SAMTOOLS : false
19:06:35.562 INFO  HaplotypeCaller - HTSJDK Defaults.USE_ASYNC_IO_WRITE_FOR_SAMTOOLS : true
19:06:35.562 INFO  HaplotypeCaller - HTSJDK Defaults.USE_ASYNC_IO_WRITE_FOR_TRIBBLE : false
19:06:35.562 INFO  HaplotypeCaller - Deflater: IntelDeflater
19:06:35.562 INFO  HaplotypeCaller - Inflater: IntelInflater
19:06:35.562 INFO  HaplotypeCaller - GCS max retries/reopens: 20
19:06:35.562 INFO  HaplotypeCaller - Requester pays: disabled
19:06:35.562 INFO  HaplotypeCaller - Initializing engine
WARNING: BAM index file /home-local/lebedev/git_rep/mipt_school/workflow/results/recal/A-1.bai is older than BAM /home-local/lebedev/git_rep/mipt_school/workflow/results/recal/A-1.bam
19:06:36.928 INFO  FeatureManager - Using codec VCFCodec to read file file:///home-local/lebedev/git_rep/mipt_school/workflow/resources/variation.noiupac.vcf.gz
19:06:37.014 INFO  IntervalArgumentCollection - Processing 813184 bp from intervals
19:06:37.055 INFO  HaplotypeCaller - Done initializing engine
19:06:37.058 INFO  HaplotypeCallerEngine - Tool is in reference confidence mode and the annotation, the following changes will be made to any specified annotations: 'StrandBiasBySample' will be enabled. 'ChromosomeCounts', 'FisherStrand', 'StrandOddsRatio' and 'QualByDepth' annotations have been disabled
19:06:37.065 INFO  HaplotypeCallerEngine - Standard Emitting and Calling confidence set to 0.0 for reference-model confidence output
19:06:37.065 INFO  HaplotypeCallerEngine - All sites annotated with PLs forced to true for reference-model confidence output
19:06:37.118 INFO  NativeLibraryLoader - Loading libgkl_utils.so from jar:file:/home-local/conda_envs/dcfdb462d457174b178adfac97b3d10b/share/gatk4-4.1.4.1-1/gatk-package-4.1.4.1-local.jar!/com/intel/gkl/native/libgkl_utils.so
19:06:37.119 INFO  NativeLibraryLoader - Loading libgkl_pairhmm_omp.so from jar:file:/home-local/conda_envs/dcfdb462d457174b178adfac97b3d10b/share/gatk4-4.1.4.1-1/gatk-package-4.1.4.1-local.jar!/com/intel/gkl/native/libgkl_pairhmm_omp.so
19:06:37.220 INFO  IntelPairHmm - Flush-to-zero (FTZ) is enabled when running PairHMM
19:06:37.221 INFO  IntelPairHmm - Available threads: 1
19:06:37.221 INFO  IntelPairHmm - Requested threads: 4
19:06:37.221 WARN  IntelPairHmm - Using 1 available threads, but 4 were requested
19:06:37.221 INFO  PairHMM - Using the OpenMP multi-threaded AVX-accelerated native PairHMM implementation
19:06:37.346 INFO  ProgressMeter - Starting traversal
19:06:37.347 INFO  ProgressMeter -        Current Locus  Elapsed Minutes     Regions Processed   Regions/Minute
19:06:43.998 WARN  InbreedingCoeff - InbreedingCoeff will not be calculated; at least 10 samples must have called genotypes
19:06:47.393 INFO  ProgressMeter -            II:146701              0.2                   530           3165.4
19:06:57.415 INFO  ProgressMeter -            II:614661              0.3                  2200           6577.6
19:07:01.103 INFO  HaplotypeCaller - 188 read(s) filtered by: ((((((((MappingQualityReadFilter AND MappingQualityAvailableReadFilter) AND MappedReadFilter) AND NotSecondaryAlignmentReadFilter) AND NotDuplicateReadFilter) AND PassesVendorQualityCheckReadFilter) AND NonZeroReferenceLengthAlignmentReadFilter) AND GoodCigarReadFilter) AND WellformedReadFilter)
  188 read(s) filtered by: (((((((MappingQualityReadFilter AND MappingQualityAvailableReadFilter) AND MappedReadFilter) AND NotSecondaryAlignmentReadFilter) AND NotDuplicateReadFilter) AND PassesVendorQualityCheckReadFilter) AND NonZeroReferenceLengthAlignmentReadFilter) AND GoodCigarReadFilter)
      188 read(s) filtered by: ((((((MappingQualityReadFilter AND MappingQualityAvailableReadFilter) AND MappedReadFilter) AND NotSecondaryAlignmentReadFilter) AND NotDuplicateReadFilter) AND PassesVendorQualityCheckReadFilter) AND NonZeroReferenceLengthAlignmentReadFilter)
          188 read(s) filtered by: (((((MappingQualityReadFilter AND MappingQualityAvailableReadFilter) AND MappedReadFilter) AND NotSecondaryAlignmentReadFilter) AND NotDuplicateReadFilter) AND PassesVendorQualityCheckReadFilter)
              188 read(s) filtered by: ((((MappingQualityReadFilter AND MappingQualityAvailableReadFilter) AND MappedReadFilter) AND NotSecondaryAlignmentReadFilter) AND NotDuplicateReadFilter)
                  188 read(s) filtered by: (((MappingQualityReadFilter AND MappingQualityAvailableReadFilter) AND MappedReadFilter) AND NotSecondaryAlignmentReadFilter)
                      188 read(s) filtered by: ((MappingQualityReadFilter AND MappingQualityAvailableReadFilter) AND MappedReadFilter)
                          188 read(s) filtered by: (MappingQualityReadFilter AND MappingQualityAvailableReadFilter)
                              188 read(s) filtered by: MappingQualityReadFilter 

19:07:01.103 INFO  ProgressMeter -            II:811842              0.4                  2904           7334.6
19:07:01.103 INFO  ProgressMeter - Traversal complete. Processed 2904 total regions in 0.4 minutes.
19:07:01.141 INFO  VectorLoglessPairHMM - Time spent in setup for JNI call : 0.023348519
19:07:01.141 INFO  PairHMM - Total compute time in PairHMM computeLogLikelihoods() : 0.025254758000000002
19:07:01.141 INFO  SmithWatermanAligner - Total compute time in java Smith-Waterman : 0.02 sec
19:07:01.148 INFO  HaplotypeCaller - Shutting down engine
[July 13, 2022 7:07:01 PM MSK] org.broadinstitute.hellbender.tools.walkers.haplotypecaller.HaplotypeCaller done. Elapsed time: 0.50 minutes.
Runtime.totalMemory()=576192512
