Using GATK jar /home-local/conda_envs/dcfdb462d457174b178adfac97b3d10b/share/gatk4-4.1.4.1-1/gatk-package-4.1.4.1-local.jar
Running:
    java -Dsamjdk.use_async_io_read_samtools=false -Dsamjdk.use_async_io_write_samtools=true -Dsamjdk.use_async_io_write_tribble=false -Dsamjdk.compression_level=2 -jar /home-local/conda_envs/dcfdb462d457174b178adfac97b3d10b/share/gatk4-4.1.4.1-1/gatk-package-4.1.4.1-local.jar HaplotypeCaller --intervals VII -R resources/genome.fasta -I results/recal/A-1.bam -ERC GVCF -O results/called/A.VII.g.vcf.gz --dbsnp resources/variation.noiupac.vcf.gz
19:07:36.579 INFO  NativeLibraryLoader - Loading libgkl_compression.so from jar:file:/home-local/conda_envs/dcfdb462d457174b178adfac97b3d10b/share/gatk4-4.1.4.1-1/gatk-package-4.1.4.1-local.jar!/com/intel/gkl/native/libgkl_compression.so
Jul 13, 2022 7:07:37 PM shaded.cloud_nio.com.google.auth.oauth2.ComputeEngineCredentials runningOnComputeEngine
INFO: Failed to detect whether we are running on Google Compute Engine.
19:07:37.341 INFO  HaplotypeCaller - ------------------------------------------------------------
19:07:37.341 INFO  HaplotypeCaller - The Genome Analysis Toolkit (GATK) v4.1.4.1
19:07:37.342 INFO  HaplotypeCaller - For support and documentation go to https://software.broadinstitute.org/gatk/
19:07:37.347 INFO  HaplotypeCaller - Executing as user@cbaipipelines3 on Linux v5.15.0-40-generic amd64
19:07:37.347 INFO  HaplotypeCaller - Java runtime: OpenJDK 64-Bit Server VM v1.8.0_332-b09
19:07:37.348 INFO  HaplotypeCaller - Start Date/Time: July 13, 2022 7:07:36 PM MSK
19:07:37.348 INFO  HaplotypeCaller - ------------------------------------------------------------
19:07:37.348 INFO  HaplotypeCaller - ------------------------------------------------------------
19:07:37.349 INFO  HaplotypeCaller - HTSJDK Version: 2.21.0
19:07:37.349 INFO  HaplotypeCaller - Picard Version: 2.21.2
19:07:37.349 INFO  HaplotypeCaller - HTSJDK Defaults.COMPRESSION_LEVEL : 2
19:07:37.349 INFO  HaplotypeCaller - HTSJDK Defaults.USE_ASYNC_IO_READ_FOR_SAMTOOLS : false
19:07:37.349 INFO  HaplotypeCaller - HTSJDK Defaults.USE_ASYNC_IO_WRITE_FOR_SAMTOOLS : true
19:07:37.349 INFO  HaplotypeCaller - HTSJDK Defaults.USE_ASYNC_IO_WRITE_FOR_TRIBBLE : false
19:07:37.349 INFO  HaplotypeCaller - Deflater: IntelDeflater
19:07:37.349 INFO  HaplotypeCaller - Inflater: IntelInflater
19:07:37.349 INFO  HaplotypeCaller - GCS max retries/reopens: 20
19:07:37.349 INFO  HaplotypeCaller - Requester pays: disabled
19:07:37.350 INFO  HaplotypeCaller - Initializing engine
WARNING: BAM index file /home-local/lebedev/git_rep/mipt_school/workflow/results/recal/A-1.bai is older than BAM /home-local/lebedev/git_rep/mipt_school/workflow/results/recal/A-1.bam
19:07:38.835 INFO  FeatureManager - Using codec VCFCodec to read file file:///home-local/lebedev/git_rep/mipt_school/workflow/resources/variation.noiupac.vcf.gz
19:07:39.000 INFO  IntervalArgumentCollection - Processing 1090940 bp from intervals
19:07:39.049 INFO  HaplotypeCaller - Done initializing engine
19:07:39.051 INFO  HaplotypeCallerEngine - Tool is in reference confidence mode and the annotation, the following changes will be made to any specified annotations: 'StrandBiasBySample' will be enabled. 'ChromosomeCounts', 'FisherStrand', 'StrandOddsRatio' and 'QualByDepth' annotations have been disabled
19:07:39.112 INFO  HaplotypeCallerEngine - Standard Emitting and Calling confidence set to 0.0 for reference-model confidence output
19:07:39.112 INFO  HaplotypeCallerEngine - All sites annotated with PLs forced to true for reference-model confidence output
19:07:39.178 INFO  NativeLibraryLoader - Loading libgkl_utils.so from jar:file:/home-local/conda_envs/dcfdb462d457174b178adfac97b3d10b/share/gatk4-4.1.4.1-1/gatk-package-4.1.4.1-local.jar!/com/intel/gkl/native/libgkl_utils.so
19:07:39.180 INFO  NativeLibraryLoader - Loading libgkl_pairhmm_omp.so from jar:file:/home-local/conda_envs/dcfdb462d457174b178adfac97b3d10b/share/gatk4-4.1.4.1-1/gatk-package-4.1.4.1-local.jar!/com/intel/gkl/native/libgkl_pairhmm_omp.so
19:07:39.493 INFO  IntelPairHmm - Flush-to-zero (FTZ) is enabled when running PairHMM
19:07:39.494 INFO  IntelPairHmm - Available threads: 1
19:07:39.494 INFO  IntelPairHmm - Requested threads: 4
19:07:39.494 WARN  IntelPairHmm - Using 1 available threads, but 4 were requested
19:07:39.494 INFO  PairHMM - Using the OpenMP multi-threaded AVX-accelerated native PairHMM implementation
19:07:39.694 INFO  ProgressMeter - Starting traversal
19:07:39.704 INFO  ProgressMeter -        Current Locus  Elapsed Minutes     Regions Processed   Regions/Minute
19:07:45.517 WARN  InbreedingCoeff - InbreedingCoeff will not be calculated; at least 10 samples must have called genotypes
19:07:49.751 INFO  ProgressMeter -           VII:137684              0.2                   490           2926.2
19:07:59.755 INFO  ProgressMeter -           VII:441804              0.3                  1570           4698.0
19:08:10.716 INFO  ProgressMeter -           VII:852586              0.5                  3040           5881.6
19:08:13.821 INFO  HaplotypeCaller - 293 read(s) filtered by: ((((((((MappingQualityReadFilter AND MappingQualityAvailableReadFilter) AND MappedReadFilter) AND NotSecondaryAlignmentReadFilter) AND NotDuplicateReadFilter) AND PassesVendorQualityCheckReadFilter) AND NonZeroReferenceLengthAlignmentReadFilter) AND GoodCigarReadFilter) AND WellformedReadFilter)
  293 read(s) filtered by: (((((((MappingQualityReadFilter AND MappingQualityAvailableReadFilter) AND MappedReadFilter) AND NotSecondaryAlignmentReadFilter) AND NotDuplicateReadFilter) AND PassesVendorQualityCheckReadFilter) AND NonZeroReferenceLengthAlignmentReadFilter) AND GoodCigarReadFilter)
      293 read(s) filtered by: ((((((MappingQualityReadFilter AND MappingQualityAvailableReadFilter) AND MappedReadFilter) AND NotSecondaryAlignmentReadFilter) AND NotDuplicateReadFilter) AND PassesVendorQualityCheckReadFilter) AND NonZeroReferenceLengthAlignmentReadFilter)
          293 read(s) filtered by: (((((MappingQualityReadFilter AND MappingQualityAvailableReadFilter) AND MappedReadFilter) AND NotSecondaryAlignmentReadFilter) AND NotDuplicateReadFilter) AND PassesVendorQualityCheckReadFilter)
              293 read(s) filtered by: ((((MappingQualityReadFilter AND MappingQualityAvailableReadFilter) AND MappedReadFilter) AND NotSecondaryAlignmentReadFilter) AND NotDuplicateReadFilter)
                  293 read(s) filtered by: (((MappingQualityReadFilter AND MappingQualityAvailableReadFilter) AND MappedReadFilter) AND NotSecondaryAlignmentReadFilter)
                      293 read(s) filtered by: ((MappingQualityReadFilter AND MappingQualityAvailableReadFilter) AND MappedReadFilter)
                          293 read(s) filtered by: (MappingQualityReadFilter AND MappingQualityAvailableReadFilter)
                              293 read(s) filtered by: MappingQualityReadFilter 

19:08:13.821 INFO  ProgressMeter -          VII:1090269              0.6                  3902           6862.3
19:08:13.821 INFO  ProgressMeter - Traversal complete. Processed 3902 total regions in 0.6 minutes.
19:08:13.854 INFO  VectorLoglessPairHMM - Time spent in setup for JNI call : 0.0010170860000000002
19:08:13.854 INFO  PairHMM - Total compute time in PairHMM computeLogLikelihoods() : 0.034574125000000004
19:08:13.854 INFO  SmithWatermanAligner - Total compute time in java Smith-Waterman : 0.07 sec
19:08:13.855 INFO  HaplotypeCaller - Shutting down engine
[July 13, 2022 7:08:13 PM MSK] org.broadinstitute.hellbender.tools.walkers.haplotypecaller.HaplotypeCaller done. Elapsed time: 0.62 minutes.
Runtime.totalMemory()=635437056
