Using GATK jar /home-local/conda_envs/dcfdb462d457174b178adfac97b3d10b/share/gatk4-4.1.4.1-1/gatk-package-4.1.4.1-local.jar
Running:
    java -Dsamjdk.use_async_io_read_samtools=false -Dsamjdk.use_async_io_write_samtools=true -Dsamjdk.use_async_io_write_tribble=false -Dsamjdk.compression_level=2 -jar /home-local/conda_envs/dcfdb462d457174b178adfac97b3d10b/share/gatk4-4.1.4.1-1/gatk-package-4.1.4.1-local.jar HaplotypeCaller --intervals VI -R resources/genome.fasta -I results/recal/A-1.bam -ERC GVCF -O results/called/A.VI.g.vcf.gz --dbsnp resources/variation.noiupac.vcf.gz
19:08:05.525 INFO  NativeLibraryLoader - Loading libgkl_compression.so from jar:file:/home-local/conda_envs/dcfdb462d457174b178adfac97b3d10b/share/gatk4-4.1.4.1-1/gatk-package-4.1.4.1-local.jar!/com/intel/gkl/native/libgkl_compression.so
Jul 13, 2022 7:08:06 PM shaded.cloud_nio.com.google.auth.oauth2.ComputeEngineCredentials runningOnComputeEngine
INFO: Failed to detect whether we are running on Google Compute Engine.
19:08:06.852 INFO  HaplotypeCaller - ------------------------------------------------------------
19:08:06.853 INFO  HaplotypeCaller - The Genome Analysis Toolkit (GATK) v4.1.4.1
19:08:06.859 INFO  HaplotypeCaller - For support and documentation go to https://software.broadinstitute.org/gatk/
19:08:06.877 INFO  HaplotypeCaller - Executing as user@cbaipipelines3 on Linux v5.15.0-40-generic amd64
19:08:06.887 INFO  HaplotypeCaller - Java runtime: OpenJDK 64-Bit Server VM v1.8.0_332-b09
19:08:06.887 INFO  HaplotypeCaller - Start Date/Time: July 13, 2022 7:08:05 PM MSK
19:08:06.887 INFO  HaplotypeCaller - ------------------------------------------------------------
19:08:06.887 INFO  HaplotypeCaller - ------------------------------------------------------------
19:08:06.888 INFO  HaplotypeCaller - HTSJDK Version: 2.21.0
19:08:06.888 INFO  HaplotypeCaller - Picard Version: 2.21.2
19:08:06.888 INFO  HaplotypeCaller - HTSJDK Defaults.COMPRESSION_LEVEL : 2
19:08:06.888 INFO  HaplotypeCaller - HTSJDK Defaults.USE_ASYNC_IO_READ_FOR_SAMTOOLS : false
19:08:06.888 INFO  HaplotypeCaller - HTSJDK Defaults.USE_ASYNC_IO_WRITE_FOR_SAMTOOLS : true
19:08:06.888 INFO  HaplotypeCaller - HTSJDK Defaults.USE_ASYNC_IO_WRITE_FOR_TRIBBLE : false
19:08:06.888 INFO  HaplotypeCaller - Deflater: IntelDeflater
19:08:06.888 INFO  HaplotypeCaller - Inflater: IntelInflater
19:08:06.888 INFO  HaplotypeCaller - GCS max retries/reopens: 20
19:08:06.888 INFO  HaplotypeCaller - Requester pays: disabled
19:08:06.889 INFO  HaplotypeCaller - Initializing engine
WARNING: BAM index file /home-local/lebedev/git_rep/mipt_school/workflow/results/recal/A-1.bai is older than BAM /home-local/lebedev/git_rep/mipt_school/workflow/results/recal/A-1.bam
19:08:10.911 INFO  FeatureManager - Using codec VCFCodec to read file file:///home-local/lebedev/git_rep/mipt_school/workflow/resources/variation.noiupac.vcf.gz
19:08:11.016 INFO  IntervalArgumentCollection - Processing 270161 bp from intervals
19:08:11.058 INFO  HaplotypeCaller - Done initializing engine
19:08:11.066 INFO  HaplotypeCallerEngine - Tool is in reference confidence mode and the annotation, the following changes will be made to any specified annotations: 'StrandBiasBySample' will be enabled. 'ChromosomeCounts', 'FisherStrand', 'StrandOddsRatio' and 'QualByDepth' annotations have been disabled
19:08:11.115 INFO  HaplotypeCallerEngine - Standard Emitting and Calling confidence set to 0.0 for reference-model confidence output
19:08:11.115 INFO  HaplotypeCallerEngine - All sites annotated with PLs forced to true for reference-model confidence output
19:08:11.172 INFO  NativeLibraryLoader - Loading libgkl_utils.so from jar:file:/home-local/conda_envs/dcfdb462d457174b178adfac97b3d10b/share/gatk4-4.1.4.1-1/gatk-package-4.1.4.1-local.jar!/com/intel/gkl/native/libgkl_utils.so
19:08:11.174 INFO  NativeLibraryLoader - Loading libgkl_pairhmm_omp.so from jar:file:/home-local/conda_envs/dcfdb462d457174b178adfac97b3d10b/share/gatk4-4.1.4.1-1/gatk-package-4.1.4.1-local.jar!/com/intel/gkl/native/libgkl_pairhmm_omp.so
19:08:11.336 INFO  IntelPairHmm - Flush-to-zero (FTZ) is enabled when running PairHMM
19:08:11.341 INFO  IntelPairHmm - Available threads: 1
19:08:11.341 INFO  IntelPairHmm - Requested threads: 4
19:08:11.341 WARN  IntelPairHmm - Using 1 available threads, but 4 were requested
19:08:11.341 INFO  PairHMM - Using the OpenMP multi-threaded AVX-accelerated native PairHMM implementation
19:08:11.542 INFO  ProgressMeter - Starting traversal
19:08:11.542 INFO  ProgressMeter -        Current Locus  Elapsed Minutes     Regions Processed   Regions/Minute
19:08:18.951 WARN  InbreedingCoeff - InbreedingCoeff will not be calculated; at least 10 samples must have called genotypes
19:08:21.593 INFO  ProgressMeter -            VI:119446              0.2                   430           2566.9
19:08:26.733 INFO  HaplotypeCaller - 97 read(s) filtered by: ((((((((MappingQualityReadFilter AND MappingQualityAvailableReadFilter) AND MappedReadFilter) AND NotSecondaryAlignmentReadFilter) AND NotDuplicateReadFilter) AND PassesVendorQualityCheckReadFilter) AND NonZeroReferenceLengthAlignmentReadFilter) AND GoodCigarReadFilter) AND WellformedReadFilter)
  97 read(s) filtered by: (((((((MappingQualityReadFilter AND MappingQualityAvailableReadFilter) AND MappedReadFilter) AND NotSecondaryAlignmentReadFilter) AND NotDuplicateReadFilter) AND PassesVendorQualityCheckReadFilter) AND NonZeroReferenceLengthAlignmentReadFilter) AND GoodCigarReadFilter)
      97 read(s) filtered by: ((((((MappingQualityReadFilter AND MappingQualityAvailableReadFilter) AND MappedReadFilter) AND NotSecondaryAlignmentReadFilter) AND NotDuplicateReadFilter) AND PassesVendorQualityCheckReadFilter) AND NonZeroReferenceLengthAlignmentReadFilter)
          97 read(s) filtered by: (((((MappingQualityReadFilter AND MappingQualityAvailableReadFilter) AND MappedReadFilter) AND NotSecondaryAlignmentReadFilter) AND NotDuplicateReadFilter) AND PassesVendorQualityCheckReadFilter)
              97 read(s) filtered by: ((((MappingQualityReadFilter AND MappingQualityAvailableReadFilter) AND MappedReadFilter) AND NotSecondaryAlignmentReadFilter) AND NotDuplicateReadFilter)
                  97 read(s) filtered by: (((MappingQualityReadFilter AND MappingQualityAvailableReadFilter) AND MappedReadFilter) AND NotSecondaryAlignmentReadFilter)
                      97 read(s) filtered by: ((MappingQualityReadFilter AND MappingQualityAvailableReadFilter) AND MappedReadFilter)
                          97 read(s) filtered by: (MappingQualityReadFilter AND MappingQualityAvailableReadFilter)
                              97 read(s) filtered by: MappingQualityReadFilter 

19:08:26.733 INFO  ProgressMeter -            VI:269224              0.3                   973           3843.1
19:08:26.733 INFO  ProgressMeter - Traversal complete. Processed 973 total regions in 0.3 minutes.
19:08:26.748 INFO  VectorLoglessPairHMM - Time spent in setup for JNI call : 6.94906E-4
19:08:26.748 INFO  PairHMM - Total compute time in PairHMM computeLogLikelihoods() : 0.001422089
19:08:26.748 INFO  SmithWatermanAligner - Total compute time in java Smith-Waterman : 0.00 sec
19:08:26.765 INFO  HaplotypeCaller - Shutting down engine
[July 13, 2022 7:08:26 PM MSK] org.broadinstitute.hellbender.tools.walkers.haplotypecaller.HaplotypeCaller done. Elapsed time: 0.36 minutes.
Runtime.totalMemory()=409993216
