Using GATK jar /home-local/conda_envs/dcfdb462d457174b178adfac97b3d10b/share/gatk4-4.1.4.1-1/gatk-package-4.1.4.1-local.jar
Running:
    java -Dsamjdk.use_async_io_read_samtools=false -Dsamjdk.use_async_io_write_samtools=true -Dsamjdk.use_async_io_write_tribble=false -Dsamjdk.compression_level=2 -jar /home-local/conda_envs/dcfdb462d457174b178adfac97b3d10b/share/gatk4-4.1.4.1-1/gatk-package-4.1.4.1-local.jar HaplotypeCaller --intervals VIII -R resources/genome.fasta -I results/recal/A-1.bam -ERC GVCF -O results/called/A.VIII.g.vcf.gz --dbsnp resources/variation.noiupac.vcf.gz
19:07:16.717 INFO  NativeLibraryLoader - Loading libgkl_compression.so from jar:file:/home-local/conda_envs/dcfdb462d457174b178adfac97b3d10b/share/gatk4-4.1.4.1-1/gatk-package-4.1.4.1-local.jar!/com/intel/gkl/native/libgkl_compression.so
Jul 13, 2022 7:07:17 PM shaded.cloud_nio.com.google.auth.oauth2.ComputeEngineCredentials runningOnComputeEngine
INFO: Failed to detect whether we are running on Google Compute Engine.
19:07:17.958 INFO  HaplotypeCaller - ------------------------------------------------------------
19:07:17.962 INFO  HaplotypeCaller - The Genome Analysis Toolkit (GATK) v4.1.4.1
19:07:17.962 INFO  HaplotypeCaller - For support and documentation go to https://software.broadinstitute.org/gatk/
19:07:17.990 INFO  HaplotypeCaller - Executing as user@cbaipipelines3 on Linux v5.15.0-40-generic amd64
19:07:17.992 INFO  HaplotypeCaller - Java runtime: OpenJDK 64-Bit Server VM v1.8.0_332-b09
19:07:17.993 INFO  HaplotypeCaller - Start Date/Time: July 13, 2022 7:07:16 PM MSK
19:07:17.993 INFO  HaplotypeCaller - ------------------------------------------------------------
19:07:17.993 INFO  HaplotypeCaller - ------------------------------------------------------------
19:07:17.996 INFO  HaplotypeCaller - HTSJDK Version: 2.21.0
19:07:17.997 INFO  HaplotypeCaller - Picard Version: 2.21.2
19:07:17.997 INFO  HaplotypeCaller - HTSJDK Defaults.COMPRESSION_LEVEL : 2
19:07:17.998 INFO  HaplotypeCaller - HTSJDK Defaults.USE_ASYNC_IO_READ_FOR_SAMTOOLS : false
19:07:18.016 INFO  HaplotypeCaller - HTSJDK Defaults.USE_ASYNC_IO_WRITE_FOR_SAMTOOLS : true
19:07:18.016 INFO  HaplotypeCaller - HTSJDK Defaults.USE_ASYNC_IO_WRITE_FOR_TRIBBLE : false
19:07:18.016 INFO  HaplotypeCaller - Deflater: IntelDeflater
19:07:18.016 INFO  HaplotypeCaller - Inflater: IntelInflater
19:07:18.016 INFO  HaplotypeCaller - GCS max retries/reopens: 20
19:07:18.016 INFO  HaplotypeCaller - Requester pays: disabled
19:07:18.016 INFO  HaplotypeCaller - Initializing engine
WARNING: BAM index file /home-local/lebedev/git_rep/mipt_school/workflow/results/recal/A-1.bai is older than BAM /home-local/lebedev/git_rep/mipt_school/workflow/results/recal/A-1.bam
19:07:19.903 INFO  FeatureManager - Using codec VCFCodec to read file file:///home-local/lebedev/git_rep/mipt_school/workflow/resources/variation.noiupac.vcf.gz
19:07:20.082 INFO  IntervalArgumentCollection - Processing 562643 bp from intervals
19:07:20.115 INFO  HaplotypeCaller - Done initializing engine
19:07:20.131 INFO  HaplotypeCallerEngine - Tool is in reference confidence mode and the annotation, the following changes will be made to any specified annotations: 'StrandBiasBySample' will be enabled. 'ChromosomeCounts', 'FisherStrand', 'StrandOddsRatio' and 'QualByDepth' annotations have been disabled
19:07:20.166 INFO  HaplotypeCallerEngine - Standard Emitting and Calling confidence set to 0.0 for reference-model confidence output
19:07:20.166 INFO  HaplotypeCallerEngine - All sites annotated with PLs forced to true for reference-model confidence output
19:07:20.250 INFO  NativeLibraryLoader - Loading libgkl_utils.so from jar:file:/home-local/conda_envs/dcfdb462d457174b178adfac97b3d10b/share/gatk4-4.1.4.1-1/gatk-package-4.1.4.1-local.jar!/com/intel/gkl/native/libgkl_utils.so
19:07:20.252 INFO  NativeLibraryLoader - Loading libgkl_pairhmm_omp.so from jar:file:/home-local/conda_envs/dcfdb462d457174b178adfac97b3d10b/share/gatk4-4.1.4.1-1/gatk-package-4.1.4.1-local.jar!/com/intel/gkl/native/libgkl_pairhmm_omp.so
19:07:20.370 INFO  IntelPairHmm - Flush-to-zero (FTZ) is enabled when running PairHMM
19:07:20.370 INFO  IntelPairHmm - Available threads: 1
19:07:20.371 INFO  IntelPairHmm - Requested threads: 4
19:07:20.371 WARN  IntelPairHmm - Using 1 available threads, but 4 were requested
19:07:20.371 INFO  PairHMM - Using the OpenMP multi-threaded AVX-accelerated native PairHMM implementation
19:07:21.381 INFO  ProgressMeter - Starting traversal
19:07:21.382 INFO  ProgressMeter -        Current Locus  Elapsed Minutes     Regions Processed   Regions/Minute
19:07:27.926 WARN  InbreedingCoeff - InbreedingCoeff will not be calculated; at least 10 samples must have called genotypes
19:07:31.428 INFO  ProgressMeter -          VIII:134955              0.2                   500           2986.3
19:07:39.926 INFO  HaplotypeCaller - 335 read(s) filtered by: ((((((((MappingQualityReadFilter AND MappingQualityAvailableReadFilter) AND MappedReadFilter) AND NotSecondaryAlignmentReadFilter) AND NotDuplicateReadFilter) AND PassesVendorQualityCheckReadFilter) AND NonZeroReferenceLengthAlignmentReadFilter) AND GoodCigarReadFilter) AND WellformedReadFilter)
  335 read(s) filtered by: (((((((MappingQualityReadFilter AND MappingQualityAvailableReadFilter) AND MappedReadFilter) AND NotSecondaryAlignmentReadFilter) AND NotDuplicateReadFilter) AND PassesVendorQualityCheckReadFilter) AND NonZeroReferenceLengthAlignmentReadFilter) AND GoodCigarReadFilter)
      335 read(s) filtered by: ((((((MappingQualityReadFilter AND MappingQualityAvailableReadFilter) AND MappedReadFilter) AND NotSecondaryAlignmentReadFilter) AND NotDuplicateReadFilter) AND PassesVendorQualityCheckReadFilter) AND NonZeroReferenceLengthAlignmentReadFilter)
          335 read(s) filtered by: (((((MappingQualityReadFilter AND MappingQualityAvailableReadFilter) AND MappedReadFilter) AND NotSecondaryAlignmentReadFilter) AND NotDuplicateReadFilter) AND PassesVendorQualityCheckReadFilter)
              335 read(s) filtered by: ((((MappingQualityReadFilter AND MappingQualityAvailableReadFilter) AND MappedReadFilter) AND NotSecondaryAlignmentReadFilter) AND NotDuplicateReadFilter)
                  335 read(s) filtered by: (((MappingQualityReadFilter AND MappingQualityAvailableReadFilter) AND MappedReadFilter) AND NotSecondaryAlignmentReadFilter)
                      335 read(s) filtered by: ((MappingQualityReadFilter AND MappingQualityAvailableReadFilter) AND MappedReadFilter)
                          335 read(s) filtered by: (MappingQualityReadFilter AND MappingQualityAvailableReadFilter)
                              335 read(s) filtered by: MappingQualityReadFilter 

19:07:39.926 INFO  ProgressMeter -          VIII:560323              0.3                  2007           6493.7
19:07:39.926 INFO  ProgressMeter - Traversal complete. Processed 2007 total regions in 0.3 minutes.
19:07:39.941 INFO  VectorLoglessPairHMM - Time spent in setup for JNI call : 9.758270000000001E-4
19:07:39.941 INFO  PairHMM - Total compute time in PairHMM computeLogLikelihoods() : 0.001989648
19:07:39.941 INFO  SmithWatermanAligner - Total compute time in java Smith-Waterman : 0.00 sec
19:07:39.942 INFO  HaplotypeCaller - Shutting down engine
[July 13, 2022 7:07:39 PM MSK] org.broadinstitute.hellbender.tools.walkers.haplotypecaller.HaplotypeCaller done. Elapsed time: 0.39 minutes.
Runtime.totalMemory()=483393536
