Using GATK jar /home-local/conda_envs/dcfdb462d457174b178adfac97b3d10b/share/gatk4-4.1.4.1-1/gatk-package-4.1.4.1-local.jar
Running:
    java -Dsamjdk.use_async_io_read_samtools=false -Dsamjdk.use_async_io_write_samtools=true -Dsamjdk.use_async_io_write_tribble=false -Dsamjdk.compression_level=2 -jar /home-local/conda_envs/dcfdb462d457174b178adfac97b3d10b/share/gatk4-4.1.4.1-1/gatk-package-4.1.4.1-local.jar HaplotypeCaller --intervals XII -R resources/genome.fasta -I results/recal/A-1.bam -ERC GVCF -O results/called/A.XII.g.vcf.gz --dbsnp resources/variation.noiupac.vcf.gz
19:06:45.272 INFO  NativeLibraryLoader - Loading libgkl_compression.so from jar:file:/home-local/conda_envs/dcfdb462d457174b178adfac97b3d10b/share/gatk4-4.1.4.1-1/gatk-package-4.1.4.1-local.jar!/com/intel/gkl/native/libgkl_compression.so
Jul 13, 2022 7:06:46 PM shaded.cloud_nio.com.google.auth.oauth2.ComputeEngineCredentials runningOnComputeEngine
INFO: Failed to detect whether we are running on Google Compute Engine.
19:06:46.241 INFO  HaplotypeCaller - ------------------------------------------------------------
19:06:46.242 INFO  HaplotypeCaller - The Genome Analysis Toolkit (GATK) v4.1.4.1
19:06:46.242 INFO  HaplotypeCaller - For support and documentation go to https://software.broadinstitute.org/gatk/
19:06:46.246 INFO  HaplotypeCaller - Executing as user@cbaipipelines3 on Linux v5.15.0-40-generic amd64
19:06:46.253 INFO  HaplotypeCaller - Java runtime: OpenJDK 64-Bit Server VM v1.8.0_332-b09
19:06:46.253 INFO  HaplotypeCaller - Start Date/Time: July 13, 2022 7:06:45 PM MSK
19:06:46.253 INFO  HaplotypeCaller - ------------------------------------------------------------
19:06:46.253 INFO  HaplotypeCaller - ------------------------------------------------------------
19:06:46.253 INFO  HaplotypeCaller - HTSJDK Version: 2.21.0
19:06:46.254 INFO  HaplotypeCaller - Picard Version: 2.21.2
19:06:46.254 INFO  HaplotypeCaller - HTSJDK Defaults.COMPRESSION_LEVEL : 2
19:06:46.254 INFO  HaplotypeCaller - HTSJDK Defaults.USE_ASYNC_IO_READ_FOR_SAMTOOLS : false
19:06:46.254 INFO  HaplotypeCaller - HTSJDK Defaults.USE_ASYNC_IO_WRITE_FOR_SAMTOOLS : true
19:06:46.254 INFO  HaplotypeCaller - HTSJDK Defaults.USE_ASYNC_IO_WRITE_FOR_TRIBBLE : false
19:06:46.254 INFO  HaplotypeCaller - Deflater: IntelDeflater
19:06:46.254 INFO  HaplotypeCaller - Inflater: IntelInflater
19:06:46.254 INFO  HaplotypeCaller - GCS max retries/reopens: 20
19:06:46.254 INFO  HaplotypeCaller - Requester pays: disabled
19:06:46.254 INFO  HaplotypeCaller - Initializing engine
WARNING: BAM index file /home-local/lebedev/git_rep/mipt_school/workflow/results/recal/A-1.bai is older than BAM /home-local/lebedev/git_rep/mipt_school/workflow/results/recal/A-1.bam
19:06:47.557 INFO  FeatureManager - Using codec VCFCodec to read file file:///home-local/lebedev/git_rep/mipt_school/workflow/resources/variation.noiupac.vcf.gz
19:06:47.719 INFO  IntervalArgumentCollection - Processing 1078177 bp from intervals
19:06:47.784 INFO  HaplotypeCaller - Done initializing engine
19:06:47.786 INFO  HaplotypeCallerEngine - Tool is in reference confidence mode and the annotation, the following changes will be made to any specified annotations: 'StrandBiasBySample' will be enabled. 'ChromosomeCounts', 'FisherStrand', 'StrandOddsRatio' and 'QualByDepth' annotations have been disabled
19:06:47.940 INFO  HaplotypeCallerEngine - Standard Emitting and Calling confidence set to 0.0 for reference-model confidence output
19:06:47.940 INFO  HaplotypeCallerEngine - All sites annotated with PLs forced to true for reference-model confidence output
19:06:47.970 INFO  NativeLibraryLoader - Loading libgkl_utils.so from jar:file:/home-local/conda_envs/dcfdb462d457174b178adfac97b3d10b/share/gatk4-4.1.4.1-1/gatk-package-4.1.4.1-local.jar!/com/intel/gkl/native/libgkl_utils.so
19:06:47.972 INFO  NativeLibraryLoader - Loading libgkl_pairhmm_omp.so from jar:file:/home-local/conda_envs/dcfdb462d457174b178adfac97b3d10b/share/gatk4-4.1.4.1-1/gatk-package-4.1.4.1-local.jar!/com/intel/gkl/native/libgkl_pairhmm_omp.so
19:06:48.087 INFO  IntelPairHmm - Flush-to-zero (FTZ) is enabled when running PairHMM
19:06:48.088 INFO  IntelPairHmm - Available threads: 1
19:06:48.088 INFO  IntelPairHmm - Requested threads: 4
19:06:48.088 WARN  IntelPairHmm - Using 1 available threads, but 4 were requested
19:06:48.088 INFO  PairHMM - Using the OpenMP multi-threaded AVX-accelerated native PairHMM implementation
19:06:48.281 INFO  ProgressMeter - Starting traversal
19:06:48.286 INFO  ProgressMeter -        Current Locus  Elapsed Minutes     Regions Processed   Regions/Minute
19:06:54.890 WARN  InbreedingCoeff - InbreedingCoeff will not be calculated; at least 10 samples must have called genotypes
19:06:58.428 INFO  ProgressMeter -           XII:164622              0.2                   590           3491.1
19:07:08.427 INFO  ProgressMeter -           XII:396144              0.3                  1420           4230.2
19:07:18.753 INFO  ProgressMeter -           XII:663109              0.5                  2360           4647.7
19:07:25.631 INFO  HaplotypeCaller - 700 read(s) filtered by: ((((((((MappingQualityReadFilter AND MappingQualityAvailableReadFilter) AND MappedReadFilter) AND NotSecondaryAlignmentReadFilter) AND NotDuplicateReadFilter) AND PassesVendorQualityCheckReadFilter) AND NonZeroReferenceLengthAlignmentReadFilter) AND GoodCigarReadFilter) AND WellformedReadFilter)
  700 read(s) filtered by: (((((((MappingQualityReadFilter AND MappingQualityAvailableReadFilter) AND MappedReadFilter) AND NotSecondaryAlignmentReadFilter) AND NotDuplicateReadFilter) AND PassesVendorQualityCheckReadFilter) AND NonZeroReferenceLengthAlignmentReadFilter) AND GoodCigarReadFilter)
      700 read(s) filtered by: ((((((MappingQualityReadFilter AND MappingQualityAvailableReadFilter) AND MappedReadFilter) AND NotSecondaryAlignmentReadFilter) AND NotDuplicateReadFilter) AND PassesVendorQualityCheckReadFilter) AND NonZeroReferenceLengthAlignmentReadFilter)
          700 read(s) filtered by: (((((MappingQualityReadFilter AND MappingQualityAvailableReadFilter) AND MappedReadFilter) AND NotSecondaryAlignmentReadFilter) AND NotDuplicateReadFilter) AND PassesVendorQualityCheckReadFilter)
              700 read(s) filtered by: ((((MappingQualityReadFilter AND MappingQualityAvailableReadFilter) AND MappedReadFilter) AND NotSecondaryAlignmentReadFilter) AND NotDuplicateReadFilter)
                  698 read(s) filtered by: (((MappingQualityReadFilter AND MappingQualityAvailableReadFilter) AND MappedReadFilter) AND NotSecondaryAlignmentReadFilter)
                      698 read(s) filtered by: ((MappingQualityReadFilter AND MappingQualityAvailableReadFilter) AND MappedReadFilter)
                          698 read(s) filtered by: (MappingQualityReadFilter AND MappingQualityAvailableReadFilter)
                              698 read(s) filtered by: MappingQualityReadFilter 
                  2 read(s) filtered by: NotDuplicateReadFilter 

19:07:25.631 INFO  ProgressMeter -          XII:1076912              0.6                  3844           6175.9
19:07:25.631 INFO  ProgressMeter - Traversal complete. Processed 3844 total regions in 0.6 minutes.
19:07:25.670 INFO  VectorLoglessPairHMM - Time spent in setup for JNI call : 0.0014897460000000001
19:07:25.670 INFO  PairHMM - Total compute time in PairHMM computeLogLikelihoods() : 0.007339814
19:07:25.671 INFO  SmithWatermanAligner - Total compute time in java Smith-Waterman : 0.02 sec
19:07:25.671 INFO  HaplotypeCaller - Shutting down engine
[July 13, 2022 7:07:25 PM MSK] org.broadinstitute.hellbender.tools.walkers.haplotypecaller.HaplotypeCaller done. Elapsed time: 0.67 minutes.
Runtime.totalMemory()=550502400
