Using GATK jar /home-local/conda_envs/dcfdb462d457174b178adfac97b3d10b/share/gatk4-4.1.4.1-1/gatk-package-4.1.4.1-local.jar
Running:
    java -Dsamjdk.use_async_io_read_samtools=false -Dsamjdk.use_async_io_write_samtools=true -Dsamjdk.use_async_io_write_tribble=false -Dsamjdk.compression_level=2 -jar /home-local/conda_envs/dcfdb462d457174b178adfac97b3d10b/share/gatk4-4.1.4.1-1/gatk-package-4.1.4.1-local.jar HaplotypeCaller --intervals XIII -R resources/genome.fasta -I results/recal/A-1.bam -ERC GVCF -O results/called/A.XIII.g.vcf.gz --dbsnp resources/variation.noiupac.vcf.gz
19:06:03.128 INFO  NativeLibraryLoader - Loading libgkl_compression.so from jar:file:/home-local/conda_envs/dcfdb462d457174b178adfac97b3d10b/share/gatk4-4.1.4.1-1/gatk-package-4.1.4.1-local.jar!/com/intel/gkl/native/libgkl_compression.so
Jul 13, 2022 7:06:04 PM shaded.cloud_nio.com.google.auth.oauth2.ComputeEngineCredentials runningOnComputeEngine
INFO: Failed to detect whether we are running on Google Compute Engine.
19:06:05.005 INFO  HaplotypeCaller - ------------------------------------------------------------
19:06:05.005 INFO  HaplotypeCaller - The Genome Analysis Toolkit (GATK) v4.1.4.1
19:06:05.012 INFO  HaplotypeCaller - For support and documentation go to https://software.broadinstitute.org/gatk/
19:06:05.027 INFO  HaplotypeCaller - Executing as user@cbaipipelines3 on Linux v5.15.0-40-generic amd64
19:06:05.029 INFO  HaplotypeCaller - Java runtime: OpenJDK 64-Bit Server VM v1.8.0_332-b09
19:06:05.029 INFO  HaplotypeCaller - Start Date/Time: July 13, 2022 7:06:02 PM MSK
19:06:05.029 INFO  HaplotypeCaller - ------------------------------------------------------------
19:06:05.029 INFO  HaplotypeCaller - ------------------------------------------------------------
19:06:05.030 INFO  HaplotypeCaller - HTSJDK Version: 2.21.0
19:06:05.030 INFO  HaplotypeCaller - Picard Version: 2.21.2
19:06:05.030 INFO  HaplotypeCaller - HTSJDK Defaults.COMPRESSION_LEVEL : 2
19:06:05.030 INFO  HaplotypeCaller - HTSJDK Defaults.USE_ASYNC_IO_READ_FOR_SAMTOOLS : false
19:06:05.030 INFO  HaplotypeCaller - HTSJDK Defaults.USE_ASYNC_IO_WRITE_FOR_SAMTOOLS : true
19:06:05.030 INFO  HaplotypeCaller - HTSJDK Defaults.USE_ASYNC_IO_WRITE_FOR_TRIBBLE : false
19:06:05.030 INFO  HaplotypeCaller - Deflater: IntelDeflater
19:06:05.030 INFO  HaplotypeCaller - Inflater: IntelInflater
19:06:05.030 INFO  HaplotypeCaller - GCS max retries/reopens: 20
19:06:05.030 INFO  HaplotypeCaller - Requester pays: disabled
19:06:05.030 INFO  HaplotypeCaller - Initializing engine
WARNING: BAM index file /home-local/lebedev/git_rep/mipt_school/workflow/results/recal/A-1.bai is older than BAM /home-local/lebedev/git_rep/mipt_school/workflow/results/recal/A-1.bam
19:06:07.437 INFO  FeatureManager - Using codec VCFCodec to read file file:///home-local/lebedev/git_rep/mipt_school/workflow/resources/variation.noiupac.vcf.gz
19:06:07.625 INFO  IntervalArgumentCollection - Processing 924431 bp from intervals
19:06:07.672 INFO  HaplotypeCaller - Done initializing engine
19:06:07.674 INFO  HaplotypeCallerEngine - Tool is in reference confidence mode and the annotation, the following changes will be made to any specified annotations: 'StrandBiasBySample' will be enabled. 'ChromosomeCounts', 'FisherStrand', 'StrandOddsRatio' and 'QualByDepth' annotations have been disabled
19:06:07.769 INFO  HaplotypeCallerEngine - Standard Emitting and Calling confidence set to 0.0 for reference-model confidence output
19:06:07.769 INFO  HaplotypeCallerEngine - All sites annotated with PLs forced to true for reference-model confidence output
19:06:07.858 INFO  NativeLibraryLoader - Loading libgkl_utils.so from jar:file:/home-local/conda_envs/dcfdb462d457174b178adfac97b3d10b/share/gatk4-4.1.4.1-1/gatk-package-4.1.4.1-local.jar!/com/intel/gkl/native/libgkl_utils.so
19:06:07.899 INFO  NativeLibraryLoader - Loading libgkl_pairhmm_omp.so from jar:file:/home-local/conda_envs/dcfdb462d457174b178adfac97b3d10b/share/gatk4-4.1.4.1-1/gatk-package-4.1.4.1-local.jar!/com/intel/gkl/native/libgkl_pairhmm_omp.so
19:06:08.011 INFO  IntelPairHmm - Flush-to-zero (FTZ) is enabled when running PairHMM
19:06:08.013 INFO  IntelPairHmm - Available threads: 1
19:06:08.013 INFO  IntelPairHmm - Requested threads: 4
19:06:08.013 WARN  IntelPairHmm - Using 1 available threads, but 4 were requested
19:06:08.013 INFO  PairHMM - Using the OpenMP multi-threaded AVX-accelerated native PairHMM implementation
19:06:08.254 INFO  ProgressMeter - Starting traversal
19:06:08.254 INFO  ProgressMeter -        Current Locus  Elapsed Minutes     Regions Processed   Regions/Minute
19:06:15.348 WARN  InbreedingCoeff - InbreedingCoeff will not be calculated; at least 10 samples must have called genotypes
19:06:18.358 INFO  ProgressMeter -          XIII:115560              0.2                   430           2553.7
19:06:28.410 INFO  ProgressMeter -          XIII:638373              0.3                  2280           6787.1
19:06:32.484 INFO  HaplotypeCaller - 234 read(s) filtered by: ((((((((MappingQualityReadFilter AND MappingQualityAvailableReadFilter) AND MappedReadFilter) AND NotSecondaryAlignmentReadFilter) AND NotDuplicateReadFilter) AND PassesVendorQualityCheckReadFilter) AND NonZeroReferenceLengthAlignmentReadFilter) AND GoodCigarReadFilter) AND WellformedReadFilter)
  234 read(s) filtered by: (((((((MappingQualityReadFilter AND MappingQualityAvailableReadFilter) AND MappedReadFilter) AND NotSecondaryAlignmentReadFilter) AND NotDuplicateReadFilter) AND PassesVendorQualityCheckReadFilter) AND NonZeroReferenceLengthAlignmentReadFilter) AND GoodCigarReadFilter)
      234 read(s) filtered by: ((((((MappingQualityReadFilter AND MappingQualityAvailableReadFilter) AND MappedReadFilter) AND NotSecondaryAlignmentReadFilter) AND NotDuplicateReadFilter) AND PassesVendorQualityCheckReadFilter) AND NonZeroReferenceLengthAlignmentReadFilter)
          234 read(s) filtered by: (((((MappingQualityReadFilter AND MappingQualityAvailableReadFilter) AND MappedReadFilter) AND NotSecondaryAlignmentReadFilter) AND NotDuplicateReadFilter) AND PassesVendorQualityCheckReadFilter)
              234 read(s) filtered by: ((((MappingQualityReadFilter AND MappingQualityAvailableReadFilter) AND MappedReadFilter) AND NotSecondaryAlignmentReadFilter) AND NotDuplicateReadFilter)
                  234 read(s) filtered by: (((MappingQualityReadFilter AND MappingQualityAvailableReadFilter) AND MappedReadFilter) AND NotSecondaryAlignmentReadFilter)
                      234 read(s) filtered by: ((MappingQualityReadFilter AND MappingQualityAvailableReadFilter) AND MappedReadFilter)
                          234 read(s) filtered by: (MappingQualityReadFilter AND MappingQualityAvailableReadFilter)
                              234 read(s) filtered by: MappingQualityReadFilter 

19:06:32.484 INFO  ProgressMeter -          XIII:923526              0.4                  3304           8181.6
19:06:32.485 INFO  ProgressMeter - Traversal complete. Processed 3304 total regions in 0.4 minutes.
19:06:32.509 INFO  VectorLoglessPairHMM - Time spent in setup for JNI call : 9.20076E-4
19:06:32.509 INFO  PairHMM - Total compute time in PairHMM computeLogLikelihoods() : 0.0037954140000000004
19:06:32.509 INFO  SmithWatermanAligner - Total compute time in java Smith-Waterman : 0.04 sec
19:06:32.509 INFO  HaplotypeCaller - Shutting down engine
[July 13, 2022 7:06:32 PM MSK] org.broadinstitute.hellbender.tools.walkers.haplotypecaller.HaplotypeCaller done. Elapsed time: 0.49 minutes.
Runtime.totalMemory()=739246080
