Using GATK jar /home-local/conda_envs/dcfdb462d457174b178adfac97b3d10b/share/gatk4-4.1.4.1-1/gatk-package-4.1.4.1-local.jar
Running:
    java -Dsamjdk.use_async_io_read_samtools=false -Dsamjdk.use_async_io_write_samtools=true -Dsamjdk.use_async_io_write_tribble=false -Dsamjdk.compression_level=2 -jar /home-local/conda_envs/dcfdb462d457174b178adfac97b3d10b/share/gatk4-4.1.4.1-1/gatk-package-4.1.4.1-local.jar HaplotypeCaller --intervals III -R resources/genome.fasta -I results/recal/B-1.bam -I results/recal/B-2.bam -ERC GVCF -O results/called/B.III.g.vcf.gz --dbsnp resources/variation.noiupac.vcf.gz
19:07:34.998 INFO  NativeLibraryLoader - Loading libgkl_compression.so from jar:file:/home-local/conda_envs/dcfdb462d457174b178adfac97b3d10b/share/gatk4-4.1.4.1-1/gatk-package-4.1.4.1-local.jar!/com/intel/gkl/native/libgkl_compression.so
Jul 13, 2022 7:07:35 PM shaded.cloud_nio.com.google.auth.oauth2.ComputeEngineCredentials runningOnComputeEngine
INFO: Failed to detect whether we are running on Google Compute Engine.
19:07:35.798 INFO  HaplotypeCaller - ------------------------------------------------------------
19:07:35.799 INFO  HaplotypeCaller - The Genome Analysis Toolkit (GATK) v4.1.4.1
19:07:35.809 INFO  HaplotypeCaller - For support and documentation go to https://software.broadinstitute.org/gatk/
19:07:35.814 INFO  HaplotypeCaller - Executing as user@cbaipipelines3 on Linux v5.15.0-40-generic amd64
19:07:35.814 INFO  HaplotypeCaller - Java runtime: OpenJDK 64-Bit Server VM v1.8.0_332-b09
19:07:35.815 INFO  HaplotypeCaller - Start Date/Time: July 13, 2022 7:07:34 PM MSK
19:07:35.815 INFO  HaplotypeCaller - ------------------------------------------------------------
19:07:35.815 INFO  HaplotypeCaller - ------------------------------------------------------------
19:07:35.815 INFO  HaplotypeCaller - HTSJDK Version: 2.21.0
19:07:35.815 INFO  HaplotypeCaller - Picard Version: 2.21.2
19:07:35.815 INFO  HaplotypeCaller - HTSJDK Defaults.COMPRESSION_LEVEL : 2
19:07:35.815 INFO  HaplotypeCaller - HTSJDK Defaults.USE_ASYNC_IO_READ_FOR_SAMTOOLS : false
19:07:35.815 INFO  HaplotypeCaller - HTSJDK Defaults.USE_ASYNC_IO_WRITE_FOR_SAMTOOLS : true
19:07:35.815 INFO  HaplotypeCaller - HTSJDK Defaults.USE_ASYNC_IO_WRITE_FOR_TRIBBLE : false
19:07:35.816 INFO  HaplotypeCaller - Deflater: IntelDeflater
19:07:35.816 INFO  HaplotypeCaller - Inflater: IntelInflater
19:07:35.816 INFO  HaplotypeCaller - GCS max retries/reopens: 20
19:07:35.816 INFO  HaplotypeCaller - Requester pays: disabled
19:07:35.816 INFO  HaplotypeCaller - Initializing engine
WARNING: BAM index file /home-local/lebedev/git_rep/mipt_school/workflow/results/recal/B-1.bai is older than BAM /home-local/lebedev/git_rep/mipt_school/workflow/results/recal/B-1.bam
WARNING: BAM index file /home-local/lebedev/git_rep/mipt_school/workflow/results/recal/B-2.bai is older than BAM /home-local/lebedev/git_rep/mipt_school/workflow/results/recal/B-2.bam
19:07:37.361 INFO  FeatureManager - Using codec VCFCodec to read file file:///home-local/lebedev/git_rep/mipt_school/workflow/resources/variation.noiupac.vcf.gz
19:07:37.512 INFO  IntervalArgumentCollection - Processing 316620 bp from intervals
19:07:37.592 INFO  HaplotypeCaller - Done initializing engine
19:07:37.594 INFO  HaplotypeCallerEngine - Tool is in reference confidence mode and the annotation, the following changes will be made to any specified annotations: 'StrandBiasBySample' will be enabled. 'ChromosomeCounts', 'FisherStrand', 'StrandOddsRatio' and 'QualByDepth' annotations have been disabled
19:07:37.619 INFO  HaplotypeCallerEngine - Standard Emitting and Calling confidence set to 0.0 for reference-model confidence output
19:07:37.619 INFO  HaplotypeCallerEngine - All sites annotated with PLs forced to true for reference-model confidence output
19:07:37.727 INFO  NativeLibraryLoader - Loading libgkl_utils.so from jar:file:/home-local/conda_envs/dcfdb462d457174b178adfac97b3d10b/share/gatk4-4.1.4.1-1/gatk-package-4.1.4.1-local.jar!/com/intel/gkl/native/libgkl_utils.so
19:07:37.729 INFO  NativeLibraryLoader - Loading libgkl_pairhmm_omp.so from jar:file:/home-local/conda_envs/dcfdb462d457174b178adfac97b3d10b/share/gatk4-4.1.4.1-1/gatk-package-4.1.4.1-local.jar!/com/intel/gkl/native/libgkl_pairhmm_omp.so
19:07:37.821 INFO  IntelPairHmm - Flush-to-zero (FTZ) is enabled when running PairHMM
19:07:37.827 INFO  IntelPairHmm - Available threads: 1
19:07:37.827 INFO  IntelPairHmm - Requested threads: 4
19:07:37.827 WARN  IntelPairHmm - Using 1 available threads, but 4 were requested
19:07:37.827 INFO  PairHMM - Using the OpenMP multi-threaded AVX-accelerated native PairHMM implementation
19:07:37.967 INFO  ProgressMeter - Starting traversal
19:07:37.967 INFO  ProgressMeter -        Current Locus  Elapsed Minutes     Regions Processed   Regions/Minute
19:07:40.270 WARN  InbreedingCoeff - InbreedingCoeff will not be calculated; at least 10 samples must have called genotypes
19:07:48.040 INFO  ProgressMeter -            III:60352              0.2                   300           1787.0
19:07:58.076 INFO  ProgressMeter -           III:165971              0.3                   810           2416.8
19:08:07.147 INFO  HaplotypeCaller - 122 read(s) filtered by: ((((((((MappingQualityReadFilter AND MappingQualityAvailableReadFilter) AND MappedReadFilter) AND NotSecondaryAlignmentReadFilter) AND NotDuplicateReadFilter) AND PassesVendorQualityCheckReadFilter) AND NonZeroReferenceLengthAlignmentReadFilter) AND GoodCigarReadFilter) AND WellformedReadFilter)
  122 read(s) filtered by: (((((((MappingQualityReadFilter AND MappingQualityAvailableReadFilter) AND MappedReadFilter) AND NotSecondaryAlignmentReadFilter) AND NotDuplicateReadFilter) AND PassesVendorQualityCheckReadFilter) AND NonZeroReferenceLengthAlignmentReadFilter) AND GoodCigarReadFilter)
      122 read(s) filtered by: ((((((MappingQualityReadFilter AND MappingQualityAvailableReadFilter) AND MappedReadFilter) AND NotSecondaryAlignmentReadFilter) AND NotDuplicateReadFilter) AND PassesVendorQualityCheckReadFilter) AND NonZeroReferenceLengthAlignmentReadFilter)
          122 read(s) filtered by: (((((MappingQualityReadFilter AND MappingQualityAvailableReadFilter) AND MappedReadFilter) AND NotSecondaryAlignmentReadFilter) AND NotDuplicateReadFilter) AND PassesVendorQualityCheckReadFilter)
              122 read(s) filtered by: ((((MappingQualityReadFilter AND MappingQualityAvailableReadFilter) AND MappedReadFilter) AND NotSecondaryAlignmentReadFilter) AND NotDuplicateReadFilter)
                  120 read(s) filtered by: (((MappingQualityReadFilter AND MappingQualityAvailableReadFilter) AND MappedReadFilter) AND NotSecondaryAlignmentReadFilter)
                      120 read(s) filtered by: ((MappingQualityReadFilter AND MappingQualityAvailableReadFilter) AND MappedReadFilter)
                          120 read(s) filtered by: (MappingQualityReadFilter AND MappingQualityAvailableReadFilter)
                              120 read(s) filtered by: MappingQualityReadFilter 
                  2 read(s) filtered by: NotDuplicateReadFilter 

19:08:07.147 INFO  ProgressMeter -           III:314673              0.5                  1539           3164.5
19:08:07.147 INFO  ProgressMeter - Traversal complete. Processed 1539 total regions in 0.5 minutes.
19:08:07.202 INFO  VectorLoglessPairHMM - Time spent in setup for JNI call : 0.07416969300000001
19:08:07.202 INFO  PairHMM - Total compute time in PairHMM computeLogLikelihoods() : 0.32486136800000004
19:08:07.202 INFO  SmithWatermanAligner - Total compute time in java Smith-Waterman : 0.45 sec
19:08:07.203 INFO  HaplotypeCaller - Shutting down engine
[July 13, 2022 7:08:07 PM MSK] org.broadinstitute.hellbender.tools.walkers.haplotypecaller.HaplotypeCaller done. Elapsed time: 0.54 minutes.
Runtime.totalMemory()=737673216
