Using GATK jar /home-local/conda_envs/dcfdb462d457174b178adfac97b3d10b/share/gatk4-4.1.4.1-1/gatk-package-4.1.4.1-local.jar
Running:
    java -Dsamjdk.use_async_io_read_samtools=false -Dsamjdk.use_async_io_write_samtools=true -Dsamjdk.use_async_io_write_tribble=false -Dsamjdk.compression_level=2 -jar /home-local/conda_envs/dcfdb462d457174b178adfac97b3d10b/share/gatk4-4.1.4.1-1/gatk-package-4.1.4.1-local.jar HaplotypeCaller --intervals II -R resources/genome.fasta -I results/recal/B-1.bam -I results/recal/B-2.bam -ERC GVCF -O results/called/B.II.g.vcf.gz --dbsnp resources/variation.noiupac.vcf.gz
19:05:17.949 INFO  NativeLibraryLoader - Loading libgkl_compression.so from jar:file:/home-local/conda_envs/dcfdb462d457174b178adfac97b3d10b/share/gatk4-4.1.4.1-1/gatk-package-4.1.4.1-local.jar!/com/intel/gkl/native/libgkl_compression.so
Jul 13, 2022 7:05:18 PM shaded.cloud_nio.com.google.auth.oauth2.ComputeEngineCredentials runningOnComputeEngine
INFO: Failed to detect whether we are running on Google Compute Engine.
19:05:18.947 INFO  HaplotypeCaller - ------------------------------------------------------------
19:05:18.948 INFO  HaplotypeCaller - The Genome Analysis Toolkit (GATK) v4.1.4.1
19:05:18.951 INFO  HaplotypeCaller - For support and documentation go to https://software.broadinstitute.org/gatk/
19:05:18.963 INFO  HaplotypeCaller - Executing as user@cbaipipelines3 on Linux v5.15.0-40-generic amd64
19:05:18.963 INFO  HaplotypeCaller - Java runtime: OpenJDK 64-Bit Server VM v1.8.0_332-b09
19:05:18.964 INFO  HaplotypeCaller - Start Date/Time: July 13, 2022 7:05:17 PM MSK
19:05:18.964 INFO  HaplotypeCaller - ------------------------------------------------------------
19:05:18.964 INFO  HaplotypeCaller - ------------------------------------------------------------
19:05:18.964 INFO  HaplotypeCaller - HTSJDK Version: 2.21.0
19:05:18.964 INFO  HaplotypeCaller - Picard Version: 2.21.2
19:05:18.964 INFO  HaplotypeCaller - HTSJDK Defaults.COMPRESSION_LEVEL : 2
19:05:18.964 INFO  HaplotypeCaller - HTSJDK Defaults.USE_ASYNC_IO_READ_FOR_SAMTOOLS : false
19:05:18.972 INFO  HaplotypeCaller - HTSJDK Defaults.USE_ASYNC_IO_WRITE_FOR_SAMTOOLS : true
19:05:18.973 INFO  HaplotypeCaller - HTSJDK Defaults.USE_ASYNC_IO_WRITE_FOR_TRIBBLE : false
19:05:18.973 INFO  HaplotypeCaller - Deflater: IntelDeflater
19:05:18.973 INFO  HaplotypeCaller - Inflater: IntelInflater
19:05:18.973 INFO  HaplotypeCaller - GCS max retries/reopens: 20
19:05:18.973 INFO  HaplotypeCaller - Requester pays: disabled
19:05:18.973 INFO  HaplotypeCaller - Initializing engine
WARNING: BAM index file /home-local/lebedev/git_rep/mipt_school/workflow/results/recal/B-1.bai is older than BAM /home-local/lebedev/git_rep/mipt_school/workflow/results/recal/B-1.bam
WARNING: BAM index file /home-local/lebedev/git_rep/mipt_school/workflow/results/recal/B-2.bai is older than BAM /home-local/lebedev/git_rep/mipt_school/workflow/results/recal/B-2.bam
19:05:20.414 INFO  FeatureManager - Using codec VCFCodec to read file file:///home-local/lebedev/git_rep/mipt_school/workflow/resources/variation.noiupac.vcf.gz
19:05:20.480 INFO  IntervalArgumentCollection - Processing 813184 bp from intervals
19:05:20.507 INFO  HaplotypeCaller - Done initializing engine
19:05:20.565 INFO  HaplotypeCallerEngine - Tool is in reference confidence mode and the annotation, the following changes will be made to any specified annotations: 'StrandBiasBySample' will be enabled. 'ChromosomeCounts', 'FisherStrand', 'StrandOddsRatio' and 'QualByDepth' annotations have been disabled
19:05:20.597 INFO  HaplotypeCallerEngine - Standard Emitting and Calling confidence set to 0.0 for reference-model confidence output
19:05:20.597 INFO  HaplotypeCallerEngine - All sites annotated with PLs forced to true for reference-model confidence output
19:05:20.625 INFO  NativeLibraryLoader - Loading libgkl_utils.so from jar:file:/home-local/conda_envs/dcfdb462d457174b178adfac97b3d10b/share/gatk4-4.1.4.1-1/gatk-package-4.1.4.1-local.jar!/com/intel/gkl/native/libgkl_utils.so
19:05:20.626 INFO  NativeLibraryLoader - Loading libgkl_pairhmm_omp.so from jar:file:/home-local/conda_envs/dcfdb462d457174b178adfac97b3d10b/share/gatk4-4.1.4.1-1/gatk-package-4.1.4.1-local.jar!/com/intel/gkl/native/libgkl_pairhmm_omp.so
19:05:20.670 INFO  IntelPairHmm - Flush-to-zero (FTZ) is enabled when running PairHMM
19:05:20.672 INFO  IntelPairHmm - Available threads: 1
19:05:20.672 INFO  IntelPairHmm - Requested threads: 4
19:05:20.672 WARN  IntelPairHmm - Using 1 available threads, but 4 were requested
19:05:20.672 INFO  PairHMM - Using the OpenMP multi-threaded AVX-accelerated native PairHMM implementation
19:05:20.765 INFO  ProgressMeter - Starting traversal
19:05:20.765 INFO  ProgressMeter -        Current Locus  Elapsed Minutes     Regions Processed   Regions/Minute
19:05:22.830 WARN  InbreedingCoeff - InbreedingCoeff will not be calculated; at least 10 samples must have called genotypes
19:05:31.248 INFO  ProgressMeter -             II:56878              0.2                   270           1545.4
19:05:41.298 INFO  ProgressMeter -            II:136437              0.3                   660           1928.6
19:05:47.702 WARN  DepthPerSampleHC - Annotation will not be calculated, genotype is not called or alleleLikelihoodMap is null
19:05:47.724 WARN  StrandBiasBySample - Annotation will not be calculated, genotype is not called or alleleLikelihoodMap is null
19:05:51.348 INFO  ProgressMeter -            II:304433              0.5                  1450           2844.7
19:06:01.567 INFO  ProgressMeter -            II:457976              0.7                  2220           3264.5
19:06:09.945 WARN  StrandBiasBySample - Annotation will not be calculated, genotype is not called or alleleLikelihoodMap is null
19:06:11.600 INFO  ProgressMeter -            II:602008              0.8                  2890           3411.0
19:06:15.167 WARN  StrandBiasBySample - Annotation will not be calculated, genotype is not called or alleleLikelihoodMap is null
19:06:21.037 INFO  HaplotypeCaller - 302 read(s) filtered by: ((((((((MappingQualityReadFilter AND MappingQualityAvailableReadFilter) AND MappedReadFilter) AND NotSecondaryAlignmentReadFilter) AND NotDuplicateReadFilter) AND PassesVendorQualityCheckReadFilter) AND NonZeroReferenceLengthAlignmentReadFilter) AND GoodCigarReadFilter) AND WellformedReadFilter)
  302 read(s) filtered by: (((((((MappingQualityReadFilter AND MappingQualityAvailableReadFilter) AND MappedReadFilter) AND NotSecondaryAlignmentReadFilter) AND NotDuplicateReadFilter) AND PassesVendorQualityCheckReadFilter) AND NonZeroReferenceLengthAlignmentReadFilter) AND GoodCigarReadFilter)
      302 read(s) filtered by: ((((((MappingQualityReadFilter AND MappingQualityAvailableReadFilter) AND MappedReadFilter) AND NotSecondaryAlignmentReadFilter) AND NotDuplicateReadFilter) AND PassesVendorQualityCheckReadFilter) AND NonZeroReferenceLengthAlignmentReadFilter)
          302 read(s) filtered by: (((((MappingQualityReadFilter AND MappingQualityAvailableReadFilter) AND MappedReadFilter) AND NotSecondaryAlignmentReadFilter) AND NotDuplicateReadFilter) AND PassesVendorQualityCheckReadFilter)
              302 read(s) filtered by: ((((MappingQualityReadFilter AND MappingQualityAvailableReadFilter) AND MappedReadFilter) AND NotSecondaryAlignmentReadFilter) AND NotDuplicateReadFilter)
                  301 read(s) filtered by: (((MappingQualityReadFilter AND MappingQualityAvailableReadFilter) AND MappedReadFilter) AND NotSecondaryAlignmentReadFilter)
                      301 read(s) filtered by: ((MappingQualityReadFilter AND MappingQualityAvailableReadFilter) AND MappedReadFilter)
                          301 read(s) filtered by: (MappingQualityReadFilter AND MappingQualityAvailableReadFilter)
                              301 read(s) filtered by: MappingQualityReadFilter 
                  1 read(s) filtered by: NotDuplicateReadFilter 

19:06:21.037 INFO  ProgressMeter -            II:812250              1.0                  3923           3905.3
19:06:21.037 INFO  ProgressMeter - Traversal complete. Processed 3923 total regions in 1.0 minutes.
19:06:21.045 INFO  VectorLoglessPairHMM - Time spent in setup for JNI call : 0.061253481000000005
19:06:21.045 INFO  PairHMM - Total compute time in PairHMM computeLogLikelihoods() : 0.6966335610000001
19:06:21.045 INFO  SmithWatermanAligner - Total compute time in java Smith-Waterman : 1.89 sec
19:06:21.046 INFO  HaplotypeCaller - Shutting down engine
[July 13, 2022 7:06:21 PM MSK] org.broadinstitute.hellbender.tools.walkers.haplotypecaller.HaplotypeCaller done. Elapsed time: 1.05 minutes.
Runtime.totalMemory()=630718464
