Using GATK jar /home-local/conda_envs/dcfdb462d457174b178adfac97b3d10b/share/gatk4-4.1.4.1-1/gatk-package-4.1.4.1-local.jar
Running:
    java -Dsamjdk.use_async_io_read_samtools=false -Dsamjdk.use_async_io_write_samtools=true -Dsamjdk.use_async_io_write_tribble=false -Dsamjdk.compression_level=2 -jar /home-local/conda_envs/dcfdb462d457174b178adfac97b3d10b/share/gatk4-4.1.4.1-1/gatk-package-4.1.4.1-local.jar HaplotypeCaller --intervals IV -R resources/genome.fasta -I results/recal/B-1.bam -I results/recal/B-2.bam -ERC GVCF -O results/called/B.IV.g.vcf.gz --dbsnp resources/variation.noiupac.vcf.gz
19:07:33.959 INFO  NativeLibraryLoader - Loading libgkl_compression.so from jar:file:/home-local/conda_envs/dcfdb462d457174b178adfac97b3d10b/share/gatk4-4.1.4.1-1/gatk-package-4.1.4.1-local.jar!/com/intel/gkl/native/libgkl_compression.so
Jul 13, 2022 7:07:34 PM shaded.cloud_nio.com.google.auth.oauth2.ComputeEngineCredentials runningOnComputeEngine
INFO: Failed to detect whether we are running on Google Compute Engine.
19:07:34.776 INFO  HaplotypeCaller - ------------------------------------------------------------
19:07:34.800 INFO  HaplotypeCaller - The Genome Analysis Toolkit (GATK) v4.1.4.1
19:07:34.801 INFO  HaplotypeCaller - For support and documentation go to https://software.broadinstitute.org/gatk/
19:07:34.813 INFO  HaplotypeCaller - Executing as user@cbaipipelines3 on Linux v5.15.0-40-generic amd64
19:07:34.813 INFO  HaplotypeCaller - Java runtime: OpenJDK 64-Bit Server VM v1.8.0_332-b09
19:07:34.813 INFO  HaplotypeCaller - Start Date/Time: July 13, 2022 7:07:33 PM MSK
19:07:34.813 INFO  HaplotypeCaller - ------------------------------------------------------------
19:07:34.813 INFO  HaplotypeCaller - ------------------------------------------------------------
19:07:34.814 INFO  HaplotypeCaller - HTSJDK Version: 2.21.0
19:07:34.814 INFO  HaplotypeCaller - Picard Version: 2.21.2
19:07:34.814 INFO  HaplotypeCaller - HTSJDK Defaults.COMPRESSION_LEVEL : 2
19:07:34.814 INFO  HaplotypeCaller - HTSJDK Defaults.USE_ASYNC_IO_READ_FOR_SAMTOOLS : false
19:07:34.816 INFO  HaplotypeCaller - HTSJDK Defaults.USE_ASYNC_IO_WRITE_FOR_SAMTOOLS : true
19:07:34.816 INFO  HaplotypeCaller - HTSJDK Defaults.USE_ASYNC_IO_WRITE_FOR_TRIBBLE : false
19:07:34.816 INFO  HaplotypeCaller - Deflater: IntelDeflater
19:07:34.816 INFO  HaplotypeCaller - Inflater: IntelInflater
19:07:34.816 INFO  HaplotypeCaller - GCS max retries/reopens: 20
19:07:34.816 INFO  HaplotypeCaller - Requester pays: disabled
19:07:34.816 INFO  HaplotypeCaller - Initializing engine
WARNING: BAM index file /home-local/lebedev/git_rep/mipt_school/workflow/results/recal/B-1.bai is older than BAM /home-local/lebedev/git_rep/mipt_school/workflow/results/recal/B-1.bam
WARNING: BAM index file /home-local/lebedev/git_rep/mipt_school/workflow/results/recal/B-2.bai is older than BAM /home-local/lebedev/git_rep/mipt_school/workflow/results/recal/B-2.bam
19:07:36.394 INFO  FeatureManager - Using codec VCFCodec to read file file:///home-local/lebedev/git_rep/mipt_school/workflow/resources/variation.noiupac.vcf.gz
19:07:36.488 INFO  IntervalArgumentCollection - Processing 1531933 bp from intervals
19:07:36.526 INFO  HaplotypeCaller - Done initializing engine
19:07:36.528 INFO  HaplotypeCallerEngine - Tool is in reference confidence mode and the annotation, the following changes will be made to any specified annotations: 'StrandBiasBySample' will be enabled. 'ChromosomeCounts', 'FisherStrand', 'StrandOddsRatio' and 'QualByDepth' annotations have been disabled
19:07:36.543 INFO  HaplotypeCallerEngine - Standard Emitting and Calling confidence set to 0.0 for reference-model confidence output
19:07:36.543 INFO  HaplotypeCallerEngine - All sites annotated with PLs forced to true for reference-model confidence output
19:07:36.580 INFO  NativeLibraryLoader - Loading libgkl_utils.so from jar:file:/home-local/conda_envs/dcfdb462d457174b178adfac97b3d10b/share/gatk4-4.1.4.1-1/gatk-package-4.1.4.1-local.jar!/com/intel/gkl/native/libgkl_utils.so
19:07:36.583 INFO  NativeLibraryLoader - Loading libgkl_pairhmm_omp.so from jar:file:/home-local/conda_envs/dcfdb462d457174b178adfac97b3d10b/share/gatk4-4.1.4.1-1/gatk-package-4.1.4.1-local.jar!/com/intel/gkl/native/libgkl_pairhmm_omp.so
19:07:36.641 INFO  IntelPairHmm - Flush-to-zero (FTZ) is enabled when running PairHMM
19:07:36.657 INFO  IntelPairHmm - Available threads: 1
19:07:36.657 INFO  IntelPairHmm - Requested threads: 4
19:07:36.658 WARN  IntelPairHmm - Using 1 available threads, but 4 were requested
19:07:36.658 INFO  PairHMM - Using the OpenMP multi-threaded AVX-accelerated native PairHMM implementation
19:07:36.760 INFO  ProgressMeter - Starting traversal
19:07:36.761 INFO  ProgressMeter -        Current Locus  Elapsed Minutes     Regions Processed   Regions/Minute
19:07:39.214 WARN  InbreedingCoeff - InbreedingCoeff will not be calculated; at least 10 samples must have called genotypes
19:07:46.976 INFO  ProgressMeter -             IV:81917              0.2                   380           2232.2
19:07:57.068 INFO  ProgressMeter -            IV:207433              0.3                   990           2925.2
19:08:07.339 INFO  ProgressMeter -            IV:374421              0.5                  1780           3492.7
19:08:17.442 INFO  ProgressMeter -            IV:555763              0.7                  2620           3864.2
19:08:27.586 INFO  ProgressMeter -            IV:802150              0.8                  3820           4509.6
19:08:35.651 WARN  DepthPerSampleHC - Annotation will not be calculated, genotype is not called or alleleLikelihoodMap is null
19:08:35.651 WARN  StrandBiasBySample - Annotation will not be calculated, genotype is not called or alleleLikelihoodMap is null
19:08:37.592 INFO  ProgressMeter -           IV:1102609              1.0                  5210           5138.8
19:08:47.618 INFO  ProgressMeter -           IV:1352871              1.2                  6410           5427.8
19:08:50.584 WARN  StrandBiasBySample - Annotation will not be calculated, genotype is not called or alleleLikelihoodMap is null
19:08:54.246 INFO  HaplotypeCaller - 995 read(s) filtered by: ((((((((MappingQualityReadFilter AND MappingQualityAvailableReadFilter) AND MappedReadFilter) AND NotSecondaryAlignmentReadFilter) AND NotDuplicateReadFilter) AND PassesVendorQualityCheckReadFilter) AND NonZeroReferenceLengthAlignmentReadFilter) AND GoodCigarReadFilter) AND WellformedReadFilter)
  995 read(s) filtered by: (((((((MappingQualityReadFilter AND MappingQualityAvailableReadFilter) AND MappedReadFilter) AND NotSecondaryAlignmentReadFilter) AND NotDuplicateReadFilter) AND PassesVendorQualityCheckReadFilter) AND NonZeroReferenceLengthAlignmentReadFilter) AND GoodCigarReadFilter)
      995 read(s) filtered by: ((((((MappingQualityReadFilter AND MappingQualityAvailableReadFilter) AND MappedReadFilter) AND NotSecondaryAlignmentReadFilter) AND NotDuplicateReadFilter) AND PassesVendorQualityCheckReadFilter) AND NonZeroReferenceLengthAlignmentReadFilter)
          995 read(s) filtered by: (((((MappingQualityReadFilter AND MappingQualityAvailableReadFilter) AND MappedReadFilter) AND NotSecondaryAlignmentReadFilter) AND NotDuplicateReadFilter) AND PassesVendorQualityCheckReadFilter)
              995 read(s) filtered by: ((((MappingQualityReadFilter AND MappingQualityAvailableReadFilter) AND MappedReadFilter) AND NotSecondaryAlignmentReadFilter) AND NotDuplicateReadFilter)
                  991 read(s) filtered by: (((MappingQualityReadFilter AND MappingQualityAvailableReadFilter) AND MappedReadFilter) AND NotSecondaryAlignmentReadFilter)
                      991 read(s) filtered by: ((MappingQualityReadFilter AND MappingQualityAvailableReadFilter) AND MappedReadFilter)
                          991 read(s) filtered by: (MappingQualityReadFilter AND MappingQualityAvailableReadFilter)
                              991 read(s) filtered by: MappingQualityReadFilter 
                  4 read(s) filtered by: NotDuplicateReadFilter 

19:08:54.246 INFO  ProgressMeter -           IV:1531125              1.3                  7292           5646.5
19:08:54.246 INFO  ProgressMeter - Traversal complete. Processed 7292 total regions in 1.3 minutes.
19:08:54.269 INFO  VectorLoglessPairHMM - Time spent in setup for JNI call : 0.040754173000000005
19:08:54.269 INFO  PairHMM - Total compute time in PairHMM computeLogLikelihoods() : 1.045461017
19:08:54.269 INFO  SmithWatermanAligner - Total compute time in java Smith-Waterman : 2.48 sec
19:08:54.269 INFO  HaplotypeCaller - Shutting down engine
[July 13, 2022 7:08:54 PM MSK] org.broadinstitute.hellbender.tools.walkers.haplotypecaller.HaplotypeCaller done. Elapsed time: 1.34 minutes.
Runtime.totalMemory()=760217600
