Using GATK jar /home-local/conda_envs/dcfdb462d457174b178adfac97b3d10b/share/gatk4-4.1.4.1-1/gatk-package-4.1.4.1-local.jar
Running:
    java -Dsamjdk.use_async_io_read_samtools=false -Dsamjdk.use_async_io_write_samtools=true -Dsamjdk.use_async_io_write_tribble=false -Dsamjdk.compression_level=2 -jar /home-local/conda_envs/dcfdb462d457174b178adfac97b3d10b/share/gatk4-4.1.4.1-1/gatk-package-4.1.4.1-local.jar HaplotypeCaller --intervals IX -R resources/genome.fasta -I results/recal/B-1.bam -I results/recal/B-2.bam -ERC GVCF -O results/called/B.IX.g.vcf.gz --dbsnp resources/variation.noiupac.vcf.gz
19:05:21.377 INFO  NativeLibraryLoader - Loading libgkl_compression.so from jar:file:/home-local/conda_envs/dcfdb462d457174b178adfac97b3d10b/share/gatk4-4.1.4.1-1/gatk-package-4.1.4.1-local.jar!/com/intel/gkl/native/libgkl_compression.so
Jul 13, 2022 7:05:22 PM shaded.cloud_nio.com.google.auth.oauth2.ComputeEngineCredentials runningOnComputeEngine
INFO: Failed to detect whether we are running on Google Compute Engine.
19:05:22.048 INFO  HaplotypeCaller - ------------------------------------------------------------
19:05:22.048 INFO  HaplotypeCaller - The Genome Analysis Toolkit (GATK) v4.1.4.1
19:05:22.048 INFO  HaplotypeCaller - For support and documentation go to https://software.broadinstitute.org/gatk/
19:05:24.530 INFO  HaplotypeCaller - Executing as user@cbaipipelines3 on Linux v5.15.0-40-generic amd64
19:05:24.530 INFO  HaplotypeCaller - Java runtime: OpenJDK 64-Bit Server VM v1.8.0_332-b09
19:05:24.531 INFO  HaplotypeCaller - Start Date/Time: July 13, 2022 7:05:21 PM MSK
19:05:24.531 INFO  HaplotypeCaller - ------------------------------------------------------------
19:05:24.531 INFO  HaplotypeCaller - ------------------------------------------------------------
19:05:24.531 INFO  HaplotypeCaller - HTSJDK Version: 2.21.0
19:05:24.531 INFO  HaplotypeCaller - Picard Version: 2.21.2
19:05:24.531 INFO  HaplotypeCaller - HTSJDK Defaults.COMPRESSION_LEVEL : 2
19:05:24.531 INFO  HaplotypeCaller - HTSJDK Defaults.USE_ASYNC_IO_READ_FOR_SAMTOOLS : false
19:05:24.531 INFO  HaplotypeCaller - HTSJDK Defaults.USE_ASYNC_IO_WRITE_FOR_SAMTOOLS : true
19:05:24.531 INFO  HaplotypeCaller - HTSJDK Defaults.USE_ASYNC_IO_WRITE_FOR_TRIBBLE : false
19:05:24.531 INFO  HaplotypeCaller - Deflater: IntelDeflater
19:05:24.532 INFO  HaplotypeCaller - Inflater: IntelInflater
19:05:24.532 INFO  HaplotypeCaller - GCS max retries/reopens: 20
19:05:24.532 INFO  HaplotypeCaller - Requester pays: disabled
19:05:24.532 INFO  HaplotypeCaller - Initializing engine
WARNING: BAM index file /home-local/lebedev/git_rep/mipt_school/workflow/results/recal/B-1.bai is older than BAM /home-local/lebedev/git_rep/mipt_school/workflow/results/recal/B-1.bam
WARNING: BAM index file /home-local/lebedev/git_rep/mipt_school/workflow/results/recal/B-2.bai is older than BAM /home-local/lebedev/git_rep/mipt_school/workflow/results/recal/B-2.bam
19:05:26.663 INFO  FeatureManager - Using codec VCFCodec to read file file:///home-local/lebedev/git_rep/mipt_school/workflow/resources/variation.noiupac.vcf.gz
19:05:26.789 INFO  IntervalArgumentCollection - Processing 439888 bp from intervals
19:05:26.905 INFO  HaplotypeCaller - Done initializing engine
19:05:26.907 INFO  HaplotypeCallerEngine - Tool is in reference confidence mode and the annotation, the following changes will be made to any specified annotations: 'StrandBiasBySample' will be enabled. 'ChromosomeCounts', 'FisherStrand', 'StrandOddsRatio' and 'QualByDepth' annotations have been disabled
19:05:26.915 INFO  HaplotypeCallerEngine - Standard Emitting and Calling confidence set to 0.0 for reference-model confidence output
19:05:26.915 INFO  HaplotypeCallerEngine - All sites annotated with PLs forced to true for reference-model confidence output
19:05:26.986 INFO  NativeLibraryLoader - Loading libgkl_utils.so from jar:file:/home-local/conda_envs/dcfdb462d457174b178adfac97b3d10b/share/gatk4-4.1.4.1-1/gatk-package-4.1.4.1-local.jar!/com/intel/gkl/native/libgkl_utils.so
19:05:26.988 INFO  NativeLibraryLoader - Loading libgkl_pairhmm_omp.so from jar:file:/home-local/conda_envs/dcfdb462d457174b178adfac97b3d10b/share/gatk4-4.1.4.1-1/gatk-package-4.1.4.1-local.jar!/com/intel/gkl/native/libgkl_pairhmm_omp.so
19:05:27.081 INFO  IntelPairHmm - Flush-to-zero (FTZ) is enabled when running PairHMM
19:05:27.090 INFO  IntelPairHmm - Available threads: 1
19:05:27.091 INFO  IntelPairHmm - Requested threads: 4
19:05:27.091 WARN  IntelPairHmm - Using 1 available threads, but 4 were requested
19:05:27.091 INFO  PairHMM - Using the OpenMP multi-threaded AVX-accelerated native PairHMM implementation
19:05:27.275 INFO  ProgressMeter - Starting traversal
19:05:27.275 INFO  ProgressMeter -        Current Locus  Elapsed Minutes     Regions Processed   Regions/Minute
19:05:31.066 WARN  InbreedingCoeff - InbreedingCoeff will not be calculated; at least 10 samples must have called genotypes
19:05:37.319 INFO  ProgressMeter -             IX:50968              0.2                   220           1314.2
19:05:42.160 WARN  DepthPerSampleHC - Annotation will not be calculated, genotype is not called or alleleLikelihoodMap is null
19:05:42.160 WARN  StrandBiasBySample - Annotation will not be calculated, genotype is not called or alleleLikelihoodMap is null
19:05:47.593 INFO  ProgressMeter -            IX:148054              0.3                   700           2067.1
19:05:57.864 INFO  ProgressMeter -            IX:267714              0.5                  1310           2569.6
19:06:08.032 INFO  ProgressMeter -            IX:404229              0.7                  1970           2900.1
19:06:10.652 INFO  HaplotypeCaller - 307 read(s) filtered by: ((((((((MappingQualityReadFilter AND MappingQualityAvailableReadFilter) AND MappedReadFilter) AND NotSecondaryAlignmentReadFilter) AND NotDuplicateReadFilter) AND PassesVendorQualityCheckReadFilter) AND NonZeroReferenceLengthAlignmentReadFilter) AND GoodCigarReadFilter) AND WellformedReadFilter)
  307 read(s) filtered by: (((((((MappingQualityReadFilter AND MappingQualityAvailableReadFilter) AND MappedReadFilter) AND NotSecondaryAlignmentReadFilter) AND NotDuplicateReadFilter) AND PassesVendorQualityCheckReadFilter) AND NonZeroReferenceLengthAlignmentReadFilter) AND GoodCigarReadFilter)
      307 read(s) filtered by: ((((((MappingQualityReadFilter AND MappingQualityAvailableReadFilter) AND MappedReadFilter) AND NotSecondaryAlignmentReadFilter) AND NotDuplicateReadFilter) AND PassesVendorQualityCheckReadFilter) AND NonZeroReferenceLengthAlignmentReadFilter)
          307 read(s) filtered by: (((((MappingQualityReadFilter AND MappingQualityAvailableReadFilter) AND MappedReadFilter) AND NotSecondaryAlignmentReadFilter) AND NotDuplicateReadFilter) AND PassesVendorQualityCheckReadFilter)
              307 read(s) filtered by: ((((MappingQualityReadFilter AND MappingQualityAvailableReadFilter) AND MappedReadFilter) AND NotSecondaryAlignmentReadFilter) AND NotDuplicateReadFilter)
                  306 read(s) filtered by: (((MappingQualityReadFilter AND MappingQualityAvailableReadFilter) AND MappedReadFilter) AND NotSecondaryAlignmentReadFilter)
                      306 read(s) filtered by: ((MappingQualityReadFilter AND MappingQualityAvailableReadFilter) AND MappedReadFilter)
                          306 read(s) filtered by: (MappingQualityReadFilter AND MappingQualityAvailableReadFilter)
                              306 read(s) filtered by: MappingQualityReadFilter 
                  1 read(s) filtered by: NotDuplicateReadFilter 

19:06:10.654 INFO  ProgressMeter -            IX:439884              0.7                  2150           2973.9
19:06:10.654 INFO  ProgressMeter - Traversal complete. Processed 2150 total regions in 0.7 minutes.
19:06:10.681 INFO  VectorLoglessPairHMM - Time spent in setup for JNI call : 0.015368875
19:06:10.681 INFO  PairHMM - Total compute time in PairHMM computeLogLikelihoods() : 0.948270436
19:06:10.681 INFO  SmithWatermanAligner - Total compute time in java Smith-Waterman : 1.70 sec
19:06:10.681 INFO  HaplotypeCaller - Shutting down engine
[July 13, 2022 7:06:10 PM MSK] org.broadinstitute.hellbender.tools.walkers.haplotypecaller.HaplotypeCaller done. Elapsed time: 0.82 minutes.
Runtime.totalMemory()=638582784
