Using GATK jar /home-local/conda_envs/dcfdb462d457174b178adfac97b3d10b/share/gatk4-4.1.4.1-1/gatk-package-4.1.4.1-local.jar
Running:
    java -Dsamjdk.use_async_io_read_samtools=false -Dsamjdk.use_async_io_write_samtools=true -Dsamjdk.use_async_io_write_tribble=false -Dsamjdk.compression_level=2 -jar /home-local/conda_envs/dcfdb462d457174b178adfac97b3d10b/share/gatk4-4.1.4.1-1/gatk-package-4.1.4.1-local.jar HaplotypeCaller --intervals V -R resources/genome.fasta -I results/recal/B-1.bam -I results/recal/B-2.bam -ERC GVCF -O results/called/B.V.g.vcf.gz --dbsnp resources/variation.noiupac.vcf.gz
19:07:09.370 INFO  NativeLibraryLoader - Loading libgkl_compression.so from jar:file:/home-local/conda_envs/dcfdb462d457174b178adfac97b3d10b/share/gatk4-4.1.4.1-1/gatk-package-4.1.4.1-local.jar!/com/intel/gkl/native/libgkl_compression.so
Jul 13, 2022 7:07:10 PM shaded.cloud_nio.com.google.auth.oauth2.ComputeEngineCredentials runningOnComputeEngine
INFO: Failed to detect whether we are running on Google Compute Engine.
19:07:10.723 INFO  HaplotypeCaller - ------------------------------------------------------------
19:07:10.723 INFO  HaplotypeCaller - The Genome Analysis Toolkit (GATK) v4.1.4.1
19:07:10.728 INFO  HaplotypeCaller - For support and documentation go to https://software.broadinstitute.org/gatk/
19:07:10.743 INFO  HaplotypeCaller - Executing as user@cbaipipelines3 on Linux v5.15.0-40-generic amd64
19:07:10.743 INFO  HaplotypeCaller - Java runtime: OpenJDK 64-Bit Server VM v1.8.0_332-b09
19:07:10.744 INFO  HaplotypeCaller - Start Date/Time: July 13, 2022 7:07:09 PM MSK
19:07:10.744 INFO  HaplotypeCaller - ------------------------------------------------------------
19:07:10.744 INFO  HaplotypeCaller - ------------------------------------------------------------
19:07:10.744 INFO  HaplotypeCaller - HTSJDK Version: 2.21.0
19:07:10.744 INFO  HaplotypeCaller - Picard Version: 2.21.2
19:07:10.744 INFO  HaplotypeCaller - HTSJDK Defaults.COMPRESSION_LEVEL : 2
19:07:10.744 INFO  HaplotypeCaller - HTSJDK Defaults.USE_ASYNC_IO_READ_FOR_SAMTOOLS : false
19:07:10.745 INFO  HaplotypeCaller - HTSJDK Defaults.USE_ASYNC_IO_WRITE_FOR_SAMTOOLS : true
19:07:10.745 INFO  HaplotypeCaller - HTSJDK Defaults.USE_ASYNC_IO_WRITE_FOR_TRIBBLE : false
19:07:10.745 INFO  HaplotypeCaller - Deflater: IntelDeflater
19:07:10.745 INFO  HaplotypeCaller - Inflater: IntelInflater
19:07:10.745 INFO  HaplotypeCaller - GCS max retries/reopens: 20
19:07:10.745 INFO  HaplotypeCaller - Requester pays: disabled
19:07:10.745 INFO  HaplotypeCaller - Initializing engine
WARNING: BAM index file /home-local/lebedev/git_rep/mipt_school/workflow/results/recal/B-1.bai is older than BAM /home-local/lebedev/git_rep/mipt_school/workflow/results/recal/B-1.bam
WARNING: BAM index file /home-local/lebedev/git_rep/mipt_school/workflow/results/recal/B-2.bai is older than BAM /home-local/lebedev/git_rep/mipt_school/workflow/results/recal/B-2.bam
19:07:13.364 INFO  FeatureManager - Using codec VCFCodec to read file file:///home-local/lebedev/git_rep/mipt_school/workflow/resources/variation.noiupac.vcf.gz
19:07:13.578 INFO  IntervalArgumentCollection - Processing 576874 bp from intervals
19:07:13.623 INFO  HaplotypeCaller - Done initializing engine
19:07:13.625 INFO  HaplotypeCallerEngine - Tool is in reference confidence mode and the annotation, the following changes will be made to any specified annotations: 'StrandBiasBySample' will be enabled. 'ChromosomeCounts', 'FisherStrand', 'StrandOddsRatio' and 'QualByDepth' annotations have been disabled
19:07:13.699 INFO  HaplotypeCallerEngine - Standard Emitting and Calling confidence set to 0.0 for reference-model confidence output
19:07:13.699 INFO  HaplotypeCallerEngine - All sites annotated with PLs forced to true for reference-model confidence output
19:07:13.800 INFO  NativeLibraryLoader - Loading libgkl_utils.so from jar:file:/home-local/conda_envs/dcfdb462d457174b178adfac97b3d10b/share/gatk4-4.1.4.1-1/gatk-package-4.1.4.1-local.jar!/com/intel/gkl/native/libgkl_utils.so
19:07:13.806 INFO  NativeLibraryLoader - Loading libgkl_pairhmm_omp.so from jar:file:/home-local/conda_envs/dcfdb462d457174b178adfac97b3d10b/share/gatk4-4.1.4.1-1/gatk-package-4.1.4.1-local.jar!/com/intel/gkl/native/libgkl_pairhmm_omp.so
19:07:16.164 INFO  IntelPairHmm - Flush-to-zero (FTZ) is enabled when running PairHMM
19:07:16.173 INFO  IntelPairHmm - Available threads: 1
19:07:16.180 INFO  IntelPairHmm - Requested threads: 4
19:07:16.180 WARN  IntelPairHmm - Using 1 available threads, but 4 were requested
19:07:16.180 INFO  PairHMM - Using the OpenMP multi-threaded AVX-accelerated native PairHMM implementation
19:07:16.309 INFO  ProgressMeter - Starting traversal
19:07:16.309 INFO  ProgressMeter -        Current Locus  Elapsed Minutes     Regions Processed   Regions/Minute
19:07:18.954 WARN  InbreedingCoeff - InbreedingCoeff will not be calculated; at least 10 samples must have called genotypes
19:07:26.426 INFO  ProgressMeter -              V:48419              0.2                   230           1364.0
19:07:36.450 INFO  ProgressMeter -             V:204755              0.3                  1000           2979.0
19:07:38.032 WARN  DepthPerSampleHC - Annotation will not be calculated, genotype is not called or alleleLikelihoodMap is null
19:07:38.032 WARN  StrandBiasBySample - Annotation will not be calculated, genotype is not called or alleleLikelihoodMap is null
19:07:38.033 WARN  StrandBiasBySample - Annotation will not be calculated, genotype is not called or alleleLikelihoodMap is null
19:07:46.522 INFO  ProgressMeter -             V:397777              0.5                  1940           3852.6
19:07:55.375 INFO  HaplotypeCaller - 254 read(s) filtered by: ((((((((MappingQualityReadFilter AND MappingQualityAvailableReadFilter) AND MappedReadFilter) AND NotSecondaryAlignmentReadFilter) AND NotDuplicateReadFilter) AND PassesVendorQualityCheckReadFilter) AND NonZeroReferenceLengthAlignmentReadFilter) AND GoodCigarReadFilter) AND WellformedReadFilter)
  254 read(s) filtered by: (((((((MappingQualityReadFilter AND MappingQualityAvailableReadFilter) AND MappedReadFilter) AND NotSecondaryAlignmentReadFilter) AND NotDuplicateReadFilter) AND PassesVendorQualityCheckReadFilter) AND NonZeroReferenceLengthAlignmentReadFilter) AND GoodCigarReadFilter)
      254 read(s) filtered by: ((((((MappingQualityReadFilter AND MappingQualityAvailableReadFilter) AND MappedReadFilter) AND NotSecondaryAlignmentReadFilter) AND NotDuplicateReadFilter) AND PassesVendorQualityCheckReadFilter) AND NonZeroReferenceLengthAlignmentReadFilter)
          254 read(s) filtered by: (((((MappingQualityReadFilter AND MappingQualityAvailableReadFilter) AND MappedReadFilter) AND NotSecondaryAlignmentReadFilter) AND NotDuplicateReadFilter) AND PassesVendorQualityCheckReadFilter)
              254 read(s) filtered by: ((((MappingQualityReadFilter AND MappingQualityAvailableReadFilter) AND MappedReadFilter) AND NotSecondaryAlignmentReadFilter) AND NotDuplicateReadFilter)
                  253 read(s) filtered by: (((MappingQualityReadFilter AND MappingQualityAvailableReadFilter) AND MappedReadFilter) AND NotSecondaryAlignmentReadFilter)
                      253 read(s) filtered by: ((MappingQualityReadFilter AND MappingQualityAvailableReadFilter) AND MappedReadFilter)
                          253 read(s) filtered by: (MappingQualityReadFilter AND MappingQualityAvailableReadFilter)
                              253 read(s) filtered by: MappingQualityReadFilter 
                  1 read(s) filtered by: NotDuplicateReadFilter 

19:07:55.375 INFO  ProgressMeter -             V:575320              0.7                  2775           4262.0
19:07:55.375 INFO  ProgressMeter - Traversal complete. Processed 2775 total regions in 0.7 minutes.
19:07:55.392 INFO  VectorLoglessPairHMM - Time spent in setup for JNI call : 0.089552849
19:07:55.392 INFO  PairHMM - Total compute time in PairHMM computeLogLikelihoods() : 0.533434257
19:07:55.393 INFO  SmithWatermanAligner - Total compute time in java Smith-Waterman : 0.94 sec
19:07:55.393 INFO  HaplotypeCaller - Shutting down engine
[July 13, 2022 7:07:55 PM MSK] org.broadinstitute.hellbender.tools.walkers.haplotypecaller.HaplotypeCaller done. Elapsed time: 0.77 minutes.
Runtime.totalMemory()=739770368
