Using GATK jar /home-local/conda_envs/dcfdb462d457174b178adfac97b3d10b/share/gatk4-4.1.4.1-1/gatk-package-4.1.4.1-local.jar
Running:
    java -Dsamjdk.use_async_io_read_samtools=false -Dsamjdk.use_async_io_write_samtools=true -Dsamjdk.use_async_io_write_tribble=false -Dsamjdk.compression_level=2 -jar /home-local/conda_envs/dcfdb462d457174b178adfac97b3d10b/share/gatk4-4.1.4.1-1/gatk-package-4.1.4.1-local.jar HaplotypeCaller --intervals VII -R resources/genome.fasta -I results/recal/B-1.bam -I results/recal/B-2.bam -ERC GVCF -O results/called/B.VII.g.vcf.gz --dbsnp resources/variation.noiupac.vcf.gz
19:05:46.570 INFO  NativeLibraryLoader - Loading libgkl_compression.so from jar:file:/home-local/conda_envs/dcfdb462d457174b178adfac97b3d10b/share/gatk4-4.1.4.1-1/gatk-package-4.1.4.1-local.jar!/com/intel/gkl/native/libgkl_compression.so
Jul 13, 2022 7:05:48 PM shaded.cloud_nio.com.google.auth.oauth2.ComputeEngineCredentials runningOnComputeEngine
INFO: Failed to detect whether we are running on Google Compute Engine.
19:05:48.275 INFO  HaplotypeCaller - ------------------------------------------------------------
19:05:48.275 INFO  HaplotypeCaller - The Genome Analysis Toolkit (GATK) v4.1.4.1
19:05:48.275 INFO  HaplotypeCaller - For support and documentation go to https://software.broadinstitute.org/gatk/
19:05:48.284 INFO  HaplotypeCaller - Executing as user@cbaipipelines3 on Linux v5.15.0-40-generic amd64
19:05:48.284 INFO  HaplotypeCaller - Java runtime: OpenJDK 64-Bit Server VM v1.8.0_332-b09
19:05:48.284 INFO  HaplotypeCaller - Start Date/Time: July 13, 2022 7:05:46 PM MSK
19:05:48.284 INFO  HaplotypeCaller - ------------------------------------------------------------
19:05:48.292 INFO  HaplotypeCaller - ------------------------------------------------------------
19:05:48.292 INFO  HaplotypeCaller - HTSJDK Version: 2.21.0
19:05:48.292 INFO  HaplotypeCaller - Picard Version: 2.21.2
19:05:48.292 INFO  HaplotypeCaller - HTSJDK Defaults.COMPRESSION_LEVEL : 2
19:05:48.292 INFO  HaplotypeCaller - HTSJDK Defaults.USE_ASYNC_IO_READ_FOR_SAMTOOLS : false
19:05:48.293 INFO  HaplotypeCaller - HTSJDK Defaults.USE_ASYNC_IO_WRITE_FOR_SAMTOOLS : true
19:05:48.293 INFO  HaplotypeCaller - HTSJDK Defaults.USE_ASYNC_IO_WRITE_FOR_TRIBBLE : false
19:05:48.293 INFO  HaplotypeCaller - Deflater: IntelDeflater
19:05:48.293 INFO  HaplotypeCaller - Inflater: IntelInflater
19:05:48.293 INFO  HaplotypeCaller - GCS max retries/reopens: 20
19:05:48.293 INFO  HaplotypeCaller - Requester pays: disabled
19:05:48.293 INFO  HaplotypeCaller - Initializing engine
WARNING: BAM index file /home-local/lebedev/git_rep/mipt_school/workflow/results/recal/B-1.bai is older than BAM /home-local/lebedev/git_rep/mipt_school/workflow/results/recal/B-1.bam
WARNING: BAM index file /home-local/lebedev/git_rep/mipt_school/workflow/results/recal/B-2.bai is older than BAM /home-local/lebedev/git_rep/mipt_school/workflow/results/recal/B-2.bam
19:05:51.230 INFO  FeatureManager - Using codec VCFCodec to read file file:///home-local/lebedev/git_rep/mipt_school/workflow/resources/variation.noiupac.vcf.gz
19:05:51.421 INFO  IntervalArgumentCollection - Processing 1090940 bp from intervals
19:05:51.471 INFO  HaplotypeCaller - Done initializing engine
19:05:51.499 INFO  HaplotypeCallerEngine - Tool is in reference confidence mode and the annotation, the following changes will be made to any specified annotations: 'StrandBiasBySample' will be enabled. 'ChromosomeCounts', 'FisherStrand', 'StrandOddsRatio' and 'QualByDepth' annotations have been disabled
19:05:51.526 INFO  HaplotypeCallerEngine - Standard Emitting and Calling confidence set to 0.0 for reference-model confidence output
19:05:51.526 INFO  HaplotypeCallerEngine - All sites annotated with PLs forced to true for reference-model confidence output
19:05:51.660 INFO  NativeLibraryLoader - Loading libgkl_utils.so from jar:file:/home-local/conda_envs/dcfdb462d457174b178adfac97b3d10b/share/gatk4-4.1.4.1-1/gatk-package-4.1.4.1-local.jar!/com/intel/gkl/native/libgkl_utils.so
19:05:51.694 INFO  NativeLibraryLoader - Loading libgkl_pairhmm_omp.so from jar:file:/home-local/conda_envs/dcfdb462d457174b178adfac97b3d10b/share/gatk4-4.1.4.1-1/gatk-package-4.1.4.1-local.jar!/com/intel/gkl/native/libgkl_pairhmm_omp.so
19:05:51.895 INFO  IntelPairHmm - Flush-to-zero (FTZ) is enabled when running PairHMM
19:05:51.928 INFO  IntelPairHmm - Available threads: 1
19:05:51.928 INFO  IntelPairHmm - Requested threads: 4
19:05:51.928 WARN  IntelPairHmm - Using 1 available threads, but 4 were requested
19:05:51.928 INFO  PairHMM - Using the OpenMP multi-threaded AVX-accelerated native PairHMM implementation
19:05:52.135 INFO  ProgressMeter - Starting traversal
19:05:52.136 INFO  ProgressMeter -        Current Locus  Elapsed Minutes     Regions Processed   Regions/Minute
19:05:56.096 WARN  InbreedingCoeff - InbreedingCoeff will not be calculated; at least 10 samples must have called genotypes
19:06:02.375 INFO  ProgressMeter -            VII:23448              0.2                   110            644.6
19:06:12.428 INFO  ProgressMeter -            VII:90103              0.3                   440           1301.0
19:06:21.248 WARN  DepthPerSampleHC - Annotation will not be calculated, genotype is not called or alleleLikelihoodMap is null
19:06:21.248 WARN  StrandBiasBySample - Annotation will not be calculated, genotype is not called or alleleLikelihoodMap is null
19:06:22.488 INFO  ProgressMeter -           VII:282104              0.5                  1380           2728.0
19:06:32.698 INFO  ProgressMeter -           VII:512978              0.7                  2470           3653.7
19:06:42.700 INFO  ProgressMeter -           VII:846942              0.8                  4050           4805.8
19:06:52.740 INFO  ProgressMeter -          VII:1076860              1.0                  5200           5148.2
19:06:53.091 INFO  HaplotypeCaller - 486 read(s) filtered by: ((((((((MappingQualityReadFilter AND MappingQualityAvailableReadFilter) AND MappedReadFilter) AND NotSecondaryAlignmentReadFilter) AND NotDuplicateReadFilter) AND PassesVendorQualityCheckReadFilter) AND NonZeroReferenceLengthAlignmentReadFilter) AND GoodCigarReadFilter) AND WellformedReadFilter)
  486 read(s) filtered by: (((((((MappingQualityReadFilter AND MappingQualityAvailableReadFilter) AND MappedReadFilter) AND NotSecondaryAlignmentReadFilter) AND NotDuplicateReadFilter) AND PassesVendorQualityCheckReadFilter) AND NonZeroReferenceLengthAlignmentReadFilter) AND GoodCigarReadFilter)
      486 read(s) filtered by: ((((((MappingQualityReadFilter AND MappingQualityAvailableReadFilter) AND MappedReadFilter) AND NotSecondaryAlignmentReadFilter) AND NotDuplicateReadFilter) AND PassesVendorQualityCheckReadFilter) AND NonZeroReferenceLengthAlignmentReadFilter)
          486 read(s) filtered by: (((((MappingQualityReadFilter AND MappingQualityAvailableReadFilter) AND MappedReadFilter) AND NotSecondaryAlignmentReadFilter) AND NotDuplicateReadFilter) AND PassesVendorQualityCheckReadFilter)
              486 read(s) filtered by: ((((MappingQualityReadFilter AND MappingQualityAvailableReadFilter) AND MappedReadFilter) AND NotSecondaryAlignmentReadFilter) AND NotDuplicateReadFilter)
                  482 read(s) filtered by: (((MappingQualityReadFilter AND MappingQualityAvailableReadFilter) AND MappedReadFilter) AND NotSecondaryAlignmentReadFilter)
                      482 read(s) filtered by: ((MappingQualityReadFilter AND MappingQualityAvailableReadFilter) AND MappedReadFilter)
                          482 read(s) filtered by: (MappingQualityReadFilter AND MappingQualityAvailableReadFilter)
                              482 read(s) filtered by: MappingQualityReadFilter 
                  4 read(s) filtered by: NotDuplicateReadFilter 

19:06:53.091 INFO  ProgressMeter -          VII:1088965              1.0                  5256           5173.7
19:06:53.091 INFO  ProgressMeter - Traversal complete. Processed 5256 total regions in 1.0 minutes.
19:06:53.108 INFO  VectorLoglessPairHMM - Time spent in setup for JNI call : 0.051451683000000005
19:06:53.133 INFO  PairHMM - Total compute time in PairHMM computeLogLikelihoods() : 0.7535103470000001
19:06:53.134 INFO  SmithWatermanAligner - Total compute time in java Smith-Waterman : 1.34 sec
19:06:53.134 INFO  HaplotypeCaller - Shutting down engine
[July 13, 2022 7:06:53 PM MSK] org.broadinstitute.hellbender.tools.walkers.haplotypecaller.HaplotypeCaller done. Elapsed time: 1.11 minutes.
Runtime.totalMemory()=751304704
