Using GATK jar /home-local/conda_envs/dcfdb462d457174b178adfac97b3d10b/share/gatk4-4.1.4.1-1/gatk-package-4.1.4.1-local.jar
Running:
    java -Dsamjdk.use_async_io_read_samtools=false -Dsamjdk.use_async_io_write_samtools=true -Dsamjdk.use_async_io_write_tribble=false -Dsamjdk.compression_level=2 -jar /home-local/conda_envs/dcfdb462d457174b178adfac97b3d10b/share/gatk4-4.1.4.1-1/gatk-package-4.1.4.1-local.jar HaplotypeCaller --intervals X -R resources/genome.fasta -I results/recal/B-1.bam -I results/recal/B-2.bam -ERC GVCF -O results/called/B.X.g.vcf.gz --dbsnp resources/variation.noiupac.vcf.gz
19:07:59.057 INFO  NativeLibraryLoader - Loading libgkl_compression.so from jar:file:/home-local/conda_envs/dcfdb462d457174b178adfac97b3d10b/share/gatk4-4.1.4.1-1/gatk-package-4.1.4.1-local.jar!/com/intel/gkl/native/libgkl_compression.so
Jul 13, 2022 7:08:00 PM shaded.cloud_nio.com.google.auth.oauth2.ComputeEngineCredentials runningOnComputeEngine
INFO: Failed to detect whether we are running on Google Compute Engine.
19:08:00.418 INFO  HaplotypeCaller - ------------------------------------------------------------
19:08:00.418 INFO  HaplotypeCaller - The Genome Analysis Toolkit (GATK) v4.1.4.1
19:08:00.441 INFO  HaplotypeCaller - For support and documentation go to https://software.broadinstitute.org/gatk/
19:08:00.459 INFO  HaplotypeCaller - Executing as user@cbaipipelines3 on Linux v5.15.0-40-generic amd64
19:08:00.459 INFO  HaplotypeCaller - Java runtime: OpenJDK 64-Bit Server VM v1.8.0_332-b09
19:08:00.459 INFO  HaplotypeCaller - Start Date/Time: July 13, 2022 7:07:58 PM MSK
19:08:00.459 INFO  HaplotypeCaller - ------------------------------------------------------------
19:08:00.459 INFO  HaplotypeCaller - ------------------------------------------------------------
19:08:00.460 INFO  HaplotypeCaller - HTSJDK Version: 2.21.0
19:08:00.460 INFO  HaplotypeCaller - Picard Version: 2.21.2
19:08:00.460 INFO  HaplotypeCaller - HTSJDK Defaults.COMPRESSION_LEVEL : 2
19:08:00.460 INFO  HaplotypeCaller - HTSJDK Defaults.USE_ASYNC_IO_READ_FOR_SAMTOOLS : false
19:08:00.460 INFO  HaplotypeCaller - HTSJDK Defaults.USE_ASYNC_IO_WRITE_FOR_SAMTOOLS : true
19:08:00.460 INFO  HaplotypeCaller - HTSJDK Defaults.USE_ASYNC_IO_WRITE_FOR_TRIBBLE : false
19:08:00.460 INFO  HaplotypeCaller - Deflater: IntelDeflater
19:08:00.461 INFO  HaplotypeCaller - Inflater: IntelInflater
19:08:00.461 INFO  HaplotypeCaller - GCS max retries/reopens: 20
19:08:00.461 INFO  HaplotypeCaller - Requester pays: disabled
19:08:00.461 INFO  HaplotypeCaller - Initializing engine
WARNING: BAM index file /home-local/lebedev/git_rep/mipt_school/workflow/results/recal/B-1.bai is older than BAM /home-local/lebedev/git_rep/mipt_school/workflow/results/recal/B-1.bam
WARNING: BAM index file /home-local/lebedev/git_rep/mipt_school/workflow/results/recal/B-2.bai is older than BAM /home-local/lebedev/git_rep/mipt_school/workflow/results/recal/B-2.bam
19:08:04.306 INFO  FeatureManager - Using codec VCFCodec to read file file:///home-local/lebedev/git_rep/mipt_school/workflow/resources/variation.noiupac.vcf.gz
19:08:04.443 INFO  IntervalArgumentCollection - Processing 745751 bp from intervals
19:08:04.514 INFO  HaplotypeCaller - Done initializing engine
19:08:04.517 INFO  HaplotypeCallerEngine - Tool is in reference confidence mode and the annotation, the following changes will be made to any specified annotations: 'StrandBiasBySample' will be enabled. 'ChromosomeCounts', 'FisherStrand', 'StrandOddsRatio' and 'QualByDepth' annotations have been disabled
19:08:04.523 INFO  HaplotypeCallerEngine - Standard Emitting and Calling confidence set to 0.0 for reference-model confidence output
19:08:04.523 INFO  HaplotypeCallerEngine - All sites annotated with PLs forced to true for reference-model confidence output
19:08:04.665 INFO  NativeLibraryLoader - Loading libgkl_utils.so from jar:file:/home-local/conda_envs/dcfdb462d457174b178adfac97b3d10b/share/gatk4-4.1.4.1-1/gatk-package-4.1.4.1-local.jar!/com/intel/gkl/native/libgkl_utils.so
19:08:04.685 INFO  NativeLibraryLoader - Loading libgkl_pairhmm_omp.so from jar:file:/home-local/conda_envs/dcfdb462d457174b178adfac97b3d10b/share/gatk4-4.1.4.1-1/gatk-package-4.1.4.1-local.jar!/com/intel/gkl/native/libgkl_pairhmm_omp.so
19:08:04.862 INFO  IntelPairHmm - Flush-to-zero (FTZ) is enabled when running PairHMM
19:08:04.863 INFO  IntelPairHmm - Available threads: 1
19:08:04.863 INFO  IntelPairHmm - Requested threads: 4
19:08:04.863 WARN  IntelPairHmm - Using 1 available threads, but 4 were requested
19:08:04.863 INFO  PairHMM - Using the OpenMP multi-threaded AVX-accelerated native PairHMM implementation
19:08:05.150 INFO  ProgressMeter - Starting traversal
19:08:05.151 INFO  ProgressMeter -        Current Locus  Elapsed Minutes     Regions Processed   Regions/Minute
19:08:11.063 WARN  InbreedingCoeff - InbreedingCoeff will not be calculated; at least 10 samples must have called genotypes
19:08:15.256 INFO  ProgressMeter -              X:41054              0.2                   170           1009.4
19:08:25.407 INFO  ProgressMeter -             X:167897              0.3                   790           2340.0
19:08:26.264 WARN  DepthPerSampleHC - Annotation will not be calculated, genotype is not called or alleleLikelihoodMap is null
19:08:26.264 WARN  StrandBiasBySample - Annotation will not be calculated, genotype is not called or alleleLikelihoodMap is null
19:08:35.460 INFO  ProgressMeter -             X:365354              0.5                  1740           3444.5
19:08:45.523 INFO  ProgressMeter -             X:547314              0.7                  2620           3893.8
19:08:53.777 INFO  HaplotypeCaller - 614 read(s) filtered by: ((((((((MappingQualityReadFilter AND MappingQualityAvailableReadFilter) AND MappedReadFilter) AND NotSecondaryAlignmentReadFilter) AND NotDuplicateReadFilter) AND PassesVendorQualityCheckReadFilter) AND NonZeroReferenceLengthAlignmentReadFilter) AND GoodCigarReadFilter) AND WellformedReadFilter)
  614 read(s) filtered by: (((((((MappingQualityReadFilter AND MappingQualityAvailableReadFilter) AND MappedReadFilter) AND NotSecondaryAlignmentReadFilter) AND NotDuplicateReadFilter) AND PassesVendorQualityCheckReadFilter) AND NonZeroReferenceLengthAlignmentReadFilter) AND GoodCigarReadFilter)
      614 read(s) filtered by: ((((((MappingQualityReadFilter AND MappingQualityAvailableReadFilter) AND MappedReadFilter) AND NotSecondaryAlignmentReadFilter) AND NotDuplicateReadFilter) AND PassesVendorQualityCheckReadFilter) AND NonZeroReferenceLengthAlignmentReadFilter)
          614 read(s) filtered by: (((((MappingQualityReadFilter AND MappingQualityAvailableReadFilter) AND MappedReadFilter) AND NotSecondaryAlignmentReadFilter) AND NotDuplicateReadFilter) AND PassesVendorQualityCheckReadFilter)
              614 read(s) filtered by: ((((MappingQualityReadFilter AND MappingQualityAvailableReadFilter) AND MappedReadFilter) AND NotSecondaryAlignmentReadFilter) AND NotDuplicateReadFilter)
                  612 read(s) filtered by: (((MappingQualityReadFilter AND MappingQualityAvailableReadFilter) AND MappedReadFilter) AND NotSecondaryAlignmentReadFilter)
                      612 read(s) filtered by: ((MappingQualityReadFilter AND MappingQualityAvailableReadFilter) AND MappedReadFilter)
                          612 read(s) filtered by: (MappingQualityReadFilter AND MappingQualityAvailableReadFilter)
                              612 read(s) filtered by: MappingQualityReadFilter 
                  2 read(s) filtered by: NotDuplicateReadFilter 

19:08:53.777 INFO  ProgressMeter -             X:743247              0.8                  3578           4414.9
19:08:53.788 INFO  ProgressMeter - Traversal complete. Processed 3578 total regions in 0.8 minutes.
19:08:53.817 INFO  VectorLoglessPairHMM - Time spent in setup for JNI call : 0.020481878000000002
19:08:53.817 INFO  PairHMM - Total compute time in PairHMM computeLogLikelihoods() : 0.41766962
19:08:53.817 INFO  SmithWatermanAligner - Total compute time in java Smith-Waterman : 1.90 sec
19:08:53.817 INFO  HaplotypeCaller - Shutting down engine
[July 13, 2022 7:08:53 PM MSK] org.broadinstitute.hellbender.tools.walkers.haplotypecaller.HaplotypeCaller done. Elapsed time: 0.92 minutes.
Runtime.totalMemory()=663224320
