Using GATK jar /home-local/conda_envs/dcfdb462d457174b178adfac97b3d10b/share/gatk4-4.1.4.1-1/gatk-package-4.1.4.1-local.jar
Running:
    java -Dsamjdk.use_async_io_read_samtools=false -Dsamjdk.use_async_io_write_samtools=true -Dsamjdk.use_async_io_write_tribble=false -Dsamjdk.compression_level=2 -jar /home-local/conda_envs/dcfdb462d457174b178adfac97b3d10b/share/gatk4-4.1.4.1-1/gatk-package-4.1.4.1-local.jar HaplotypeCaller --intervals XIII -R resources/genome.fasta -I results/recal/B-1.bam -I results/recal/B-2.bam -ERC GVCF -O results/called/B.XIII.g.vcf.gz --dbsnp resources/variation.noiupac.vcf.gz
19:05:16.586 INFO  NativeLibraryLoader - Loading libgkl_compression.so from jar:file:/home-local/conda_envs/dcfdb462d457174b178adfac97b3d10b/share/gatk4-4.1.4.1-1/gatk-package-4.1.4.1-local.jar!/com/intel/gkl/native/libgkl_compression.so
Jul 13, 2022 7:05:17 PM shaded.cloud_nio.com.google.auth.oauth2.ComputeEngineCredentials runningOnComputeEngine
INFO: Failed to detect whether we are running on Google Compute Engine.
19:05:17.639 INFO  HaplotypeCaller - ------------------------------------------------------------
19:05:17.640 INFO  HaplotypeCaller - The Genome Analysis Toolkit (GATK) v4.1.4.1
19:05:17.640 INFO  HaplotypeCaller - For support and documentation go to https://software.broadinstitute.org/gatk/
19:05:17.660 INFO  HaplotypeCaller - Executing as user@cbaipipelines3 on Linux v5.15.0-40-generic amd64
19:05:17.661 INFO  HaplotypeCaller - Java runtime: OpenJDK 64-Bit Server VM v1.8.0_332-b09
19:05:17.661 INFO  HaplotypeCaller - Start Date/Time: July 13, 2022 7:05:16 PM MSK
19:05:17.661 INFO  HaplotypeCaller - ------------------------------------------------------------
19:05:17.661 INFO  HaplotypeCaller - ------------------------------------------------------------
19:05:17.661 INFO  HaplotypeCaller - HTSJDK Version: 2.21.0
19:05:17.661 INFO  HaplotypeCaller - Picard Version: 2.21.2
19:05:17.661 INFO  HaplotypeCaller - HTSJDK Defaults.COMPRESSION_LEVEL : 2
19:05:17.661 INFO  HaplotypeCaller - HTSJDK Defaults.USE_ASYNC_IO_READ_FOR_SAMTOOLS : false
19:05:17.662 INFO  HaplotypeCaller - HTSJDK Defaults.USE_ASYNC_IO_WRITE_FOR_SAMTOOLS : true
19:05:17.662 INFO  HaplotypeCaller - HTSJDK Defaults.USE_ASYNC_IO_WRITE_FOR_TRIBBLE : false
19:05:17.662 INFO  HaplotypeCaller - Deflater: IntelDeflater
19:05:17.662 INFO  HaplotypeCaller - Inflater: IntelInflater
19:05:17.662 INFO  HaplotypeCaller - GCS max retries/reopens: 20
19:05:17.662 INFO  HaplotypeCaller - Requester pays: disabled
19:05:17.662 INFO  HaplotypeCaller - Initializing engine
WARNING: BAM index file /home-local/lebedev/git_rep/mipt_school/workflow/results/recal/B-1.bai is older than BAM /home-local/lebedev/git_rep/mipt_school/workflow/results/recal/B-1.bam
WARNING: BAM index file /home-local/lebedev/git_rep/mipt_school/workflow/results/recal/B-2.bai is older than BAM /home-local/lebedev/git_rep/mipt_school/workflow/results/recal/B-2.bam
19:05:19.769 INFO  FeatureManager - Using codec VCFCodec to read file file:///home-local/lebedev/git_rep/mipt_school/workflow/resources/variation.noiupac.vcf.gz
19:05:19.855 INFO  IntervalArgumentCollection - Processing 924431 bp from intervals
19:05:19.872 INFO  HaplotypeCaller - Done initializing engine
19:05:19.874 INFO  HaplotypeCallerEngine - Tool is in reference confidence mode and the annotation, the following changes will be made to any specified annotations: 'StrandBiasBySample' will be enabled. 'ChromosomeCounts', 'FisherStrand', 'StrandOddsRatio' and 'QualByDepth' annotations have been disabled
19:05:19.905 INFO  HaplotypeCallerEngine - Standard Emitting and Calling confidence set to 0.0 for reference-model confidence output
19:05:19.905 INFO  HaplotypeCallerEngine - All sites annotated with PLs forced to true for reference-model confidence output
19:05:19.957 INFO  NativeLibraryLoader - Loading libgkl_utils.so from jar:file:/home-local/conda_envs/dcfdb462d457174b178adfac97b3d10b/share/gatk4-4.1.4.1-1/gatk-package-4.1.4.1-local.jar!/com/intel/gkl/native/libgkl_utils.so
19:05:19.961 INFO  NativeLibraryLoader - Loading libgkl_pairhmm_omp.so from jar:file:/home-local/conda_envs/dcfdb462d457174b178adfac97b3d10b/share/gatk4-4.1.4.1-1/gatk-package-4.1.4.1-local.jar!/com/intel/gkl/native/libgkl_pairhmm_omp.so
19:05:20.065 INFO  IntelPairHmm - Flush-to-zero (FTZ) is enabled when running PairHMM
19:05:20.066 INFO  IntelPairHmm - Available threads: 1
19:05:20.066 INFO  IntelPairHmm - Requested threads: 4
19:05:20.066 WARN  IntelPairHmm - Using 1 available threads, but 4 were requested
19:05:20.066 INFO  PairHMM - Using the OpenMP multi-threaded AVX-accelerated native PairHMM implementation
19:05:20.232 INFO  ProgressMeter - Starting traversal
19:05:20.232 INFO  ProgressMeter -        Current Locus  Elapsed Minutes     Regions Processed   Regions/Minute
19:05:22.202 WARN  InbreedingCoeff - InbreedingCoeff will not be calculated; at least 10 samples must have called genotypes
19:05:30.249 INFO  ProgressMeter -           XIII:59302              0.2                   290           1737.0
19:05:40.395 INFO  ProgressMeter -          XIII:140254              0.3                   680           2023.5
19:05:50.602 INFO  ProgressMeter -          XIII:243702              0.5                  1190           2351.3
19:05:59.804 WARN  DepthPerSampleHC - Annotation will not be calculated, genotype is not called or alleleLikelihoodMap is null
19:05:59.836 WARN  StrandBiasBySample - Annotation will not be calculated, genotype is not called or alleleLikelihoodMap is null
19:06:00.699 INFO  ProgressMeter -          XIII:397335              0.7                  1920           2846.8
19:06:10.843 INFO  ProgressMeter -          XIII:523021              0.8                  2530           2999.3
19:06:20.878 INFO  ProgressMeter -          XIII:731509              1.0                  3560           3522.1
19:06:28.576 INFO  HaplotypeCaller - 384 read(s) filtered by: ((((((((MappingQualityReadFilter AND MappingQualityAvailableReadFilter) AND MappedReadFilter) AND NotSecondaryAlignmentReadFilter) AND NotDuplicateReadFilter) AND PassesVendorQualityCheckReadFilter) AND NonZeroReferenceLengthAlignmentReadFilter) AND GoodCigarReadFilter) AND WellformedReadFilter)
  384 read(s) filtered by: (((((((MappingQualityReadFilter AND MappingQualityAvailableReadFilter) AND MappedReadFilter) AND NotSecondaryAlignmentReadFilter) AND NotDuplicateReadFilter) AND PassesVendorQualityCheckReadFilter) AND NonZeroReferenceLengthAlignmentReadFilter) AND GoodCigarReadFilter)
      384 read(s) filtered by: ((((((MappingQualityReadFilter AND MappingQualityAvailableReadFilter) AND MappedReadFilter) AND NotSecondaryAlignmentReadFilter) AND NotDuplicateReadFilter) AND PassesVendorQualityCheckReadFilter) AND NonZeroReferenceLengthAlignmentReadFilter)
          384 read(s) filtered by: (((((MappingQualityReadFilter AND MappingQualityAvailableReadFilter) AND MappedReadFilter) AND NotSecondaryAlignmentReadFilter) AND NotDuplicateReadFilter) AND PassesVendorQualityCheckReadFilter)
              384 read(s) filtered by: ((((MappingQualityReadFilter AND MappingQualityAvailableReadFilter) AND MappedReadFilter) AND NotSecondaryAlignmentReadFilter) AND NotDuplicateReadFilter)
                  381 read(s) filtered by: (((MappingQualityReadFilter AND MappingQualityAvailableReadFilter) AND MappedReadFilter) AND NotSecondaryAlignmentReadFilter)
                      381 read(s) filtered by: ((MappingQualityReadFilter AND MappingQualityAvailableReadFilter) AND MappedReadFilter)
                          381 read(s) filtered by: (MappingQualityReadFilter AND MappingQualityAvailableReadFilter)
                              381 read(s) filtered by: MappingQualityReadFilter 
                  3 read(s) filtered by: NotDuplicateReadFilter 

19:06:28.579 INFO  ProgressMeter -          XIII:923323              1.1                  4495           3946.0
19:06:28.579 INFO  ProgressMeter - Traversal complete. Processed 4495 total regions in 1.1 minutes.
19:06:28.594 INFO  VectorLoglessPairHMM - Time spent in setup for JNI call : 0.077297735
19:06:28.594 INFO  PairHMM - Total compute time in PairHMM computeLogLikelihoods() : 0.915199312
19:06:28.594 INFO  SmithWatermanAligner - Total compute time in java Smith-Waterman : 2.61 sec
19:06:28.594 INFO  HaplotypeCaller - Shutting down engine
[July 13, 2022 7:06:28 PM MSK] org.broadinstitute.hellbender.tools.walkers.haplotypecaller.HaplotypeCaller done. Elapsed time: 1.20 minutes.
Runtime.totalMemory()=752877568
