Using GATK jar /home-local/conda_envs/dcfdb462d457174b178adfac97b3d10b/share/gatk4-4.1.4.1-1/gatk-package-4.1.4.1-local.jar
Running:
    java -Dsamjdk.use_async_io_read_samtools=false -Dsamjdk.use_async_io_write_samtools=true -Dsamjdk.use_async_io_write_tribble=false -Dsamjdk.compression_level=2 -jar /home-local/conda_envs/dcfdb462d457174b178adfac97b3d10b/share/gatk4-4.1.4.1-1/gatk-package-4.1.4.1-local.jar HaplotypeCaller --intervals XII -R resources/genome.fasta -I results/recal/B-1.bam -I results/recal/B-2.bam -ERC GVCF -O results/called/B.XII.g.vcf.gz --dbsnp resources/variation.noiupac.vcf.gz
19:05:19.658 INFO  NativeLibraryLoader - Loading libgkl_compression.so from jar:file:/home-local/conda_envs/dcfdb462d457174b178adfac97b3d10b/share/gatk4-4.1.4.1-1/gatk-package-4.1.4.1-local.jar!/com/intel/gkl/native/libgkl_compression.so
Jul 13, 2022 7:05:20 PM shaded.cloud_nio.com.google.auth.oauth2.ComputeEngineCredentials runningOnComputeEngine
INFO: Failed to detect whether we are running on Google Compute Engine.
19:05:20.361 INFO  HaplotypeCaller - ------------------------------------------------------------
19:05:20.362 INFO  HaplotypeCaller - The Genome Analysis Toolkit (GATK) v4.1.4.1
19:05:20.362 INFO  HaplotypeCaller - For support and documentation go to https://software.broadinstitute.org/gatk/
19:05:24.529 INFO  HaplotypeCaller - Executing as user@cbaipipelines3 on Linux v5.15.0-40-generic amd64
19:05:24.530 INFO  HaplotypeCaller - Java runtime: OpenJDK 64-Bit Server VM v1.8.0_332-b09
19:05:24.530 INFO  HaplotypeCaller - Start Date/Time: July 13, 2022 7:05:19 PM MSK
19:05:24.530 INFO  HaplotypeCaller - ------------------------------------------------------------
19:05:24.530 INFO  HaplotypeCaller - ------------------------------------------------------------
19:05:24.530 INFO  HaplotypeCaller - HTSJDK Version: 2.21.0
19:05:24.530 INFO  HaplotypeCaller - Picard Version: 2.21.2
19:05:24.531 INFO  HaplotypeCaller - HTSJDK Defaults.COMPRESSION_LEVEL : 2
19:05:24.531 INFO  HaplotypeCaller - HTSJDK Defaults.USE_ASYNC_IO_READ_FOR_SAMTOOLS : false
19:05:24.531 INFO  HaplotypeCaller - HTSJDK Defaults.USE_ASYNC_IO_WRITE_FOR_SAMTOOLS : true
19:05:24.531 INFO  HaplotypeCaller - HTSJDK Defaults.USE_ASYNC_IO_WRITE_FOR_TRIBBLE : false
19:05:24.531 INFO  HaplotypeCaller - Deflater: IntelDeflater
19:05:24.531 INFO  HaplotypeCaller - Inflater: IntelInflater
19:05:24.531 INFO  HaplotypeCaller - GCS max retries/reopens: 20
19:05:24.531 INFO  HaplotypeCaller - Requester pays: disabled
19:05:24.531 INFO  HaplotypeCaller - Initializing engine
WARNING: BAM index file /home-local/lebedev/git_rep/mipt_school/workflow/results/recal/B-1.bai is older than BAM /home-local/lebedev/git_rep/mipt_school/workflow/results/recal/B-1.bam
WARNING: BAM index file /home-local/lebedev/git_rep/mipt_school/workflow/results/recal/B-2.bai is older than BAM /home-local/lebedev/git_rep/mipt_school/workflow/results/recal/B-2.bam
19:05:26.446 INFO  FeatureManager - Using codec VCFCodec to read file file:///home-local/lebedev/git_rep/mipt_school/workflow/resources/variation.noiupac.vcf.gz
19:05:26.567 INFO  IntervalArgumentCollection - Processing 1078177 bp from intervals
19:05:26.629 INFO  HaplotypeCaller - Done initializing engine
19:05:26.631 INFO  HaplotypeCallerEngine - Tool is in reference confidence mode and the annotation, the following changes will be made to any specified annotations: 'StrandBiasBySample' will be enabled. 'ChromosomeCounts', 'FisherStrand', 'StrandOddsRatio' and 'QualByDepth' annotations have been disabled
19:05:26.677 INFO  HaplotypeCallerEngine - Standard Emitting and Calling confidence set to 0.0 for reference-model confidence output
19:05:26.677 INFO  HaplotypeCallerEngine - All sites annotated with PLs forced to true for reference-model confidence output
19:05:26.739 INFO  NativeLibraryLoader - Loading libgkl_utils.so from jar:file:/home-local/conda_envs/dcfdb462d457174b178adfac97b3d10b/share/gatk4-4.1.4.1-1/gatk-package-4.1.4.1-local.jar!/com/intel/gkl/native/libgkl_utils.so
19:05:26.747 INFO  NativeLibraryLoader - Loading libgkl_pairhmm_omp.so from jar:file:/home-local/conda_envs/dcfdb462d457174b178adfac97b3d10b/share/gatk4-4.1.4.1-1/gatk-package-4.1.4.1-local.jar!/com/intel/gkl/native/libgkl_pairhmm_omp.so
19:05:26.883 INFO  IntelPairHmm - Flush-to-zero (FTZ) is enabled when running PairHMM
19:05:26.915 INFO  IntelPairHmm - Available threads: 1
19:05:26.915 INFO  IntelPairHmm - Requested threads: 4
19:05:26.915 WARN  IntelPairHmm - Using 1 available threads, but 4 were requested
19:05:26.915 INFO  PairHMM - Using the OpenMP multi-threaded AVX-accelerated native PairHMM implementation
19:05:27.151 INFO  ProgressMeter - Starting traversal
19:05:27.151 INFO  ProgressMeter -        Current Locus  Elapsed Minutes     Regions Processed   Regions/Minute
19:05:30.650 WARN  InbreedingCoeff - InbreedingCoeff will not be calculated; at least 10 samples must have called genotypes
19:05:37.790 INFO  ProgressMeter -            XII:34901              0.2                   150            845.9
19:05:48.134 INFO  ProgressMeter -            XII:93310              0.3                   440           1258.2
19:05:58.281 INFO  ProgressMeter -           XII:188685              0.5                   920           1773.2
19:06:08.318 INFO  ProgressMeter -           XII:361020              0.7                  1750           2550.6
19:06:18.324 INFO  ProgressMeter -           XII:564911              0.9                  2700           3165.7
19:06:28.354 INFO  ProgressMeter -           XII:797936              1.0                  3820           3744.9
19:06:36.836 INFO  HaplotypeCaller - 1087 read(s) filtered by: ((((((((MappingQualityReadFilter AND MappingQualityAvailableReadFilter) AND MappedReadFilter) AND NotSecondaryAlignmentReadFilter) AND NotDuplicateReadFilter) AND PassesVendorQualityCheckReadFilter) AND NonZeroReferenceLengthAlignmentReadFilter) AND GoodCigarReadFilter) AND WellformedReadFilter)
  1087 read(s) filtered by: (((((((MappingQualityReadFilter AND MappingQualityAvailableReadFilter) AND MappedReadFilter) AND NotSecondaryAlignmentReadFilter) AND NotDuplicateReadFilter) AND PassesVendorQualityCheckReadFilter) AND NonZeroReferenceLengthAlignmentReadFilter) AND GoodCigarReadFilter)
      1087 read(s) filtered by: ((((((MappingQualityReadFilter AND MappingQualityAvailableReadFilter) AND MappedReadFilter) AND NotSecondaryAlignmentReadFilter) AND NotDuplicateReadFilter) AND PassesVendorQualityCheckReadFilter) AND NonZeroReferenceLengthAlignmentReadFilter)
          1087 read(s) filtered by: (((((MappingQualityReadFilter AND MappingQualityAvailableReadFilter) AND MappedReadFilter) AND NotSecondaryAlignmentReadFilter) AND NotDuplicateReadFilter) AND PassesVendorQualityCheckReadFilter)
              1087 read(s) filtered by: ((((MappingQualityReadFilter AND MappingQualityAvailableReadFilter) AND MappedReadFilter) AND NotSecondaryAlignmentReadFilter) AND NotDuplicateReadFilter)
                  1079 read(s) filtered by: (((MappingQualityReadFilter AND MappingQualityAvailableReadFilter) AND MappedReadFilter) AND NotSecondaryAlignmentReadFilter)
                      1079 read(s) filtered by: ((MappingQualityReadFilter AND MappingQualityAvailableReadFilter) AND MappedReadFilter)
                          1079 read(s) filtered by: (MappingQualityReadFilter AND MappingQualityAvailableReadFilter)
                              1079 read(s) filtered by: MappingQualityReadFilter 
                  8 read(s) filtered by: NotDuplicateReadFilter 

19:06:36.837 INFO  ProgressMeter -          XII:1077782              1.2                  5171           4452.3
19:06:36.848 INFO  ProgressMeter - Traversal complete. Processed 5171 total regions in 1.2 minutes.
19:06:36.861 INFO  VectorLoglessPairHMM - Time spent in setup for JNI call : 0.049249926000000006
19:06:36.861 INFO  PairHMM - Total compute time in PairHMM computeLogLikelihoods() : 0.832697631
19:06:36.861 INFO  SmithWatermanAligner - Total compute time in java Smith-Waterman : 1.94 sec
19:06:36.861 INFO  HaplotypeCaller - Shutting down engine
[July 13, 2022 7:06:36 PM MSK] org.broadinstitute.hellbender.tools.walkers.haplotypecaller.HaplotypeCaller done. Elapsed time: 1.29 minutes.
Runtime.totalMemory()=651165696
