Using GATK jar /home-local/conda_envs/f580cae62d547c29feb2115e61e8b16b/share/gatk4-4.1.4.1-1/gatk-package-4.1.4.1-local.jar
Running:
    java -Dsamjdk.use_async_io_read_samtools=false -Dsamjdk.use_async_io_write_samtools=true -Dsamjdk.use_async_io_write_tribble=false -Dsamjdk.compression_level=2 -Xmx1024M -jar /home-local/conda_envs/f580cae62d547c29feb2115e61e8b16b/share/gatk4-4.1.4.1-1/gatk-package-4.1.4.1-local.jar BaseRecalibrator -R resources/genome.fasta -I results/dedup/B-1.bam -O results/recal/B-1.grp --known-sites resources/variation.noiupac.vcf.gz
19:04:44.985 INFO  NativeLibraryLoader - Loading libgkl_compression.so from jar:file:/home-local/conda_envs/f580cae62d547c29feb2115e61e8b16b/share/gatk4-4.1.4.1-1/gatk-package-4.1.4.1-local.jar!/com/intel/gkl/native/libgkl_compression.so
Jul 13, 2022 7:04:45 PM shaded.cloud_nio.com.google.auth.oauth2.ComputeEngineCredentials runningOnComputeEngine
INFO: Failed to detect whether we are running on Google Compute Engine.
19:04:45.243 INFO  BaseRecalibrator - ------------------------------------------------------------
19:04:45.243 INFO  BaseRecalibrator - The Genome Analysis Toolkit (GATK) v4.1.4.1
19:04:45.243 INFO  BaseRecalibrator - For support and documentation go to https://software.broadinstitute.org/gatk/
19:04:45.243 INFO  BaseRecalibrator - Executing as user@cbaipipelines3 on Linux v5.15.0-40-generic amd64
19:04:45.244 INFO  BaseRecalibrator - Java runtime: OpenJDK 64-Bit Server VM v1.8.0_332-b09
19:04:45.244 INFO  BaseRecalibrator - Start Date/Time: July 13, 2022 7:04:44 PM MSK
19:04:45.244 INFO  BaseRecalibrator - ------------------------------------------------------------
19:04:45.244 INFO  BaseRecalibrator - ------------------------------------------------------------
19:04:45.244 INFO  BaseRecalibrator - HTSJDK Version: 2.21.0
19:04:45.244 INFO  BaseRecalibrator - Picard Version: 2.21.2
19:04:45.244 INFO  BaseRecalibrator - HTSJDK Defaults.COMPRESSION_LEVEL : 2
19:04:45.244 INFO  BaseRecalibrator - HTSJDK Defaults.USE_ASYNC_IO_READ_FOR_SAMTOOLS : false
19:04:45.245 INFO  BaseRecalibrator - HTSJDK Defaults.USE_ASYNC_IO_WRITE_FOR_SAMTOOLS : true
19:04:45.245 INFO  BaseRecalibrator - HTSJDK Defaults.USE_ASYNC_IO_WRITE_FOR_TRIBBLE : false
19:04:45.245 INFO  BaseRecalibrator - Deflater: IntelDeflater
19:04:45.245 INFO  BaseRecalibrator - Inflater: IntelInflater
19:04:45.245 INFO  BaseRecalibrator - GCS max retries/reopens: 20
19:04:45.245 INFO  BaseRecalibrator - Requester pays: disabled
19:04:45.245 INFO  BaseRecalibrator - Initializing engine
19:04:45.589 INFO  FeatureManager - Using codec VCFCodec to read file file:///home-local/lebedev/git_rep/mipt_school/workflow/resources/variation.noiupac.vcf.gz
19:04:45.610 INFO  BaseRecalibrator - Done initializing engine
19:04:45.611 WARN  BaseRecalibrator - This tool has only been well tested on ILLUMINA-based sequencing data. For other data use at your own risk.
19:04:45.615 INFO  BaseRecalibrationEngine - The covariates being used here: 
19:04:45.615 INFO  BaseRecalibrationEngine - 	ReadGroupCovariate
19:04:45.615 INFO  BaseRecalibrationEngine - 	QualityScoreCovariate
19:04:45.615 INFO  BaseRecalibrationEngine - 	ContextCovariate
19:04:45.615 INFO  BaseRecalibrationEngine - 	CycleCovariate
19:04:45.622 INFO  ProgressMeter - Starting traversal
19:04:45.622 INFO  ProgressMeter -        Current Locus  Elapsed Minutes       Reads Processed     Reads/Minute
19:04:51.493 INFO  BaseRecalibrator - 4051 read(s) filtered by: ((((((MappingQualityNotZeroReadFilter AND MappingQualityAvailableReadFilter) AND MappedReadFilter) AND NotSecondaryAlignmentReadFilter) AND NotDuplicateReadFilter) AND PassesVendorQualityCheckReadFilter) AND WellformedReadFilter)
  4051 read(s) filtered by: (((((MappingQualityNotZeroReadFilter AND MappingQualityAvailableReadFilter) AND MappedReadFilter) AND NotSecondaryAlignmentReadFilter) AND NotDuplicateReadFilter) AND PassesVendorQualityCheckReadFilter)
      4051 read(s) filtered by: ((((MappingQualityNotZeroReadFilter AND MappingQualityAvailableReadFilter) AND MappedReadFilter) AND NotSecondaryAlignmentReadFilter) AND NotDuplicateReadFilter)
          4047 read(s) filtered by: (((MappingQualityNotZeroReadFilter AND MappingQualityAvailableReadFilter) AND MappedReadFilter) AND NotSecondaryAlignmentReadFilter)
              4047 read(s) filtered by: ((MappingQualityNotZeroReadFilter AND MappingQualityAvailableReadFilter) AND MappedReadFilter)
                  4047 read(s) filtered by: (MappingQualityNotZeroReadFilter AND MappingQualityAvailableReadFilter)
                      4047 read(s) filtered by: MappingQualityNotZeroReadFilter 
          4 read(s) filtered by: NotDuplicateReadFilter 

19:04:51.494 INFO  ProgressMeter -           XVI:900109              0.1                 95953         980613.2
19:04:51.494 INFO  ProgressMeter - Traversal complete. Processed 95953 total reads in 0.1 minutes.
19:04:51.591 INFO  BaseRecalibrator - Calculating quantized quality scores...
19:04:51.607 INFO  BaseRecalibrator - Writing recalibration report...
19:04:52.491 INFO  BaseRecalibrator - ...done!
19:04:52.491 INFO  BaseRecalibrator - Shutting down engine
[July 13, 2022 7:04:52 PM MSK] org.broadinstitute.hellbender.tools.walkers.bqsr.BaseRecalibrator done. Elapsed time: 0.13 minutes.
Runtime.totalMemory()=424148992
Tool returned:
95953
