Using GATK jar /home-local/conda_envs/f580cae62d547c29feb2115e61e8b16b/share/gatk4-4.1.4.1-1/gatk-package-4.1.4.1-local.jar
Running:
    java -Dsamjdk.use_async_io_read_samtools=false -Dsamjdk.use_async_io_write_samtools=true -Dsamjdk.use_async_io_write_tribble=false -Dsamjdk.compression_level=2 -Xmx1024M -jar /home-local/conda_envs/f580cae62d547c29feb2115e61e8b16b/share/gatk4-4.1.4.1-1/gatk-package-4.1.4.1-local.jar BaseRecalibrator -R resources/genome.fasta -I results/dedup/B-2.bam -O results/recal/B-2.grp --known-sites resources/variation.noiupac.vcf.gz
19:04:44.959 INFO  NativeLibraryLoader - Loading libgkl_compression.so from jar:file:/home-local/conda_envs/f580cae62d547c29feb2115e61e8b16b/share/gatk4-4.1.4.1-1/gatk-package-4.1.4.1-local.jar!/com/intel/gkl/native/libgkl_compression.so
Jul 13, 2022 7:04:45 PM shaded.cloud_nio.com.google.auth.oauth2.ComputeEngineCredentials runningOnComputeEngine
INFO: Failed to detect whether we are running on Google Compute Engine.
19:04:45.173 INFO  BaseRecalibrator - ------------------------------------------------------------
19:04:45.173 INFO  BaseRecalibrator - The Genome Analysis Toolkit (GATK) v4.1.4.1
19:04:45.173 INFO  BaseRecalibrator - For support and documentation go to https://software.broadinstitute.org/gatk/
19:04:45.174 INFO  BaseRecalibrator - Executing as user@cbaipipelines3 on Linux v5.15.0-40-generic amd64
19:04:45.174 INFO  BaseRecalibrator - Java runtime: OpenJDK 64-Bit Server VM v1.8.0_332-b09
19:04:45.174 INFO  BaseRecalibrator - Start Date/Time: July 13, 2022 7:04:44 PM MSK
19:04:45.174 INFO  BaseRecalibrator - ------------------------------------------------------------
19:04:45.174 INFO  BaseRecalibrator - ------------------------------------------------------------
19:04:45.174 INFO  BaseRecalibrator - HTSJDK Version: 2.21.0
19:04:45.174 INFO  BaseRecalibrator - Picard Version: 2.21.2
19:04:45.174 INFO  BaseRecalibrator - HTSJDK Defaults.COMPRESSION_LEVEL : 2
19:04:45.175 INFO  BaseRecalibrator - HTSJDK Defaults.USE_ASYNC_IO_READ_FOR_SAMTOOLS : false
19:04:45.175 INFO  BaseRecalibrator - HTSJDK Defaults.USE_ASYNC_IO_WRITE_FOR_SAMTOOLS : true
19:04:45.175 INFO  BaseRecalibrator - HTSJDK Defaults.USE_ASYNC_IO_WRITE_FOR_TRIBBLE : false
19:04:45.175 INFO  BaseRecalibrator - Deflater: IntelDeflater
19:04:45.175 INFO  BaseRecalibrator - Inflater: IntelInflater
19:04:45.175 INFO  BaseRecalibrator - GCS max retries/reopens: 20
19:04:45.175 INFO  BaseRecalibrator - Requester pays: disabled
19:04:45.175 INFO  BaseRecalibrator - Initializing engine
19:04:45.544 INFO  FeatureManager - Using codec VCFCodec to read file file:///home-local/lebedev/git_rep/mipt_school/workflow/resources/variation.noiupac.vcf.gz
19:04:45.565 INFO  BaseRecalibrator - Done initializing engine
19:04:45.566 WARN  BaseRecalibrator - This tool has only been well tested on ILLUMINA-based sequencing data. For other data use at your own risk.
19:04:45.570 INFO  BaseRecalibrationEngine - The covariates being used here: 
19:04:45.570 INFO  BaseRecalibrationEngine - 	ReadGroupCovariate
19:04:45.570 INFO  BaseRecalibrationEngine - 	QualityScoreCovariate
19:04:45.570 INFO  BaseRecalibrationEngine - 	ContextCovariate
19:04:45.570 INFO  BaseRecalibrationEngine - 	CycleCovariate
19:04:45.573 INFO  ProgressMeter - Starting traversal
19:04:45.573 INFO  ProgressMeter -        Current Locus  Elapsed Minutes       Reads Processed     Reads/Minute
19:04:50.140 INFO  BaseRecalibrator - 2577 read(s) filtered by: ((((((MappingQualityNotZeroReadFilter AND MappingQualityAvailableReadFilter) AND MappedReadFilter) AND NotSecondaryAlignmentReadFilter) AND NotDuplicateReadFilter) AND PassesVendorQualityCheckReadFilter) AND WellformedReadFilter)
  2577 read(s) filtered by: (((((MappingQualityNotZeroReadFilter AND MappingQualityAvailableReadFilter) AND MappedReadFilter) AND NotSecondaryAlignmentReadFilter) AND NotDuplicateReadFilter) AND PassesVendorQualityCheckReadFilter)
      2577 read(s) filtered by: ((((MappingQualityNotZeroReadFilter AND MappingQualityAvailableReadFilter) AND MappedReadFilter) AND NotSecondaryAlignmentReadFilter) AND NotDuplicateReadFilter)
          2537 read(s) filtered by: (((MappingQualityNotZeroReadFilter AND MappingQualityAvailableReadFilter) AND MappedReadFilter) AND NotSecondaryAlignmentReadFilter)
              2537 read(s) filtered by: ((MappingQualityNotZeroReadFilter AND MappingQualityAvailableReadFilter) AND MappedReadFilter)
                  2537 read(s) filtered by: (MappingQualityNotZeroReadFilter AND MappingQualityAvailableReadFilter)
                      2537 read(s) filtered by: MappingQualityNotZeroReadFilter 
          40 read(s) filtered by: NotDuplicateReadFilter 

19:04:50.141 INFO  ProgressMeter -           XVI:913578              0.1                 47426         623069.8
19:04:50.141 INFO  ProgressMeter - Traversal complete. Processed 47426 total reads in 0.1 minutes.
19:04:50.211 INFO  BaseRecalibrator - Calculating quantized quality scores...
19:04:50.231 INFO  BaseRecalibrator - Writing recalibration report...
19:04:50.728 INFO  BaseRecalibrator - ...done!
19:04:50.728 INFO  BaseRecalibrator - Shutting down engine
[July 13, 2022 7:04:50 PM MSK] org.broadinstitute.hellbender.tools.walkers.bqsr.BaseRecalibrator done. Elapsed time: 0.10 minutes.
Runtime.totalMemory()=411041792
Tool returned:
47426
