Using GATK jar /home-local/conda_envs/f580cae62d547c29feb2115e61e8b16b/share/gatk4-4.1.4.1-1/gatk-package-4.1.4.1-local.jar
Running:
    java -Dsamjdk.use_async_io_read_samtools=false -Dsamjdk.use_async_io_write_samtools=true -Dsamjdk.use_async_io_write_tribble=false -Dsamjdk.compression_level=2 -Xmx1024M -jar /home-local/conda_envs/f580cae62d547c29feb2115e61e8b16b/share/gatk4-4.1.4.1-1/gatk-package-4.1.4.1-local.jar ApplyBQSR -R resources/genome.fasta -I results/dedup/A-1.bam --bqsr-recal-file results/recal/A-1.grp -O results/recal/A-1.bam
19:05:04.640 INFO  NativeLibraryLoader - Loading libgkl_compression.so from jar:file:/home-local/conda_envs/f580cae62d547c29feb2115e61e8b16b/share/gatk4-4.1.4.1-1/gatk-package-4.1.4.1-local.jar!/com/intel/gkl/native/libgkl_compression.so
Jul 13, 2022 7:05:05 PM shaded.cloud_nio.com.google.auth.oauth2.ComputeEngineCredentials runningOnComputeEngine
INFO: Failed to detect whether we are running on Google Compute Engine.
19:05:05.235 INFO  ApplyBQSR - ------------------------------------------------------------
19:05:05.236 INFO  ApplyBQSR - The Genome Analysis Toolkit (GATK) v4.1.4.1
19:05:05.236 INFO  ApplyBQSR - For support and documentation go to https://software.broadinstitute.org/gatk/
19:05:05.238 INFO  ApplyBQSR - Executing as user@cbaipipelines3 on Linux v5.15.0-40-generic amd64
19:05:05.238 INFO  ApplyBQSR - Java runtime: OpenJDK 64-Bit Server VM v1.8.0_332-b09
19:05:05.238 INFO  ApplyBQSR - Start Date/Time: July 13, 2022 7:05:04 PM MSK
19:05:05.238 INFO  ApplyBQSR - ------------------------------------------------------------
19:05:05.239 INFO  ApplyBQSR - ------------------------------------------------------------
19:05:05.239 INFO  ApplyBQSR - HTSJDK Version: 2.21.0
19:05:05.239 INFO  ApplyBQSR - Picard Version: 2.21.2
19:05:05.239 INFO  ApplyBQSR - HTSJDK Defaults.COMPRESSION_LEVEL : 2
19:05:05.239 INFO  ApplyBQSR - HTSJDK Defaults.USE_ASYNC_IO_READ_FOR_SAMTOOLS : false
19:05:05.239 INFO  ApplyBQSR - HTSJDK Defaults.USE_ASYNC_IO_WRITE_FOR_SAMTOOLS : true
19:05:05.239 INFO  ApplyBQSR - HTSJDK Defaults.USE_ASYNC_IO_WRITE_FOR_TRIBBLE : false
19:05:05.239 INFO  ApplyBQSR - Deflater: IntelDeflater
19:05:05.239 INFO  ApplyBQSR - Inflater: IntelInflater
19:05:05.240 INFO  ApplyBQSR - GCS max retries/reopens: 20
19:05:05.240 INFO  ApplyBQSR - Requester pays: disabled
19:05:05.240 INFO  ApplyBQSR - Initializing engine
19:05:05.779 INFO  ApplyBQSR - Done initializing engine
19:05:05.806 WARN  ApplyBQSR - This tool has only been well tested on ILLUMINA-based sequencing data. For other data use at your own risk.
19:05:05.807 INFO  ProgressMeter - Starting traversal
19:05:05.807 INFO  ProgressMeter -        Current Locus  Elapsed Minutes       Reads Processed     Reads/Minute
19:05:16.033 INFO  ProgressMeter -             X:620754              0.2                 53000         311002.4
19:05:20.667 INFO  ApplyBQSR - No reads filtered by: WellformedReadFilter
19:05:20.667 INFO  ProgressMeter -           Mito:85074              0.2                100004         403784.7
19:05:20.667 INFO  ProgressMeter - Traversal complete. Processed 100004 total reads in 0.2 minutes.
19:05:20.720 INFO  ApplyBQSR - Shutting down engine
[July 13, 2022 7:05:20 PM MSK] org.broadinstitute.hellbender.tools.walkers.bqsr.ApplyBQSR done. Elapsed time: 0.27 minutes.
Runtime.totalMemory()=411041792
