Using GATK jar /home-local/conda_envs/9895bac3e72b4b3452f644e11a74d608/share/gatk4-4.1.4.1-1/gatk-package-4.1.4.1-local.jar
Running:
    java -Dsamjdk.use_async_io_read_samtools=false -Dsamjdk.use_async_io_write_samtools=true -Dsamjdk.use_async_io_write_tribble=false -Dsamjdk.compression_level=2 -jar /home-local/conda_envs/9895bac3e72b4b3452f644e11a74d608/share/gatk4-4.1.4.1-1/gatk-package-4.1.4.1-local.jar VariantFiltration -R resources/genome.fasta -V results/filtered/all.indels.vcf.gz --filter-name snv-hard-filter --filter-expression QD < 2.0 || FS > 200.0 || ReadPosRankSum < -20.0 -O results/filtered/all.indels.hardfiltered.vcf.gz
19:10:20.495 INFO  NativeLibraryLoader - Loading libgkl_compression.so from jar:file:/home-local/conda_envs/9895bac3e72b4b3452f644e11a74d608/share/gatk4-4.1.4.1-1/gatk-package-4.1.4.1-local.jar!/com/intel/gkl/native/libgkl_compression.so
Jul 13, 2022 7:10:20 PM shaded.cloud_nio.com.google.auth.oauth2.ComputeEngineCredentials runningOnComputeEngine
INFO: Failed to detect whether we are running on Google Compute Engine.
19:10:20.703 INFO  VariantFiltration - ------------------------------------------------------------
19:10:20.704 INFO  VariantFiltration - The Genome Analysis Toolkit (GATK) v4.1.4.1
19:10:20.704 INFO  VariantFiltration - For support and documentation go to https://software.broadinstitute.org/gatk/
19:10:20.704 INFO  VariantFiltration - Executing as user@cbaipipelines3 on Linux v5.15.0-40-generic amd64
19:10:20.704 INFO  VariantFiltration - Java runtime: OpenJDK 64-Bit Server VM v1.8.0_332-b09
19:10:20.704 INFO  VariantFiltration - Start Date/Time: July 13, 2022 7:10:20 PM MSK
19:10:20.704 INFO  VariantFiltration - ------------------------------------------------------------
19:10:20.704 INFO  VariantFiltration - ------------------------------------------------------------
19:10:20.705 INFO  VariantFiltration - HTSJDK Version: 2.21.0
19:10:20.705 INFO  VariantFiltration - Picard Version: 2.21.2
19:10:20.705 INFO  VariantFiltration - HTSJDK Defaults.COMPRESSION_LEVEL : 2
19:10:20.705 INFO  VariantFiltration - HTSJDK Defaults.USE_ASYNC_IO_READ_FOR_SAMTOOLS : false
19:10:20.705 INFO  VariantFiltration - HTSJDK Defaults.USE_ASYNC_IO_WRITE_FOR_SAMTOOLS : true
19:10:20.705 INFO  VariantFiltration - HTSJDK Defaults.USE_ASYNC_IO_WRITE_FOR_TRIBBLE : false
19:10:20.705 INFO  VariantFiltration - Deflater: IntelDeflater
19:10:20.705 INFO  VariantFiltration - Inflater: IntelInflater
19:10:20.705 INFO  VariantFiltration - GCS max retries/reopens: 20
19:10:20.705 INFO  VariantFiltration - Requester pays: disabled
19:10:20.705 INFO  VariantFiltration - Initializing engine
19:10:21.042 INFO  FeatureManager - Using codec VCFCodec to read file file:///home-local/lebedev/git_rep/mipt_school/workflow/results/filtered/all.indels.vcf.gz
19:10:21.066 INFO  VariantFiltration - Done initializing engine
19:10:22.479 INFO  ProgressMeter - Starting traversal
19:10:22.480 INFO  ProgressMeter -        Current Locus  Elapsed Minutes    Variants Processed  Variants/Minute
19:10:22.741 WARN  JexlEngine - ![26,40]: 'QD < 2.0 || FS > 200.0 || ReadPosRankSum < -20.0;' undefined variable ReadPosRankSum
19:10:22.742 WARN  JexlEngine - ![26,40]: 'QD < 2.0 || FS > 200.0 || ReadPosRankSum < -20.0;' undefined variable ReadPosRankSum
19:10:22.745 WARN  JexlEngine - ![26,40]: 'QD < 2.0 || FS > 200.0 || ReadPosRankSum < -20.0;' undefined variable ReadPosRankSum
19:10:22.747 WARN  JexlEngine - ![26,40]: 'QD < 2.0 || FS > 200.0 || ReadPosRankSum < -20.0;' undefined variable ReadPosRankSum
19:10:22.747 WARN  JexlEngine - ![26,40]: 'QD < 2.0 || FS > 200.0 || ReadPosRankSum < -20.0;' undefined variable ReadPosRankSum
19:10:22.748 WARN  JexlEngine - ![26,40]: 'QD < 2.0 || FS > 200.0 || ReadPosRankSum < -20.0;' undefined variable ReadPosRankSum
19:10:22.749 WARN  JexlEngine - ![26,40]: 'QD < 2.0 || FS > 200.0 || ReadPosRankSum < -20.0;' undefined variable ReadPosRankSum
19:10:22.751 WARN  JexlEngine - ![26,40]: 'QD < 2.0 || FS > 200.0 || ReadPosRankSum < -20.0;' undefined variable ReadPosRankSum
19:10:22.752 WARN  JexlEngine - ![26,40]: 'QD < 2.0 || FS > 200.0 || ReadPosRankSum < -20.0;' undefined variable ReadPosRankSum
19:10:22.754 WARN  JexlEngine - ![26,40]: 'QD < 2.0 || FS > 200.0 || ReadPosRankSum < -20.0;' undefined variable ReadPosRankSum
19:10:22.755 WARN  JexlEngine - ![26,40]: 'QD < 2.0 || FS > 200.0 || ReadPosRankSum < -20.0;' undefined variable ReadPosRankSum
19:10:22.757 WARN  JexlEngine - ![26,40]: 'QD < 2.0 || FS > 200.0 || ReadPosRankSum < -20.0;' undefined variable ReadPosRankSum
19:10:22.758 WARN  JexlEngine - ![26,40]: 'QD < 2.0 || FS > 200.0 || ReadPosRankSum < -20.0;' undefined variable ReadPosRankSum
19:10:22.758 WARN  JexlEngine - ![26,40]: 'QD < 2.0 || FS > 200.0 || ReadPosRankSum < -20.0;' undefined variable ReadPosRankSum
19:10:22.759 WARN  JexlEngine - ![26,40]: 'QD < 2.0 || FS > 200.0 || ReadPosRankSum < -20.0;' undefined variable ReadPosRankSum
19:10:22.759 INFO  ProgressMeter -             unmapped              0.0                    40           8602.2
19:10:22.759 INFO  ProgressMeter - Traversal complete. Processed 40 total variants in 0.0 minutes.
19:10:22.767 INFO  VariantFiltration - Shutting down engine
[July 13, 2022 7:10:22 PM MSK] org.broadinstitute.hellbender.tools.walkers.filters.VariantFiltration done. Elapsed time: 0.04 minutes.
Runtime.totalMemory()=303038464
