Using GATK jar /home-local/conda_envs/9895bac3e72b4b3452f644e11a74d608/share/gatk4-4.1.4.1-1/gatk-package-4.1.4.1-local.jar
Running:
    java -Dsamjdk.use_async_io_read_samtools=false -Dsamjdk.use_async_io_write_samtools=true -Dsamjdk.use_async_io_write_tribble=false -Dsamjdk.compression_level=2 -jar /home-local/conda_envs/9895bac3e72b4b3452f644e11a74d608/share/gatk4-4.1.4.1-1/gatk-package-4.1.4.1-local.jar VariantFiltration -R resources/genome.fasta -V results/filtered/all.snvs.vcf.gz --filter-name snv-hard-filter --filter-expression QD < 2.0 || FS > 60.0 || MQ < 40.0 || MQRankSum < -12.5 || ReadPosRankSum < -8.0 -O results/filtered/all.snvs.hardfiltered.vcf.gz
19:10:20.468 INFO  NativeLibraryLoader - Loading libgkl_compression.so from jar:file:/home-local/conda_envs/9895bac3e72b4b3452f644e11a74d608/share/gatk4-4.1.4.1-1/gatk-package-4.1.4.1-local.jar!/com/intel/gkl/native/libgkl_compression.so
Jul 13, 2022 7:10:20 PM shaded.cloud_nio.com.google.auth.oauth2.ComputeEngineCredentials runningOnComputeEngine
INFO: Failed to detect whether we are running on Google Compute Engine.
19:10:20.722 INFO  VariantFiltration - ------------------------------------------------------------
19:10:20.722 INFO  VariantFiltration - The Genome Analysis Toolkit (GATK) v4.1.4.1
19:10:20.722 INFO  VariantFiltration - For support and documentation go to https://software.broadinstitute.org/gatk/
19:10:20.722 INFO  VariantFiltration - Executing as user@cbaipipelines3 on Linux v5.15.0-40-generic amd64
19:10:20.723 INFO  VariantFiltration - Java runtime: OpenJDK 64-Bit Server VM v1.8.0_332-b09
19:10:20.723 INFO  VariantFiltration - Start Date/Time: July 13, 2022 7:10:20 PM MSK
19:10:20.723 INFO  VariantFiltration - ------------------------------------------------------------
19:10:20.723 INFO  VariantFiltration - ------------------------------------------------------------
19:10:20.723 INFO  VariantFiltration - HTSJDK Version: 2.21.0
19:10:20.723 INFO  VariantFiltration - Picard Version: 2.21.2
19:10:20.723 INFO  VariantFiltration - HTSJDK Defaults.COMPRESSION_LEVEL : 2
19:10:20.723 INFO  VariantFiltration - HTSJDK Defaults.USE_ASYNC_IO_READ_FOR_SAMTOOLS : false
19:10:20.724 INFO  VariantFiltration - HTSJDK Defaults.USE_ASYNC_IO_WRITE_FOR_SAMTOOLS : true
19:10:20.724 INFO  VariantFiltration - HTSJDK Defaults.USE_ASYNC_IO_WRITE_FOR_TRIBBLE : false
19:10:20.724 INFO  VariantFiltration - Deflater: IntelDeflater
19:10:20.724 INFO  VariantFiltration - Inflater: IntelInflater
19:10:20.724 INFO  VariantFiltration - GCS max retries/reopens: 20
19:10:20.724 INFO  VariantFiltration - Requester pays: disabled
19:10:20.724 INFO  VariantFiltration - Initializing engine
19:10:21.069 INFO  FeatureManager - Using codec VCFCodec to read file file:///home-local/lebedev/git_rep/mipt_school/workflow/results/filtered/all.snvs.vcf.gz
19:10:21.097 INFO  VariantFiltration - Done initializing engine
19:10:22.480 INFO  ProgressMeter - Starting traversal
19:10:22.481 INFO  ProgressMeter -        Current Locus  Elapsed Minutes    Variants Processed  Variants/Minute
19:10:22.741 WARN  JexlEngine - ![38,47]: 'QD < 2.0 || FS > 60.0 || MQ < 40.0 || MQRankSum < -12.5 || ReadPosRankSum < -8.0;' undefined variable MQRankSum
19:10:22.741 WARN  JexlEngine - ![38,47]: 'QD < 2.0 || FS > 60.0 || MQ < 40.0 || MQRankSum < -12.5 || ReadPosRankSum < -8.0;' undefined variable MQRankSum
19:10:22.742 WARN  JexlEngine - ![38,47]: 'QD < 2.0 || FS > 60.0 || MQ < 40.0 || MQRankSum < -12.5 || ReadPosRankSum < -8.0;' undefined variable MQRankSum
19:10:22.743 WARN  JexlEngine - ![38,47]: 'QD < 2.0 || FS > 60.0 || MQ < 40.0 || MQRankSum < -12.5 || ReadPosRankSum < -8.0;' undefined variable MQRankSum
19:10:22.744 WARN  JexlEngine - ![38,47]: 'QD < 2.0 || FS > 60.0 || MQ < 40.0 || MQRankSum < -12.5 || ReadPosRankSum < -8.0;' undefined variable MQRankSum
19:10:22.744 WARN  JexlEngine - ![38,47]: 'QD < 2.0 || FS > 60.0 || MQ < 40.0 || MQRankSum < -12.5 || ReadPosRankSum < -8.0;' undefined variable MQRankSum
19:10:22.745 WARN  JexlEngine - ![38,47]: 'QD < 2.0 || FS > 60.0 || MQ < 40.0 || MQRankSum < -12.5 || ReadPosRankSum < -8.0;' undefined variable MQRankSum
19:10:22.745 WARN  JexlEngine - ![38,47]: 'QD < 2.0 || FS > 60.0 || MQ < 40.0 || MQRankSum < -12.5 || ReadPosRankSum < -8.0;' undefined variable MQRankSum
19:10:22.746 WARN  JexlEngine - ![38,47]: 'QD < 2.0 || FS > 60.0 || MQ < 40.0 || MQRankSum < -12.5 || ReadPosRankSum < -8.0;' undefined variable MQRankSum
19:10:22.747 WARN  JexlEngine - ![38,47]: 'QD < 2.0 || FS > 60.0 || MQ < 40.0 || MQRankSum < -12.5 || ReadPosRankSum < -8.0;' undefined variable MQRankSum
19:10:22.749 WARN  JexlEngine - ![38,47]: 'QD < 2.0 || FS > 60.0 || MQ < 40.0 || MQRankSum < -12.5 || ReadPosRankSum < -8.0;' undefined variable MQRankSum
19:10:22.750 WARN  JexlEngine - ![38,47]: 'QD < 2.0 || FS > 60.0 || MQ < 40.0 || MQRankSum < -12.5 || ReadPosRankSum < -8.0;' undefined variable MQRankSum
19:10:22.750 WARN  JexlEngine - ![38,47]: 'QD < 2.0 || FS > 60.0 || MQ < 40.0 || MQRankSum < -12.5 || ReadPosRankSum < -8.0;' undefined variable MQRankSum
19:10:22.751 WARN  JexlEngine - ![38,47]: 'QD < 2.0 || FS > 60.0 || MQ < 40.0 || MQRankSum < -12.5 || ReadPosRankSum < -8.0;' undefined variable MQRankSum
19:10:22.751 WARN  JexlEngine - ![38,47]: 'QD < 2.0 || FS > 60.0 || MQ < 40.0 || MQRankSum < -12.5 || ReadPosRankSum < -8.0;' undefined variable MQRankSum
19:10:22.752 WARN  JexlEngine - ![38,47]: 'QD < 2.0 || FS > 60.0 || MQ < 40.0 || MQRankSum < -12.5 || ReadPosRankSum < -8.0;' undefined variable MQRankSum
19:10:22.752 WARN  JexlEngine - ![38,47]: 'QD < 2.0 || FS > 60.0 || MQ < 40.0 || MQRankSum < -12.5 || ReadPosRankSum < -8.0;' undefined variable MQRankSum
19:10:22.752 WARN  JexlEngine - ![38,47]: 'QD < 2.0 || FS > 60.0 || MQ < 40.0 || MQRankSum < -12.5 || ReadPosRankSum < -8.0;' undefined variable MQRankSum
19:10:22.753 WARN  JexlEngine - ![38,47]: 'QD < 2.0 || FS > 60.0 || MQ < 40.0 || MQRankSum < -12.5 || ReadPosRankSum < -8.0;' undefined variable MQRankSum
19:10:22.753 WARN  JexlEngine - ![38,47]: 'QD < 2.0 || FS > 60.0 || MQ < 40.0 || MQRankSum < -12.5 || ReadPosRankSum < -8.0;' undefined variable MQRankSum
19:10:22.754 WARN  JexlEngine - ![38,47]: 'QD < 2.0 || FS > 60.0 || MQ < 40.0 || MQRankSum < -12.5 || ReadPosRankSum < -8.0;' undefined variable MQRankSum
19:10:22.754 WARN  JexlEngine - ![38,47]: 'QD < 2.0 || FS > 60.0 || MQ < 40.0 || MQRankSum < -12.5 || ReadPosRankSum < -8.0;' undefined variable MQRankSum
19:10:22.755 WARN  JexlEngine - ![38,47]: 'QD < 2.0 || FS > 60.0 || MQ < 40.0 || MQRankSum < -12.5 || ReadPosRankSum < -8.0;' undefined variable MQRankSum
19:10:22.755 WARN  JexlEngine - ![38,47]: 'QD < 2.0 || FS > 60.0 || MQ < 40.0 || MQRankSum < -12.5 || ReadPosRankSum < -8.0;' undefined variable MQRankSum
19:10:22.756 WARN  JexlEngine - ![38,47]: 'QD < 2.0 || FS > 60.0 || MQ < 40.0 || MQRankSum < -12.5 || ReadPosRankSum < -8.0;' undefined variable MQRankSum
19:10:22.757 WARN  JexlEngine - ![38,47]: 'QD < 2.0 || FS > 60.0 || MQ < 40.0 || MQRankSum < -12.5 || ReadPosRankSum < -8.0;' undefined variable MQRankSum
19:10:22.758 WARN  JexlEngine - ![38,47]: 'QD < 2.0 || FS > 60.0 || MQ < 40.0 || MQRankSum < -12.5 || ReadPosRankSum < -8.0;' undefined variable MQRankSum
19:10:22.758 WARN  JexlEngine - ![38,47]: 'QD < 2.0 || FS > 60.0 || MQ < 40.0 || MQRankSum < -12.5 || ReadPosRankSum < -8.0;' undefined variable MQRankSum
19:10:22.759 WARN  JexlEngine - ![38,47]: 'QD < 2.0 || FS > 60.0 || MQ < 40.0 || MQRankSum < -12.5 || ReadPosRankSum < -8.0;' undefined variable MQRankSum
19:10:22.760 WARN  JexlEngine - ![38,47]: 'QD < 2.0 || FS > 60.0 || MQ < 40.0 || MQRankSum < -12.5 || ReadPosRankSum < -8.0;' undefined variable MQRankSum
19:10:22.761 WARN  JexlEngine - ![38,47]: 'QD < 2.0 || FS > 60.0 || MQ < 40.0 || MQRankSum < -12.5 || ReadPosRankSum < -8.0;' undefined variable MQRankSum
19:10:22.761 WARN  JexlEngine - ![38,47]: 'QD < 2.0 || FS > 60.0 || MQ < 40.0 || MQRankSum < -12.5 || ReadPosRankSum < -8.0;' undefined variable MQRankSum
19:10:22.762 WARN  JexlEngine - ![38,47]: 'QD < 2.0 || FS > 60.0 || MQ < 40.0 || MQRankSum < -12.5 || ReadPosRankSum < -8.0;' undefined variable MQRankSum
19:10:22.762 WARN  JexlEngine - ![38,47]: 'QD < 2.0 || FS > 60.0 || MQ < 40.0 || MQRankSum < -12.5 || ReadPosRankSum < -8.0;' undefined variable MQRankSum
19:10:22.763 WARN  JexlEngine - ![38,47]: 'QD < 2.0 || FS > 60.0 || MQ < 40.0 || MQRankSum < -12.5 || ReadPosRankSum < -8.0;' undefined variable MQRankSum
19:10:22.764 WARN  JexlEngine - ![38,47]: 'QD < 2.0 || FS > 60.0 || MQ < 40.0 || MQRankSum < -12.5 || ReadPosRankSum < -8.0;' undefined variable MQRankSum
19:10:22.764 WARN  JexlEngine - ![38,47]: 'QD < 2.0 || FS > 60.0 || MQ < 40.0 || MQRankSum < -12.5 || ReadPosRankSum < -8.0;' undefined variable MQRankSum
19:10:22.764 WARN  JexlEngine - ![38,47]: 'QD < 2.0 || FS > 60.0 || MQ < 40.0 || MQRankSum < -12.5 || ReadPosRankSum < -8.0;' undefined variable MQRankSum
19:10:22.765 WARN  JexlEngine - ![38,47]: 'QD < 2.0 || FS > 60.0 || MQ < 40.0 || MQRankSum < -12.5 || ReadPosRankSum < -8.0;' undefined variable MQRankSum
19:10:22.765 WARN  JexlEngine - ![38,47]: 'QD < 2.0 || FS > 60.0 || MQ < 40.0 || MQRankSum < -12.5 || ReadPosRankSum < -8.0;' undefined variable MQRankSum
19:10:22.766 WARN  JexlEngine - ![38,47]: 'QD < 2.0 || FS > 60.0 || MQ < 40.0 || MQRankSum < -12.5 || ReadPosRankSum < -8.0;' undefined variable MQRankSum
19:10:22.766 WARN  JexlEngine - ![38,47]: 'QD < 2.0 || FS > 60.0 || MQ < 40.0 || MQRankSum < -12.5 || ReadPosRankSum < -8.0;' undefined variable MQRankSum
19:10:22.767 WARN  JexlEngine - ![38,47]: 'QD < 2.0 || FS > 60.0 || MQ < 40.0 || MQRankSum < -12.5 || ReadPosRankSum < -8.0;' undefined variable MQRankSum
19:10:22.767 WARN  JexlEngine - ![38,47]: 'QD < 2.0 || FS > 60.0 || MQ < 40.0 || MQRankSum < -12.5 || ReadPosRankSum < -8.0;' undefined variable MQRankSum
19:10:22.768 WARN  JexlEngine - ![38,47]: 'QD < 2.0 || FS > 60.0 || MQ < 40.0 || MQRankSum < -12.5 || ReadPosRankSum < -8.0;' undefined variable MQRankSum
19:10:22.769 WARN  JexlEngine - ![38,47]: 'QD < 2.0 || FS > 60.0 || MQ < 40.0 || MQRankSum < -12.5 || ReadPosRankSum < -8.0;' undefined variable MQRankSum
19:10:22.771 WARN  JexlEngine - ![38,47]: 'QD < 2.0 || FS > 60.0 || MQ < 40.0 || MQRankSum < -12.5 || ReadPosRankSum < -8.0;' undefined variable MQRankSum
19:10:22.772 WARN  JexlEngine - ![38,47]: 'QD < 2.0 || FS > 60.0 || MQ < 40.0 || MQRankSum < -12.5 || ReadPosRankSum < -8.0;' undefined variable MQRankSum
19:10:22.772 WARN  JexlEngine - ![38,47]: 'QD < 2.0 || FS > 60.0 || MQ < 40.0 || MQRankSum < -12.5 || ReadPosRankSum < -8.0;' undefined variable MQRankSum
19:10:22.773 WARN  JexlEngine - ![38,47]: 'QD < 2.0 || FS > 60.0 || MQ < 40.0 || MQRankSum < -12.5 || ReadPosRankSum < -8.0;' undefined variable MQRankSum
19:10:22.774 WARN  JexlEngine - ![38,47]: 'QD < 2.0 || FS > 60.0 || MQ < 40.0 || MQRankSum < -12.5 || ReadPosRankSum < -8.0;' undefined variable MQRankSum
19:10:22.774 WARN  JexlEngine - ![38,47]: 'QD < 2.0 || FS > 60.0 || MQ < 40.0 || MQRankSum < -12.5 || ReadPosRankSum < -8.0;' undefined variable MQRankSum
19:10:22.775 WARN  JexlEngine - ![38,47]: 'QD < 2.0 || FS > 60.0 || MQ < 40.0 || MQRankSum < -12.5 || ReadPosRankSum < -8.0;' undefined variable MQRankSum
19:10:22.775 WARN  JexlEngine - ![38,47]: 'QD < 2.0 || FS > 60.0 || MQ < 40.0 || MQRankSum < -12.5 || ReadPosRankSum < -8.0;' undefined variable MQRankSum
19:10:22.777 WARN  JexlEngine - ![38,47]: 'QD < 2.0 || FS > 60.0 || MQ < 40.0 || MQRankSum < -12.5 || ReadPosRankSum < -8.0;' undefined variable MQRankSum
19:10:22.778 WARN  JexlEngine - ![38,47]: 'QD < 2.0 || FS > 60.0 || MQ < 40.0 || MQRankSum < -12.5 || ReadPosRankSum < -8.0;' undefined variable MQRankSum
19:10:22.778 WARN  JexlEngine - ![38,47]: 'QD < 2.0 || FS > 60.0 || MQ < 40.0 || MQRankSum < -12.5 || ReadPosRankSum < -8.0;' undefined variable MQRankSum
19:10:22.779 WARN  JexlEngine - ![38,47]: 'QD < 2.0 || FS > 60.0 || MQ < 40.0 || MQRankSum < -12.5 || ReadPosRankSum < -8.0;' undefined variable MQRankSum
19:10:22.779 WARN  JexlEngine - ![38,47]: 'QD < 2.0 || FS > 60.0 || MQ < 40.0 || MQRankSum < -12.5 || ReadPosRankSum < -8.0;' undefined variable MQRankSum
19:10:22.780 WARN  JexlEngine - ![38,47]: 'QD < 2.0 || FS > 60.0 || MQ < 40.0 || MQRankSum < -12.5 || ReadPosRankSum < -8.0;' undefined variable MQRankSum
19:10:22.783 WARN  JexlEngine - ![38,47]: 'QD < 2.0 || FS > 60.0 || MQ < 40.0 || MQRankSum < -12.5 || ReadPosRankSum < -8.0;' undefined variable MQRankSum
19:10:22.783 WARN  JexlEngine - ![38,47]: 'QD < 2.0 || FS > 60.0 || MQ < 40.0 || MQRankSum < -12.5 || ReadPosRankSum < -8.0;' undefined variable MQRankSum
19:10:22.784 WARN  JexlEngine - ![38,47]: 'QD < 2.0 || FS > 60.0 || MQ < 40.0 || MQRankSum < -12.5 || ReadPosRankSum < -8.0;' undefined variable MQRankSum
19:10:22.785 WARN  JexlEngine - ![38,47]: 'QD < 2.0 || FS > 60.0 || MQ < 40.0 || MQRankSum < -12.5 || ReadPosRankSum < -8.0;' undefined variable MQRankSum
19:10:22.785 WARN  JexlEngine - ![38,47]: 'QD < 2.0 || FS > 60.0 || MQ < 40.0 || MQRankSum < -12.5 || ReadPosRankSum < -8.0;' undefined variable MQRankSum
19:10:22.786 WARN  JexlEngine - ![38,47]: 'QD < 2.0 || FS > 60.0 || MQ < 40.0 || MQRankSum < -12.5 || ReadPosRankSum < -8.0;' undefined variable MQRankSum
19:10:22.786 WARN  JexlEngine - ![38,47]: 'QD < 2.0 || FS > 60.0 || MQ < 40.0 || MQRankSum < -12.5 || ReadPosRankSum < -8.0;' undefined variable MQRankSum
19:10:22.787 WARN  JexlEngine - ![38,47]: 'QD < 2.0 || FS > 60.0 || MQ < 40.0 || MQRankSum < -12.5 || ReadPosRankSum < -8.0;' undefined variable MQRankSum
19:10:22.787 WARN  JexlEngine - ![38,47]: 'QD < 2.0 || FS > 60.0 || MQ < 40.0 || MQRankSum < -12.5 || ReadPosRankSum < -8.0;' undefined variable MQRankSum
19:10:22.788 WARN  JexlEngine - ![38,47]: 'QD < 2.0 || FS > 60.0 || MQ < 40.0 || MQRankSum < -12.5 || ReadPosRankSum < -8.0;' undefined variable MQRankSum
19:10:22.789 WARN  JexlEngine - ![38,47]: 'QD < 2.0 || FS > 60.0 || MQ < 40.0 || MQRankSum < -12.5 || ReadPosRankSum < -8.0;' undefined variable MQRankSum
19:10:22.789 WARN  JexlEngine - ![38,47]: 'QD < 2.0 || FS > 60.0 || MQ < 40.0 || MQRankSum < -12.5 || ReadPosRankSum < -8.0;' undefined variable MQRankSum
19:10:22.790 WARN  JexlEngine - ![38,47]: 'QD < 2.0 || FS > 60.0 || MQ < 40.0 || MQRankSum < -12.5 || ReadPosRankSum < -8.0;' undefined variable MQRankSum
19:10:22.791 WARN  JexlEngine - ![38,47]: 'QD < 2.0 || FS > 60.0 || MQ < 40.0 || MQRankSum < -12.5 || ReadPosRankSum < -8.0;' undefined variable MQRankSum
19:10:22.792 WARN  JexlEngine - ![38,47]: 'QD < 2.0 || FS > 60.0 || MQ < 40.0 || MQRankSum < -12.5 || ReadPosRankSum < -8.0;' undefined variable MQRankSum
19:10:22.792 WARN  JexlEngine - ![38,47]: 'QD < 2.0 || FS > 60.0 || MQ < 40.0 || MQRankSum < -12.5 || ReadPosRankSum < -8.0;' undefined variable MQRankSum
19:10:22.793 WARN  JexlEngine - ![38,47]: 'QD < 2.0 || FS > 60.0 || MQ < 40.0 || MQRankSum < -12.5 || ReadPosRankSum < -8.0;' undefined variable MQRankSum
19:10:22.793 WARN  JexlEngine - ![38,47]: 'QD < 2.0 || FS > 60.0 || MQ < 40.0 || MQRankSum < -12.5 || ReadPosRankSum < -8.0;' undefined variable MQRankSum
19:10:22.793 WARN  JexlEngine - ![38,47]: 'QD < 2.0 || FS > 60.0 || MQ < 40.0 || MQRankSum < -12.5 || ReadPosRankSum < -8.0;' undefined variable MQRankSum
19:10:22.794 WARN  JexlEngine - ![38,47]: 'QD < 2.0 || FS > 60.0 || MQ < 40.0 || MQRankSum < -12.5 || ReadPosRankSum < -8.0;' undefined variable MQRankSum
19:10:22.794 WARN  JexlEngine - ![38,47]: 'QD < 2.0 || FS > 60.0 || MQ < 40.0 || MQRankSum < -12.5 || ReadPosRankSum < -8.0;' undefined variable MQRankSum
19:10:22.795 WARN  JexlEngine - ![38,47]: 'QD < 2.0 || FS > 60.0 || MQ < 40.0 || MQRankSum < -12.5 || ReadPosRankSum < -8.0;' undefined variable MQRankSum
19:10:22.795 WARN  JexlEngine - ![38,47]: 'QD < 2.0 || FS > 60.0 || MQ < 40.0 || MQRankSum < -12.5 || ReadPosRankSum < -8.0;' undefined variable MQRankSum
19:10:22.795 WARN  JexlEngine - ![38,47]: 'QD < 2.0 || FS > 60.0 || MQ < 40.0 || MQRankSum < -12.5 || ReadPosRankSum < -8.0;' undefined variable MQRankSum
19:10:22.796 WARN  JexlEngine - ![38,47]: 'QD < 2.0 || FS > 60.0 || MQ < 40.0 || MQRankSum < -12.5 || ReadPosRankSum < -8.0;' undefined variable MQRankSum
19:10:22.796 WARN  JexlEngine - ![38,47]: 'QD < 2.0 || FS > 60.0 || MQ < 40.0 || MQRankSum < -12.5 || ReadPosRankSum < -8.0;' undefined variable MQRankSum
19:10:22.796 WARN  JexlEngine - ![38,47]: 'QD < 2.0 || FS > 60.0 || MQ < 40.0 || MQRankSum < -12.5 || ReadPosRankSum < -8.0;' undefined variable MQRankSum
19:10:22.797 WARN  JexlEngine - ![38,47]: 'QD < 2.0 || FS > 60.0 || MQ < 40.0 || MQRankSum < -12.5 || ReadPosRankSum < -8.0;' undefined variable MQRankSum
19:10:22.797 WARN  JexlEngine - ![38,47]: 'QD < 2.0 || FS > 60.0 || MQ < 40.0 || MQRankSum < -12.5 || ReadPosRankSum < -8.0;' undefined variable MQRankSum
19:10:22.797 WARN  JexlEngine - ![38,47]: 'QD < 2.0 || FS > 60.0 || MQ < 40.0 || MQRankSum < -12.5 || ReadPosRankSum < -8.0;' undefined variable MQRankSum
19:10:22.798 WARN  JexlEngine - ![38,47]: 'QD < 2.0 || FS > 60.0 || MQ < 40.0 || MQRankSum < -12.5 || ReadPosRankSum < -8.0;' undefined variable MQRankSum
19:10:22.799 WARN  JexlEngine - ![38,47]: 'QD < 2.0 || FS > 60.0 || MQ < 40.0 || MQRankSum < -12.5 || ReadPosRankSum < -8.0;' undefined variable MQRankSum
19:10:22.799 WARN  JexlEngine - ![38,47]: 'QD < 2.0 || FS > 60.0 || MQ < 40.0 || MQRankSum < -12.5 || ReadPosRankSum < -8.0;' undefined variable MQRankSum
19:10:22.799 WARN  JexlEngine - ![38,47]: 'QD < 2.0 || FS > 60.0 || MQ < 40.0 || MQRankSum < -12.5 || ReadPosRankSum < -8.0;' undefined variable MQRankSum
19:10:22.800 WARN  JexlEngine - ![38,47]: 'QD < 2.0 || FS > 60.0 || MQ < 40.0 || MQRankSum < -12.5 || ReadPosRankSum < -8.0;' undefined variable MQRankSum
19:10:22.800 WARN  JexlEngine - ![38,47]: 'QD < 2.0 || FS > 60.0 || MQ < 40.0 || MQRankSum < -12.5 || ReadPosRankSum < -8.0;' undefined variable MQRankSum
19:10:22.800 WARN  JexlEngine - ![38,47]: 'QD < 2.0 || FS > 60.0 || MQ < 40.0 || MQRankSum < -12.5 || ReadPosRankSum < -8.0;' undefined variable MQRankSum
19:10:22.801 WARN  JexlEngine - ![38,47]: 'QD < 2.0 || FS > 60.0 || MQ < 40.0 || MQRankSum < -12.5 || ReadPosRankSum < -8.0;' undefined variable MQRankSum
19:10:22.802 WARN  JexlEngine - ![38,47]: 'QD < 2.0 || FS > 60.0 || MQ < 40.0 || MQRankSum < -12.5 || ReadPosRankSum < -8.0;' undefined variable MQRankSum
19:10:22.802 WARN  JexlEngine - ![38,47]: 'QD < 2.0 || FS > 60.0 || MQ < 40.0 || MQRankSum < -12.5 || ReadPosRankSum < -8.0;' undefined variable MQRankSum
19:10:22.803 WARN  JexlEngine - ![38,47]: 'QD < 2.0 || FS > 60.0 || MQ < 40.0 || MQRankSum < -12.5 || ReadPosRankSum < -8.0;' undefined variable MQRankSum
19:10:22.804 WARN  JexlEngine - ![38,47]: 'QD < 2.0 || FS > 60.0 || MQ < 40.0 || MQRankSum < -12.5 || ReadPosRankSum < -8.0;' undefined variable MQRankSum
19:10:22.804 WARN  JexlEngine - ![38,47]: 'QD < 2.0 || FS > 60.0 || MQ < 40.0 || MQRankSum < -12.5 || ReadPosRankSum < -8.0;' undefined variable MQRankSum
19:10:22.804 WARN  JexlEngine - ![38,47]: 'QD < 2.0 || FS > 60.0 || MQ < 40.0 || MQRankSum < -12.5 || ReadPosRankSum < -8.0;' undefined variable MQRankSum
19:10:22.805 WARN  JexlEngine - ![38,47]: 'QD < 2.0 || FS > 60.0 || MQ < 40.0 || MQRankSum < -12.5 || ReadPosRankSum < -8.0;' undefined variable MQRankSum
19:10:22.807 WARN  JexlEngine - ![38,47]: 'QD < 2.0 || FS > 60.0 || MQ < 40.0 || MQRankSum < -12.5 || ReadPosRankSum < -8.0;' undefined variable MQRankSum
19:10:22.808 WARN  JexlEngine - ![38,47]: 'QD < 2.0 || FS > 60.0 || MQ < 40.0 || MQRankSum < -12.5 || ReadPosRankSum < -8.0;' undefined variable MQRankSum
19:10:22.808 WARN  JexlEngine - ![38,47]: 'QD < 2.0 || FS > 60.0 || MQ < 40.0 || MQRankSum < -12.5 || ReadPosRankSum < -8.0;' undefined variable MQRankSum
19:10:22.809 WARN  JexlEngine - ![38,47]: 'QD < 2.0 || FS > 60.0 || MQ < 40.0 || MQRankSum < -12.5 || ReadPosRankSum < -8.0;' undefined variable MQRankSum
19:10:22.810 WARN  JexlEngine - ![38,47]: 'QD < 2.0 || FS > 60.0 || MQ < 40.0 || MQRankSum < -12.5 || ReadPosRankSum < -8.0;' undefined variable MQRankSum
19:10:22.810 WARN  JexlEngine - ![38,47]: 'QD < 2.0 || FS > 60.0 || MQ < 40.0 || MQRankSum < -12.5 || ReadPosRankSum < -8.0;' undefined variable MQRankSum
19:10:22.810 WARN  JexlEngine - ![38,47]: 'QD < 2.0 || FS > 60.0 || MQ < 40.0 || MQRankSum < -12.5 || ReadPosRankSum < -8.0;' undefined variable MQRankSum
19:10:22.811 WARN  JexlEngine - ![38,47]: 'QD < 2.0 || FS > 60.0 || MQ < 40.0 || MQRankSum < -12.5 || ReadPosRankSum < -8.0;' undefined variable MQRankSum
19:10:22.812 WARN  JexlEngine - ![38,47]: 'QD < 2.0 || FS > 60.0 || MQ < 40.0 || MQRankSum < -12.5 || ReadPosRankSum < -8.0;' undefined variable MQRankSum
19:10:22.812 WARN  JexlEngine - ![38,47]: 'QD < 2.0 || FS > 60.0 || MQ < 40.0 || MQRankSum < -12.5 || ReadPosRankSum < -8.0;' undefined variable MQRankSum
19:10:22.812 WARN  JexlEngine - ![38,47]: 'QD < 2.0 || FS > 60.0 || MQ < 40.0 || MQRankSum < -12.5 || ReadPosRankSum < -8.0;' undefined variable MQRankSum
19:10:22.813 WARN  JexlEngine - ![38,47]: 'QD < 2.0 || FS > 60.0 || MQ < 40.0 || MQRankSum < -12.5 || ReadPosRankSum < -8.0;' undefined variable MQRankSum
19:10:22.813 WARN  JexlEngine - ![38,47]: 'QD < 2.0 || FS > 60.0 || MQ < 40.0 || MQRankSum < -12.5 || ReadPosRankSum < -8.0;' undefined variable MQRankSum
19:10:22.813 WARN  JexlEngine - ![38,47]: 'QD < 2.0 || FS > 60.0 || MQ < 40.0 || MQRankSum < -12.5 || ReadPosRankSum < -8.0;' undefined variable MQRankSum
19:10:22.814 WARN  JexlEngine - ![38,47]: 'QD < 2.0 || FS > 60.0 || MQ < 40.0 || MQRankSum < -12.5 || ReadPosRankSum < -8.0;' undefined variable MQRankSum
19:10:22.814 WARN  JexlEngine - ![38,47]: 'QD < 2.0 || FS > 60.0 || MQ < 40.0 || MQRankSum < -12.5 || ReadPosRankSum < -8.0;' undefined variable MQRankSum
19:10:22.814 WARN  JexlEngine - ![38,47]: 'QD < 2.0 || FS > 60.0 || MQ < 40.0 || MQRankSum < -12.5 || ReadPosRankSum < -8.0;' undefined variable MQRankSum
19:10:22.815 WARN  JexlEngine - ![38,47]: 'QD < 2.0 || FS > 60.0 || MQ < 40.0 || MQRankSum < -12.5 || ReadPosRankSum < -8.0;' undefined variable MQRankSum
19:10:22.815 WARN  JexlEngine - ![38,47]: 'QD < 2.0 || FS > 60.0 || MQ < 40.0 || MQRankSum < -12.5 || ReadPosRankSum < -8.0;' undefined variable MQRankSum
19:10:22.815 WARN  JexlEngine - ![38,47]: 'QD < 2.0 || FS > 60.0 || MQ < 40.0 || MQRankSum < -12.5 || ReadPosRankSum < -8.0;' undefined variable MQRankSum
19:10:22.816 WARN  JexlEngine - ![38,47]: 'QD < 2.0 || FS > 60.0 || MQ < 40.0 || MQRankSum < -12.5 || ReadPosRankSum < -8.0;' undefined variable MQRankSum
19:10:22.816 WARN  JexlEngine - ![38,47]: 'QD < 2.0 || FS > 60.0 || MQ < 40.0 || MQRankSum < -12.5 || ReadPosRankSum < -8.0;' undefined variable MQRankSum
19:10:22.817 WARN  JexlEngine - ![38,47]: 'QD < 2.0 || FS > 60.0 || MQ < 40.0 || MQRankSum < -12.5 || ReadPosRankSum < -8.0;' undefined variable MQRankSum
19:10:22.817 WARN  JexlEngine - ![38,47]: 'QD < 2.0 || FS > 60.0 || MQ < 40.0 || MQRankSum < -12.5 || ReadPosRankSum < -8.0;' undefined variable MQRankSum
19:10:22.817 WARN  JexlEngine - ![38,47]: 'QD < 2.0 || FS > 60.0 || MQ < 40.0 || MQRankSum < -12.5 || ReadPosRankSum < -8.0;' undefined variable MQRankSum
19:10:22.817 WARN  JexlEngine - ![38,47]: 'QD < 2.0 || FS > 60.0 || MQ < 40.0 || MQRankSum < -12.5 || ReadPosRankSum < -8.0;' undefined variable MQRankSum
19:10:22.818 WARN  JexlEngine - ![38,47]: 'QD < 2.0 || FS > 60.0 || MQ < 40.0 || MQRankSum < -12.5 || ReadPosRankSum < -8.0;' undefined variable MQRankSum
19:10:22.819 WARN  JexlEngine - ![38,47]: 'QD < 2.0 || FS > 60.0 || MQ < 40.0 || MQRankSum < -12.5 || ReadPosRankSum < -8.0;' undefined variable MQRankSum
19:10:22.820 WARN  JexlEngine - ![38,47]: 'QD < 2.0 || FS > 60.0 || MQ < 40.0 || MQRankSum < -12.5 || ReadPosRankSum < -8.0;' undefined variable MQRankSum
19:10:22.820 WARN  JexlEngine - ![38,47]: 'QD < 2.0 || FS > 60.0 || MQ < 40.0 || MQRankSum < -12.5 || ReadPosRankSum < -8.0;' undefined variable MQRankSum
19:10:22.820 WARN  JexlEngine - ![38,47]: 'QD < 2.0 || FS > 60.0 || MQ < 40.0 || MQRankSum < -12.5 || ReadPosRankSum < -8.0;' undefined variable MQRankSum
19:10:22.821 WARN  JexlEngine - ![38,47]: 'QD < 2.0 || FS > 60.0 || MQ < 40.0 || MQRankSum < -12.5 || ReadPosRankSum < -8.0;' undefined variable MQRankSum
19:10:22.821 WARN  JexlEngine - ![38,47]: 'QD < 2.0 || FS > 60.0 || MQ < 40.0 || MQRankSum < -12.5 || ReadPosRankSum < -8.0;' undefined variable MQRankSum
19:10:22.821 WARN  JexlEngine - ![38,47]: 'QD < 2.0 || FS > 60.0 || MQ < 40.0 || MQRankSum < -12.5 || ReadPosRankSum < -8.0;' undefined variable MQRankSum
19:10:22.822 WARN  JexlEngine - ![38,47]: 'QD < 2.0 || FS > 60.0 || MQ < 40.0 || MQRankSum < -12.5 || ReadPosRankSum < -8.0;' undefined variable MQRankSum
19:10:22.822 WARN  JexlEngine - ![38,47]: 'QD < 2.0 || FS > 60.0 || MQ < 40.0 || MQRankSum < -12.5 || ReadPosRankSum < -8.0;' undefined variable MQRankSum
19:10:22.823 WARN  JexlEngine - ![38,47]: 'QD < 2.0 || FS > 60.0 || MQ < 40.0 || MQRankSum < -12.5 || ReadPosRankSum < -8.0;' undefined variable MQRankSum
19:10:22.823 WARN  JexlEngine - ![38,47]: 'QD < 2.0 || FS > 60.0 || MQ < 40.0 || MQRankSum < -12.5 || ReadPosRankSum < -8.0;' undefined variable MQRankSum
19:10:22.823 WARN  JexlEngine - ![38,47]: 'QD < 2.0 || FS > 60.0 || MQ < 40.0 || MQRankSum < -12.5 || ReadPosRankSum < -8.0;' undefined variable MQRankSum
19:10:22.823 WARN  JexlEngine - ![38,47]: 'QD < 2.0 || FS > 60.0 || MQ < 40.0 || MQRankSum < -12.5 || ReadPosRankSum < -8.0;' undefined variable MQRankSum
19:10:22.824 WARN  JexlEngine - ![38,47]: 'QD < 2.0 || FS > 60.0 || MQ < 40.0 || MQRankSum < -12.5 || ReadPosRankSum < -8.0;' undefined variable MQRankSum
19:10:22.824 WARN  JexlEngine - ![38,47]: 'QD < 2.0 || FS > 60.0 || MQ < 40.0 || MQRankSum < -12.5 || ReadPosRankSum < -8.0;' undefined variable MQRankSum
19:10:22.825 WARN  JexlEngine - ![38,47]: 'QD < 2.0 || FS > 60.0 || MQ < 40.0 || MQRankSum < -12.5 || ReadPosRankSum < -8.0;' undefined variable MQRankSum
19:10:22.825 WARN  JexlEngine - ![38,47]: 'QD < 2.0 || FS > 60.0 || MQ < 40.0 || MQRankSum < -12.5 || ReadPosRankSum < -8.0;' undefined variable MQRankSum
19:10:22.825 WARN  JexlEngine - ![38,47]: 'QD < 2.0 || FS > 60.0 || MQ < 40.0 || MQRankSum < -12.5 || ReadPosRankSum < -8.0;' undefined variable MQRankSum
19:10:22.826 WARN  JexlEngine - ![38,47]: 'QD < 2.0 || FS > 60.0 || MQ < 40.0 || MQRankSum < -12.5 || ReadPosRankSum < -8.0;' undefined variable MQRankSum
19:10:22.826 WARN  JexlEngine - ![38,47]: 'QD < 2.0 || FS > 60.0 || MQ < 40.0 || MQRankSum < -12.5 || ReadPosRankSum < -8.0;' undefined variable MQRankSum
19:10:22.826 WARN  JexlEngine - ![38,47]: 'QD < 2.0 || FS > 60.0 || MQ < 40.0 || MQRankSum < -12.5 || ReadPosRankSum < -8.0;' undefined variable MQRankSum
19:10:22.827 WARN  JexlEngine - ![38,47]: 'QD < 2.0 || FS > 60.0 || MQ < 40.0 || MQRankSum < -12.5 || ReadPosRankSum < -8.0;' undefined variable MQRankSum
19:10:22.827 WARN  JexlEngine - ![38,47]: 'QD < 2.0 || FS > 60.0 || MQ < 40.0 || MQRankSum < -12.5 || ReadPosRankSum < -8.0;' undefined variable MQRankSum
19:10:22.828 WARN  JexlEngine - ![38,47]: 'QD < 2.0 || FS > 60.0 || MQ < 40.0 || MQRankSum < -12.5 || ReadPosRankSum < -8.0;' undefined variable MQRankSum
19:10:22.828 WARN  JexlEngine - ![38,47]: 'QD < 2.0 || FS > 60.0 || MQ < 40.0 || MQRankSum < -12.5 || ReadPosRankSum < -8.0;' undefined variable MQRankSum
19:10:22.828 WARN  JexlEngine - ![38,47]: 'QD < 2.0 || FS > 60.0 || MQ < 40.0 || MQRankSum < -12.5 || ReadPosRankSum < -8.0;' undefined variable MQRankSum
19:10:22.829 WARN  JexlEngine - ![38,47]: 'QD < 2.0 || FS > 60.0 || MQ < 40.0 || MQRankSum < -12.5 || ReadPosRankSum < -8.0;' undefined variable MQRankSum
19:10:22.829 WARN  JexlEngine - ![38,47]: 'QD < 2.0 || FS > 60.0 || MQ < 40.0 || MQRankSum < -12.5 || ReadPosRankSum < -8.0;' undefined variable MQRankSum
19:10:22.830 WARN  JexlEngine - ![38,47]: 'QD < 2.0 || FS > 60.0 || MQ < 40.0 || MQRankSum < -12.5 || ReadPosRankSum < -8.0;' undefined variable MQRankSum
19:10:22.830 WARN  JexlEngine - ![38,47]: 'QD < 2.0 || FS > 60.0 || MQ < 40.0 || MQRankSum < -12.5 || ReadPosRankSum < -8.0;' undefined variable MQRankSum
19:10:22.830 WARN  JexlEngine - ![38,47]: 'QD < 2.0 || FS > 60.0 || MQ < 40.0 || MQRankSum < -12.5 || ReadPosRankSum < -8.0;' undefined variable MQRankSum
19:10:22.831 WARN  JexlEngine - ![38,47]: 'QD < 2.0 || FS > 60.0 || MQ < 40.0 || MQRankSum < -12.5 || ReadPosRankSum < -8.0;' undefined variable MQRankSum
19:10:22.831 WARN  JexlEngine - ![38,47]: 'QD < 2.0 || FS > 60.0 || MQ < 40.0 || MQRankSum < -12.5 || ReadPosRankSum < -8.0;' undefined variable MQRankSum
19:10:22.832 WARN  JexlEngine - ![38,47]: 'QD < 2.0 || FS > 60.0 || MQ < 40.0 || MQRankSum < -12.5 || ReadPosRankSum < -8.0;' undefined variable MQRankSum
19:10:22.832 WARN  JexlEngine - ![38,47]: 'QD < 2.0 || FS > 60.0 || MQ < 40.0 || MQRankSum < -12.5 || ReadPosRankSum < -8.0;' undefined variable MQRankSum
19:10:22.832 WARN  JexlEngine - ![38,47]: 'QD < 2.0 || FS > 60.0 || MQ < 40.0 || MQRankSum < -12.5 || ReadPosRankSum < -8.0;' undefined variable MQRankSum
19:10:22.833 WARN  JexlEngine - ![38,47]: 'QD < 2.0 || FS > 60.0 || MQ < 40.0 || MQRankSum < -12.5 || ReadPosRankSum < -8.0;' undefined variable MQRankSum
19:10:22.834 WARN  JexlEngine - ![38,47]: 'QD < 2.0 || FS > 60.0 || MQ < 40.0 || MQRankSum < -12.5 || ReadPosRankSum < -8.0;' undefined variable MQRankSum
19:10:22.834 WARN  JexlEngine - ![38,47]: 'QD < 2.0 || FS > 60.0 || MQ < 40.0 || MQRankSum < -12.5 || ReadPosRankSum < -8.0;' undefined variable MQRankSum
19:10:22.835 WARN  JexlEngine - ![38,47]: 'QD < 2.0 || FS > 60.0 || MQ < 40.0 || MQRankSum < -12.5 || ReadPosRankSum < -8.0;' undefined variable MQRankSum
19:10:22.835 WARN  JexlEngine - ![38,47]: 'QD < 2.0 || FS > 60.0 || MQ < 40.0 || MQRankSum < -12.5 || ReadPosRankSum < -8.0;' undefined variable MQRankSum
19:10:22.836 WARN  JexlEngine - ![38,47]: 'QD < 2.0 || FS > 60.0 || MQ < 40.0 || MQRankSum < -12.5 || ReadPosRankSum < -8.0;' undefined variable MQRankSum
19:10:22.836 WARN  JexlEngine - ![38,47]: 'QD < 2.0 || FS > 60.0 || MQ < 40.0 || MQRankSum < -12.5 || ReadPosRankSum < -8.0;' undefined variable MQRankSum
19:10:22.837 WARN  JexlEngine - ![38,47]: 'QD < 2.0 || FS > 60.0 || MQ < 40.0 || MQRankSum < -12.5 || ReadPosRankSum < -8.0;' undefined variable MQRankSum
19:10:22.838 WARN  JexlEngine - ![38,47]: 'QD < 2.0 || FS > 60.0 || MQ < 40.0 || MQRankSum < -12.5 || ReadPosRankSum < -8.0;' undefined variable MQRankSum
19:10:22.838 WARN  JexlEngine - ![38,47]: 'QD < 2.0 || FS > 60.0 || MQ < 40.0 || MQRankSum < -12.5 || ReadPosRankSum < -8.0;' undefined variable MQRankSum
19:10:22.839 WARN  JexlEngine - ![38,47]: 'QD < 2.0 || FS > 60.0 || MQ < 40.0 || MQRankSum < -12.5 || ReadPosRankSum < -8.0;' undefined variable MQRankSum
19:10:22.839 WARN  JexlEngine - ![38,47]: 'QD < 2.0 || FS > 60.0 || MQ < 40.0 || MQRankSum < -12.5 || ReadPosRankSum < -8.0;' undefined variable MQRankSum
19:10:22.839 WARN  JexlEngine - ![38,47]: 'QD < 2.0 || FS > 60.0 || MQ < 40.0 || MQRankSum < -12.5 || ReadPosRankSum < -8.0;' undefined variable MQRankSum
19:10:22.840 WARN  JexlEngine - ![38,47]: 'QD < 2.0 || FS > 60.0 || MQ < 40.0 || MQRankSum < -12.5 || ReadPosRankSum < -8.0;' undefined variable MQRankSum
19:10:22.840 WARN  JexlEngine - ![38,47]: 'QD < 2.0 || FS > 60.0 || MQ < 40.0 || MQRankSum < -12.5 || ReadPosRankSum < -8.0;' undefined variable MQRankSum
19:10:22.841 WARN  JexlEngine - ![38,47]: 'QD < 2.0 || FS > 60.0 || MQ < 40.0 || MQRankSum < -12.5 || ReadPosRankSum < -8.0;' undefined variable MQRankSum
19:10:22.841 WARN  JexlEngine - ![38,47]: 'QD < 2.0 || FS > 60.0 || MQ < 40.0 || MQRankSum < -12.5 || ReadPosRankSum < -8.0;' undefined variable MQRankSum
19:10:22.841 WARN  JexlEngine - ![38,47]: 'QD < 2.0 || FS > 60.0 || MQ < 40.0 || MQRankSum < -12.5 || ReadPosRankSum < -8.0;' undefined variable MQRankSum
19:10:22.842 WARN  JexlEngine - ![38,47]: 'QD < 2.0 || FS > 60.0 || MQ < 40.0 || MQRankSum < -12.5 || ReadPosRankSum < -8.0;' undefined variable MQRankSum
19:10:22.842 WARN  JexlEngine - ![38,47]: 'QD < 2.0 || FS > 60.0 || MQ < 40.0 || MQRankSum < -12.5 || ReadPosRankSum < -8.0;' undefined variable MQRankSum
19:10:22.842 WARN  JexlEngine - ![38,47]: 'QD < 2.0 || FS > 60.0 || MQ < 40.0 || MQRankSum < -12.5 || ReadPosRankSum < -8.0;' undefined variable MQRankSum
19:10:22.842 WARN  JexlEngine - ![38,47]: 'QD < 2.0 || FS > 60.0 || MQ < 40.0 || MQRankSum < -12.5 || ReadPosRankSum < -8.0;' undefined variable MQRankSum
19:10:22.843 WARN  JexlEngine - ![38,47]: 'QD < 2.0 || FS > 60.0 || MQ < 40.0 || MQRankSum < -12.5 || ReadPosRankSum < -8.0;' undefined variable MQRankSum
19:10:22.843 WARN  JexlEngine - ![38,47]: 'QD < 2.0 || FS > 60.0 || MQ < 40.0 || MQRankSum < -12.5 || ReadPosRankSum < -8.0;' undefined variable MQRankSum
19:10:22.843 WARN  JexlEngine - ![38,47]: 'QD < 2.0 || FS > 60.0 || MQ < 40.0 || MQRankSum < -12.5 || ReadPosRankSum < -8.0;' undefined variable MQRankSum
19:10:22.844 WARN  JexlEngine - ![38,47]: 'QD < 2.0 || FS > 60.0 || MQ < 40.0 || MQRankSum < -12.5 || ReadPosRankSum < -8.0;' undefined variable MQRankSum
19:10:22.845 WARN  JexlEngine - ![38,47]: 'QD < 2.0 || FS > 60.0 || MQ < 40.0 || MQRankSum < -12.5 || ReadPosRankSum < -8.0;' undefined variable MQRankSum
19:10:22.845 WARN  JexlEngine - ![38,47]: 'QD < 2.0 || FS > 60.0 || MQ < 40.0 || MQRankSum < -12.5 || ReadPosRankSum < -8.0;' undefined variable MQRankSum
19:10:22.845 WARN  JexlEngine - ![38,47]: 'QD < 2.0 || FS > 60.0 || MQ < 40.0 || MQRankSum < -12.5 || ReadPosRankSum < -8.0;' undefined variable MQRankSum
19:10:22.846 WARN  JexlEngine - ![38,47]: 'QD < 2.0 || FS > 60.0 || MQ < 40.0 || MQRankSum < -12.5 || ReadPosRankSum < -8.0;' undefined variable MQRankSum
19:10:22.846 WARN  JexlEngine - ![38,47]: 'QD < 2.0 || FS > 60.0 || MQ < 40.0 || MQRankSum < -12.5 || ReadPosRankSum < -8.0;' undefined variable MQRankSum
19:10:22.846 WARN  JexlEngine - ![38,47]: 'QD < 2.0 || FS > 60.0 || MQ < 40.0 || MQRankSum < -12.5 || ReadPosRankSum < -8.0;' undefined variable MQRankSum
19:10:22.846 WARN  JexlEngine - ![38,47]: 'QD < 2.0 || FS > 60.0 || MQ < 40.0 || MQRankSum < -12.5 || ReadPosRankSum < -8.0;' undefined variable MQRankSum
19:10:22.847 WARN  JexlEngine - ![38,47]: 'QD < 2.0 || FS > 60.0 || MQ < 40.0 || MQRankSum < -12.5 || ReadPosRankSum < -8.0;' undefined variable MQRankSum
19:10:22.847 WARN  JexlEngine - ![38,47]: 'QD < 2.0 || FS > 60.0 || MQ < 40.0 || MQRankSum < -12.5 || ReadPosRankSum < -8.0;' undefined variable MQRankSum
19:10:22.847 WARN  JexlEngine - ![38,47]: 'QD < 2.0 || FS > 60.0 || MQ < 40.0 || MQRankSum < -12.5 || ReadPosRankSum < -8.0;' undefined variable MQRankSum
19:10:22.847 WARN  JexlEngine - ![38,47]: 'QD < 2.0 || FS > 60.0 || MQ < 40.0 || MQRankSum < -12.5 || ReadPosRankSum < -8.0;' undefined variable MQRankSum
19:10:22.848 WARN  JexlEngine - ![38,47]: 'QD < 2.0 || FS > 60.0 || MQ < 40.0 || MQRankSum < -12.5 || ReadPosRankSum < -8.0;' undefined variable MQRankSum
19:10:22.848 WARN  JexlEngine - ![38,47]: 'QD < 2.0 || FS > 60.0 || MQ < 40.0 || MQRankSum < -12.5 || ReadPosRankSum < -8.0;' undefined variable MQRankSum
19:10:22.848 WARN  JexlEngine - ![38,47]: 'QD < 2.0 || FS > 60.0 || MQ < 40.0 || MQRankSum < -12.5 || ReadPosRankSum < -8.0;' undefined variable MQRankSum
19:10:22.849 WARN  JexlEngine - ![38,47]: 'QD < 2.0 || FS > 60.0 || MQ < 40.0 || MQRankSum < -12.5 || ReadPosRankSum < -8.0;' undefined variable MQRankSum
19:10:22.850 WARN  JexlEngine - ![38,47]: 'QD < 2.0 || FS > 60.0 || MQ < 40.0 || MQRankSum < -12.5 || ReadPosRankSum < -8.0;' undefined variable MQRankSum
19:10:22.850 WARN  JexlEngine - ![38,47]: 'QD < 2.0 || FS > 60.0 || MQ < 40.0 || MQRankSum < -12.5 || ReadPosRankSum < -8.0;' undefined variable MQRankSum
19:10:22.850 WARN  JexlEngine - ![38,47]: 'QD < 2.0 || FS > 60.0 || MQ < 40.0 || MQRankSum < -12.5 || ReadPosRankSum < -8.0;' undefined variable MQRankSum
19:10:22.851 WARN  JexlEngine - ![38,47]: 'QD < 2.0 || FS > 60.0 || MQ < 40.0 || MQRankSum < -12.5 || ReadPosRankSum < -8.0;' undefined variable MQRankSum
19:10:22.851 WARN  JexlEngine - ![38,47]: 'QD < 2.0 || FS > 60.0 || MQ < 40.0 || MQRankSum < -12.5 || ReadPosRankSum < -8.0;' undefined variable MQRankSum
19:10:22.851 WARN  JexlEngine - ![38,47]: 'QD < 2.0 || FS > 60.0 || MQ < 40.0 || MQRankSum < -12.5 || ReadPosRankSum < -8.0;' undefined variable MQRankSum
19:10:22.852 WARN  JexlEngine - ![38,47]: 'QD < 2.0 || FS > 60.0 || MQ < 40.0 || MQRankSum < -12.5 || ReadPosRankSum < -8.0;' undefined variable MQRankSum
19:10:22.852 WARN  JexlEngine - ![38,47]: 'QD < 2.0 || FS > 60.0 || MQ < 40.0 || MQRankSum < -12.5 || ReadPosRankSum < -8.0;' undefined variable MQRankSum
19:10:22.852 WARN  JexlEngine - ![38,47]: 'QD < 2.0 || FS > 60.0 || MQ < 40.0 || MQRankSum < -12.5 || ReadPosRankSum < -8.0;' undefined variable MQRankSum
19:10:22.853 WARN  JexlEngine - ![38,47]: 'QD < 2.0 || FS > 60.0 || MQ < 40.0 || MQRankSum < -12.5 || ReadPosRankSum < -8.0;' undefined variable MQRankSum
19:10:22.853 WARN  JexlEngine - ![38,47]: 'QD < 2.0 || FS > 60.0 || MQ < 40.0 || MQRankSum < -12.5 || ReadPosRankSum < -8.0;' undefined variable MQRankSum
19:10:22.853 WARN  JexlEngine - ![38,47]: 'QD < 2.0 || FS > 60.0 || MQ < 40.0 || MQRankSum < -12.5 || ReadPosRankSum < -8.0;' undefined variable MQRankSum
19:10:22.854 WARN  JexlEngine - ![38,47]: 'QD < 2.0 || FS > 60.0 || MQ < 40.0 || MQRankSum < -12.5 || ReadPosRankSum < -8.0;' undefined variable MQRankSum
19:10:22.854 WARN  JexlEngine - ![38,47]: 'QD < 2.0 || FS > 60.0 || MQ < 40.0 || MQRankSum < -12.5 || ReadPosRankSum < -8.0;' undefined variable MQRankSum
19:10:22.855 WARN  JexlEngine - ![38,47]: 'QD < 2.0 || FS > 60.0 || MQ < 40.0 || MQRankSum < -12.5 || ReadPosRankSum < -8.0;' undefined variable MQRankSum
19:10:22.855 WARN  JexlEngine - ![38,47]: 'QD < 2.0 || FS > 60.0 || MQ < 40.0 || MQRankSum < -12.5 || ReadPosRankSum < -8.0;' undefined variable MQRankSum
19:10:22.856 WARN  JexlEngine - ![38,47]: 'QD < 2.0 || FS > 60.0 || MQ < 40.0 || MQRankSum < -12.5 || ReadPosRankSum < -8.0;' undefined variable MQRankSum
19:10:22.856 WARN  JexlEngine - ![38,47]: 'QD < 2.0 || FS > 60.0 || MQ < 40.0 || MQRankSum < -12.5 || ReadPosRankSum < -8.0;' undefined variable MQRankSum
19:10:22.856 WARN  JexlEngine - ![38,47]: 'QD < 2.0 || FS > 60.0 || MQ < 40.0 || MQRankSum < -12.5 || ReadPosRankSum < -8.0;' undefined variable MQRankSum
19:10:22.857 WARN  JexlEngine - ![38,47]: 'QD < 2.0 || FS > 60.0 || MQ < 40.0 || MQRankSum < -12.5 || ReadPosRankSum < -8.0;' undefined variable MQRankSum
19:10:22.857 WARN  JexlEngine - ![38,47]: 'QD < 2.0 || FS > 60.0 || MQ < 40.0 || MQRankSum < -12.5 || ReadPosRankSum < -8.0;' undefined variable MQRankSum
19:10:22.858 WARN  JexlEngine - ![38,47]: 'QD < 2.0 || FS > 60.0 || MQ < 40.0 || MQRankSum < -12.5 || ReadPosRankSum < -8.0;' undefined variable MQRankSum
19:10:22.858 WARN  JexlEngine - ![38,47]: 'QD < 2.0 || FS > 60.0 || MQ < 40.0 || MQRankSum < -12.5 || ReadPosRankSum < -8.0;' undefined variable MQRankSum
19:10:22.858 WARN  JexlEngine - ![38,47]: 'QD < 2.0 || FS > 60.0 || MQ < 40.0 || MQRankSum < -12.5 || ReadPosRankSum < -8.0;' undefined variable MQRankSum
19:10:22.858 WARN  JexlEngine - ![38,47]: 'QD < 2.0 || FS > 60.0 || MQ < 40.0 || MQRankSum < -12.5 || ReadPosRankSum < -8.0;' undefined variable MQRankSum
19:10:22.859 WARN  JexlEngine - ![38,47]: 'QD < 2.0 || FS > 60.0 || MQ < 40.0 || MQRankSum < -12.5 || ReadPosRankSum < -8.0;' undefined variable MQRankSum
19:10:22.859 WARN  JexlEngine - ![38,47]: 'QD < 2.0 || FS > 60.0 || MQ < 40.0 || MQRankSum < -12.5 || ReadPosRankSum < -8.0;' undefined variable MQRankSum
19:10:22.859 WARN  JexlEngine - ![38,47]: 'QD < 2.0 || FS > 60.0 || MQ < 40.0 || MQRankSum < -12.5 || ReadPosRankSum < -8.0;' undefined variable MQRankSum
19:10:22.860 WARN  JexlEngine - ![38,47]: 'QD < 2.0 || FS > 60.0 || MQ < 40.0 || MQRankSum < -12.5 || ReadPosRankSum < -8.0;' undefined variable MQRankSum
19:10:22.860 WARN  JexlEngine - ![38,47]: 'QD < 2.0 || FS > 60.0 || MQ < 40.0 || MQRankSum < -12.5 || ReadPosRankSum < -8.0;' undefined variable MQRankSum
19:10:22.860 WARN  JexlEngine - ![38,47]: 'QD < 2.0 || FS > 60.0 || MQ < 40.0 || MQRankSum < -12.5 || ReadPosRankSum < -8.0;' undefined variable MQRankSum
19:10:22.860 WARN  JexlEngine - ![38,47]: 'QD < 2.0 || FS > 60.0 || MQ < 40.0 || MQRankSum < -12.5 || ReadPosRankSum < -8.0;' undefined variable MQRankSum
19:10:22.861 WARN  JexlEngine - ![38,47]: 'QD < 2.0 || FS > 60.0 || MQ < 40.0 || MQRankSum < -12.5 || ReadPosRankSum < -8.0;' undefined variable MQRankSum
19:10:22.861 WARN  JexlEngine - ![38,47]: 'QD < 2.0 || FS > 60.0 || MQ < 40.0 || MQRankSum < -12.5 || ReadPosRankSum < -8.0;' undefined variable MQRankSum
19:10:22.861 WARN  JexlEngine - ![38,47]: 'QD < 2.0 || FS > 60.0 || MQ < 40.0 || MQRankSum < -12.5 || ReadPosRankSum < -8.0;' undefined variable MQRankSum
19:10:22.862 WARN  JexlEngine - ![38,47]: 'QD < 2.0 || FS > 60.0 || MQ < 40.0 || MQRankSum < -12.5 || ReadPosRankSum < -8.0;' undefined variable MQRankSum
19:10:22.862 WARN  JexlEngine - ![38,47]: 'QD < 2.0 || FS > 60.0 || MQ < 40.0 || MQRankSum < -12.5 || ReadPosRankSum < -8.0;' undefined variable MQRankSum
19:10:22.862 WARN  JexlEngine - ![38,47]: 'QD < 2.0 || FS > 60.0 || MQ < 40.0 || MQRankSum < -12.5 || ReadPosRankSum < -8.0;' undefined variable MQRankSum
19:10:22.862 WARN  JexlEngine - ![38,47]: 'QD < 2.0 || FS > 60.0 || MQ < 40.0 || MQRankSum < -12.5 || ReadPosRankSum < -8.0;' undefined variable MQRankSum
19:10:22.863 WARN  JexlEngine - ![38,47]: 'QD < 2.0 || FS > 60.0 || MQ < 40.0 || MQRankSum < -12.5 || ReadPosRankSum < -8.0;' undefined variable MQRankSum
19:10:22.863 WARN  JexlEngine - ![38,47]: 'QD < 2.0 || FS > 60.0 || MQ < 40.0 || MQRankSum < -12.5 || ReadPosRankSum < -8.0;' undefined variable MQRankSum
19:10:22.863 WARN  JexlEngine - ![38,47]: 'QD < 2.0 || FS > 60.0 || MQ < 40.0 || MQRankSum < -12.5 || ReadPosRankSum < -8.0;' undefined variable MQRankSum
19:10:22.864 WARN  JexlEngine - ![38,47]: 'QD < 2.0 || FS > 60.0 || MQ < 40.0 || MQRankSum < -12.5 || ReadPosRankSum < -8.0;' undefined variable MQRankSum
19:10:22.864 WARN  JexlEngine - ![38,47]: 'QD < 2.0 || FS > 60.0 || MQ < 40.0 || MQRankSum < -12.5 || ReadPosRankSum < -8.0;' undefined variable MQRankSum
19:10:22.864 WARN  JexlEngine - ![38,47]: 'QD < 2.0 || FS > 60.0 || MQ < 40.0 || MQRankSum < -12.5 || ReadPosRankSum < -8.0;' undefined variable MQRankSum
19:10:22.865 WARN  JexlEngine - ![38,47]: 'QD < 2.0 || FS > 60.0 || MQ < 40.0 || MQRankSum < -12.5 || ReadPosRankSum < -8.0;' undefined variable MQRankSum
19:10:22.865 WARN  JexlEngine - ![38,47]: 'QD < 2.0 || FS > 60.0 || MQ < 40.0 || MQRankSum < -12.5 || ReadPosRankSum < -8.0;' undefined variable MQRankSum
19:10:22.865 WARN  JexlEngine - ![38,47]: 'QD < 2.0 || FS > 60.0 || MQ < 40.0 || MQRankSum < -12.5 || ReadPosRankSum < -8.0;' undefined variable MQRankSum
19:10:22.865 WARN  JexlEngine - ![38,47]: 'QD < 2.0 || FS > 60.0 || MQ < 40.0 || MQRankSum < -12.5 || ReadPosRankSum < -8.0;' undefined variable MQRankSum
19:10:22.866 WARN  JexlEngine - ![38,47]: 'QD < 2.0 || FS > 60.0 || MQ < 40.0 || MQRankSum < -12.5 || ReadPosRankSum < -8.0;' undefined variable MQRankSum
19:10:22.866 WARN  JexlEngine - ![38,47]: 'QD < 2.0 || FS > 60.0 || MQ < 40.0 || MQRankSum < -12.5 || ReadPosRankSum < -8.0;' undefined variable MQRankSum
19:10:22.866 WARN  JexlEngine - ![38,47]: 'QD < 2.0 || FS > 60.0 || MQ < 40.0 || MQRankSum < -12.5 || ReadPosRankSum < -8.0;' undefined variable MQRankSum
19:10:22.866 WARN  JexlEngine - ![38,47]: 'QD < 2.0 || FS > 60.0 || MQ < 40.0 || MQRankSum < -12.5 || ReadPosRankSum < -8.0;' undefined variable MQRankSum
19:10:22.867 WARN  JexlEngine - ![38,47]: 'QD < 2.0 || FS > 60.0 || MQ < 40.0 || MQRankSum < -12.5 || ReadPosRankSum < -8.0;' undefined variable MQRankSum
19:10:22.867 WARN  JexlEngine - ![38,47]: 'QD < 2.0 || FS > 60.0 || MQ < 40.0 || MQRankSum < -12.5 || ReadPosRankSum < -8.0;' undefined variable MQRankSum
19:10:22.867 WARN  JexlEngine - ![38,47]: 'QD < 2.0 || FS > 60.0 || MQ < 40.0 || MQRankSum < -12.5 || ReadPosRankSum < -8.0;' undefined variable MQRankSum
19:10:22.867 WARN  JexlEngine - ![38,47]: 'QD < 2.0 || FS > 60.0 || MQ < 40.0 || MQRankSum < -12.5 || ReadPosRankSum < -8.0;' undefined variable MQRankSum
19:10:22.868 WARN  JexlEngine - ![38,47]: 'QD < 2.0 || FS > 60.0 || MQ < 40.0 || MQRankSum < -12.5 || ReadPosRankSum < -8.0;' undefined variable MQRankSum
19:10:22.869 WARN  JexlEngine - ![38,47]: 'QD < 2.0 || FS > 60.0 || MQ < 40.0 || MQRankSum < -12.5 || ReadPosRankSum < -8.0;' undefined variable MQRankSum
19:10:22.869 WARN  JexlEngine - ![38,47]: 'QD < 2.0 || FS > 60.0 || MQ < 40.0 || MQRankSum < -12.5 || ReadPosRankSum < -8.0;' undefined variable MQRankSum
19:10:22.869 WARN  JexlEngine - ![38,47]: 'QD < 2.0 || FS > 60.0 || MQ < 40.0 || MQRankSum < -12.5 || ReadPosRankSum < -8.0;' undefined variable MQRankSum
19:10:22.870 WARN  JexlEngine - ![38,47]: 'QD < 2.0 || FS > 60.0 || MQ < 40.0 || MQRankSum < -12.5 || ReadPosRankSum < -8.0;' undefined variable MQRankSum
19:10:22.870 WARN  JexlEngine - ![38,47]: 'QD < 2.0 || FS > 60.0 || MQ < 40.0 || MQRankSum < -12.5 || ReadPosRankSum < -8.0;' undefined variable MQRankSum
19:10:22.870 WARN  JexlEngine - ![38,47]: 'QD < 2.0 || FS > 60.0 || MQ < 40.0 || MQRankSum < -12.5 || ReadPosRankSum < -8.0;' undefined variable MQRankSum
19:10:22.871 WARN  JexlEngine - ![38,47]: 'QD < 2.0 || FS > 60.0 || MQ < 40.0 || MQRankSum < -12.5 || ReadPosRankSum < -8.0;' undefined variable MQRankSum
19:10:22.871 WARN  JexlEngine - ![38,47]: 'QD < 2.0 || FS > 60.0 || MQ < 40.0 || MQRankSum < -12.5 || ReadPosRankSum < -8.0;' undefined variable MQRankSum
19:10:22.871 WARN  JexlEngine - ![38,47]: 'QD < 2.0 || FS > 60.0 || MQ < 40.0 || MQRankSum < -12.5 || ReadPosRankSum < -8.0;' undefined variable MQRankSum
19:10:22.872 WARN  JexlEngine - ![38,47]: 'QD < 2.0 || FS > 60.0 || MQ < 40.0 || MQRankSum < -12.5 || ReadPosRankSum < -8.0;' undefined variable MQRankSum
19:10:22.872 WARN  JexlEngine - ![38,47]: 'QD < 2.0 || FS > 60.0 || MQ < 40.0 || MQRankSum < -12.5 || ReadPosRankSum < -8.0;' undefined variable MQRankSum
19:10:22.873 WARN  JexlEngine - ![38,47]: 'QD < 2.0 || FS > 60.0 || MQ < 40.0 || MQRankSum < -12.5 || ReadPosRankSum < -8.0;' undefined variable MQRankSum
19:10:22.873 WARN  JexlEngine - ![38,47]: 'QD < 2.0 || FS > 60.0 || MQ < 40.0 || MQRankSum < -12.5 || ReadPosRankSum < -8.0;' undefined variable MQRankSum
19:10:22.873 WARN  JexlEngine - ![38,47]: 'QD < 2.0 || FS > 60.0 || MQ < 40.0 || MQRankSum < -12.5 || ReadPosRankSum < -8.0;' undefined variable MQRankSum
19:10:22.874 WARN  JexlEngine - ![38,47]: 'QD < 2.0 || FS > 60.0 || MQ < 40.0 || MQRankSum < -12.5 || ReadPosRankSum < -8.0;' undefined variable MQRankSum
19:10:22.874 WARN  JexlEngine - ![38,47]: 'QD < 2.0 || FS > 60.0 || MQ < 40.0 || MQRankSum < -12.5 || ReadPosRankSum < -8.0;' undefined variable MQRankSum
19:10:22.875 WARN  JexlEngine - ![38,47]: 'QD < 2.0 || FS > 60.0 || MQ < 40.0 || MQRankSum < -12.5 || ReadPosRankSum < -8.0;' undefined variable MQRankSum
19:10:22.875 WARN  JexlEngine - ![38,47]: 'QD < 2.0 || FS > 60.0 || MQ < 40.0 || MQRankSum < -12.5 || ReadPosRankSum < -8.0;' undefined variable MQRankSum
19:10:22.875 WARN  JexlEngine - ![38,47]: 'QD < 2.0 || FS > 60.0 || MQ < 40.0 || MQRankSum < -12.5 || ReadPosRankSum < -8.0;' undefined variable MQRankSum
19:10:22.875 WARN  JexlEngine - ![38,47]: 'QD < 2.0 || FS > 60.0 || MQ < 40.0 || MQRankSum < -12.5 || ReadPosRankSum < -8.0;' undefined variable MQRankSum
19:10:22.876 WARN  JexlEngine - ![38,47]: 'QD < 2.0 || FS > 60.0 || MQ < 40.0 || MQRankSum < -12.5 || ReadPosRankSum < -8.0;' undefined variable MQRankSum
19:10:22.878 WARN  JexlEngine - ![38,47]: 'QD < 2.0 || FS > 60.0 || MQ < 40.0 || MQRankSum < -12.5 || ReadPosRankSum < -8.0;' undefined variable MQRankSum
19:10:22.879 WARN  JexlEngine - ![38,47]: 'QD < 2.0 || FS > 60.0 || MQ < 40.0 || MQRankSum < -12.5 || ReadPosRankSum < -8.0;' undefined variable MQRankSum
19:10:22.879 WARN  JexlEngine - ![38,47]: 'QD < 2.0 || FS > 60.0 || MQ < 40.0 || MQRankSum < -12.5 || ReadPosRankSum < -8.0;' undefined variable MQRankSum
19:10:22.879 WARN  JexlEngine - ![38,47]: 'QD < 2.0 || FS > 60.0 || MQ < 40.0 || MQRankSum < -12.5 || ReadPosRankSum < -8.0;' undefined variable MQRankSum
19:10:22.879 WARN  JexlEngine - ![38,47]: 'QD < 2.0 || FS > 60.0 || MQ < 40.0 || MQRankSum < -12.5 || ReadPosRankSum < -8.0;' undefined variable MQRankSum
19:10:22.880 WARN  JexlEngine - ![38,47]: 'QD < 2.0 || FS > 60.0 || MQ < 40.0 || MQRankSum < -12.5 || ReadPosRankSum < -8.0;' undefined variable MQRankSum
19:10:22.880 WARN  JexlEngine - ![38,47]: 'QD < 2.0 || FS > 60.0 || MQ < 40.0 || MQRankSum < -12.5 || ReadPosRankSum < -8.0;' undefined variable MQRankSum
19:10:22.881 WARN  JexlEngine - ![38,47]: 'QD < 2.0 || FS > 60.0 || MQ < 40.0 || MQRankSum < -12.5 || ReadPosRankSum < -8.0;' undefined variable MQRankSum
19:10:22.881 WARN  JexlEngine - ![38,47]: 'QD < 2.0 || FS > 60.0 || MQ < 40.0 || MQRankSum < -12.5 || ReadPosRankSum < -8.0;' undefined variable MQRankSum
19:10:22.881 WARN  JexlEngine - ![38,47]: 'QD < 2.0 || FS > 60.0 || MQ < 40.0 || MQRankSum < -12.5 || ReadPosRankSum < -8.0;' undefined variable MQRankSum
19:10:22.881 WARN  JexlEngine - ![38,47]: 'QD < 2.0 || FS > 60.0 || MQ < 40.0 || MQRankSum < -12.5 || ReadPosRankSum < -8.0;' undefined variable MQRankSum
19:10:22.882 WARN  JexlEngine - ![38,47]: 'QD < 2.0 || FS > 60.0 || MQ < 40.0 || MQRankSum < -12.5 || ReadPosRankSum < -8.0;' undefined variable MQRankSum
19:10:22.882 WARN  JexlEngine - ![38,47]: 'QD < 2.0 || FS > 60.0 || MQ < 40.0 || MQRankSum < -12.5 || ReadPosRankSum < -8.0;' undefined variable MQRankSum
19:10:22.882 WARN  JexlEngine - ![38,47]: 'QD < 2.0 || FS > 60.0 || MQ < 40.0 || MQRankSum < -12.5 || ReadPosRankSum < -8.0;' undefined variable MQRankSum
19:10:22.882 WARN  JexlEngine - ![38,47]: 'QD < 2.0 || FS > 60.0 || MQ < 40.0 || MQRankSum < -12.5 || ReadPosRankSum < -8.0;' undefined variable MQRankSum
19:10:22.883 WARN  JexlEngine - ![38,47]: 'QD < 2.0 || FS > 60.0 || MQ < 40.0 || MQRankSum < -12.5 || ReadPosRankSum < -8.0;' undefined variable MQRankSum
19:10:22.883 WARN  JexlEngine - ![38,47]: 'QD < 2.0 || FS > 60.0 || MQ < 40.0 || MQRankSum < -12.5 || ReadPosRankSum < -8.0;' undefined variable MQRankSum
19:10:22.884 WARN  JexlEngine - ![38,47]: 'QD < 2.0 || FS > 60.0 || MQ < 40.0 || MQRankSum < -12.5 || ReadPosRankSum < -8.0;' undefined variable MQRankSum
19:10:22.884 WARN  JexlEngine - ![38,47]: 'QD < 2.0 || FS > 60.0 || MQ < 40.0 || MQRankSum < -12.5 || ReadPosRankSum < -8.0;' undefined variable MQRankSum
19:10:22.884 WARN  JexlEngine - ![38,47]: 'QD < 2.0 || FS > 60.0 || MQ < 40.0 || MQRankSum < -12.5 || ReadPosRankSum < -8.0;' undefined variable MQRankSum
19:10:22.884 WARN  JexlEngine - ![38,47]: 'QD < 2.0 || FS > 60.0 || MQ < 40.0 || MQRankSum < -12.5 || ReadPosRankSum < -8.0;' undefined variable MQRankSum
19:10:22.885 WARN  JexlEngine - ![38,47]: 'QD < 2.0 || FS > 60.0 || MQ < 40.0 || MQRankSum < -12.5 || ReadPosRankSum < -8.0;' undefined variable MQRankSum
19:10:22.885 WARN  JexlEngine - ![38,47]: 'QD < 2.0 || FS > 60.0 || MQ < 40.0 || MQRankSum < -12.5 || ReadPosRankSum < -8.0;' undefined variable MQRankSum
19:10:22.886 WARN  JexlEngine - ![38,47]: 'QD < 2.0 || FS > 60.0 || MQ < 40.0 || MQRankSum < -12.5 || ReadPosRankSum < -8.0;' undefined variable MQRankSum
19:10:22.886 WARN  JexlEngine - ![38,47]: 'QD < 2.0 || FS > 60.0 || MQ < 40.0 || MQRankSum < -12.5 || ReadPosRankSum < -8.0;' undefined variable MQRankSum
19:10:22.887 WARN  JexlEngine - ![38,47]: 'QD < 2.0 || FS > 60.0 || MQ < 40.0 || MQRankSum < -12.5 || ReadPosRankSum < -8.0;' undefined variable MQRankSum
19:10:22.887 WARN  JexlEngine - ![38,47]: 'QD < 2.0 || FS > 60.0 || MQ < 40.0 || MQRankSum < -12.5 || ReadPosRankSum < -8.0;' undefined variable MQRankSum
19:10:22.887 WARN  JexlEngine - ![38,47]: 'QD < 2.0 || FS > 60.0 || MQ < 40.0 || MQRankSum < -12.5 || ReadPosRankSum < -8.0;' undefined variable MQRankSum
19:10:22.888 WARN  JexlEngine - ![38,47]: 'QD < 2.0 || FS > 60.0 || MQ < 40.0 || MQRankSum < -12.5 || ReadPosRankSum < -8.0;' undefined variable MQRankSum
19:10:22.888 WARN  JexlEngine - ![38,47]: 'QD < 2.0 || FS > 60.0 || MQ < 40.0 || MQRankSum < -12.5 || ReadPosRankSum < -8.0;' undefined variable MQRankSum
19:10:22.888 WARN  JexlEngine - ![38,47]: 'QD < 2.0 || FS > 60.0 || MQ < 40.0 || MQRankSum < -12.5 || ReadPosRankSum < -8.0;' undefined variable MQRankSum
19:10:22.889 WARN  JexlEngine - ![38,47]: 'QD < 2.0 || FS > 60.0 || MQ < 40.0 || MQRankSum < -12.5 || ReadPosRankSum < -8.0;' undefined variable MQRankSum
19:10:22.889 WARN  JexlEngine - ![38,47]: 'QD < 2.0 || FS > 60.0 || MQ < 40.0 || MQRankSum < -12.5 || ReadPosRankSum < -8.0;' undefined variable MQRankSum
19:10:22.890 WARN  JexlEngine - ![38,47]: 'QD < 2.0 || FS > 60.0 || MQ < 40.0 || MQRankSum < -12.5 || ReadPosRankSum < -8.0;' undefined variable MQRankSum
19:10:22.890 WARN  JexlEngine - ![38,47]: 'QD < 2.0 || FS > 60.0 || MQ < 40.0 || MQRankSum < -12.5 || ReadPosRankSum < -8.0;' undefined variable MQRankSum
19:10:22.890 WARN  JexlEngine - ![38,47]: 'QD < 2.0 || FS > 60.0 || MQ < 40.0 || MQRankSum < -12.5 || ReadPosRankSum < -8.0;' undefined variable MQRankSum
19:10:22.891 WARN  JexlEngine - ![38,47]: 'QD < 2.0 || FS > 60.0 || MQ < 40.0 || MQRankSum < -12.5 || ReadPosRankSum < -8.0;' undefined variable MQRankSum
19:10:22.891 WARN  JexlEngine - ![38,47]: 'QD < 2.0 || FS > 60.0 || MQ < 40.0 || MQRankSum < -12.5 || ReadPosRankSum < -8.0;' undefined variable MQRankSum
19:10:22.891 WARN  JexlEngine - ![38,47]: 'QD < 2.0 || FS > 60.0 || MQ < 40.0 || MQRankSum < -12.5 || ReadPosRankSum < -8.0;' undefined variable MQRankSum
19:10:22.891 WARN  JexlEngine - ![38,47]: 'QD < 2.0 || FS > 60.0 || MQ < 40.0 || MQRankSum < -12.5 || ReadPosRankSum < -8.0;' undefined variable MQRankSum
19:10:22.892 WARN  JexlEngine - ![38,47]: 'QD < 2.0 || FS > 60.0 || MQ < 40.0 || MQRankSum < -12.5 || ReadPosRankSum < -8.0;' undefined variable MQRankSum
19:10:22.892 WARN  JexlEngine - ![38,47]: 'QD < 2.0 || FS > 60.0 || MQ < 40.0 || MQRankSum < -12.5 || ReadPosRankSum < -8.0;' undefined variable MQRankSum
19:10:22.892 WARN  JexlEngine - ![38,47]: 'QD < 2.0 || FS > 60.0 || MQ < 40.0 || MQRankSum < -12.5 || ReadPosRankSum < -8.0;' undefined variable MQRankSum
19:10:22.892 WARN  JexlEngine - ![38,47]: 'QD < 2.0 || FS > 60.0 || MQ < 40.0 || MQRankSum < -12.5 || ReadPosRankSum < -8.0;' undefined variable MQRankSum
19:10:22.893 WARN  JexlEngine - ![38,47]: 'QD < 2.0 || FS > 60.0 || MQ < 40.0 || MQRankSum < -12.5 || ReadPosRankSum < -8.0;' undefined variable MQRankSum
19:10:22.893 WARN  JexlEngine - ![38,47]: 'QD < 2.0 || FS > 60.0 || MQ < 40.0 || MQRankSum < -12.5 || ReadPosRankSum < -8.0;' undefined variable MQRankSum
19:10:22.894 WARN  JexlEngine - ![38,47]: 'QD < 2.0 || FS > 60.0 || MQ < 40.0 || MQRankSum < -12.5 || ReadPosRankSum < -8.0;' undefined variable MQRankSum
19:10:22.894 WARN  JexlEngine - ![38,47]: 'QD < 2.0 || FS > 60.0 || MQ < 40.0 || MQRankSum < -12.5 || ReadPosRankSum < -8.0;' undefined variable MQRankSum
19:10:22.894 WARN  JexlEngine - ![38,47]: 'QD < 2.0 || FS > 60.0 || MQ < 40.0 || MQRankSum < -12.5 || ReadPosRankSum < -8.0;' undefined variable MQRankSum
19:10:22.894 WARN  JexlEngine - ![38,47]: 'QD < 2.0 || FS > 60.0 || MQ < 40.0 || MQRankSum < -12.5 || ReadPosRankSum < -8.0;' undefined variable MQRankSum
19:10:22.894 WARN  JexlEngine - ![38,47]: 'QD < 2.0 || FS > 60.0 || MQ < 40.0 || MQRankSum < -12.5 || ReadPosRankSum < -8.0;' undefined variable MQRankSum
19:10:22.895 WARN  JexlEngine - ![38,47]: 'QD < 2.0 || FS > 60.0 || MQ < 40.0 || MQRankSum < -12.5 || ReadPosRankSum < -8.0;' undefined variable MQRankSum
19:10:22.895 WARN  JexlEngine - ![38,47]: 'QD < 2.0 || FS > 60.0 || MQ < 40.0 || MQRankSum < -12.5 || ReadPosRankSum < -8.0;' undefined variable MQRankSum
19:10:22.895 WARN  JexlEngine - ![38,47]: 'QD < 2.0 || FS > 60.0 || MQ < 40.0 || MQRankSum < -12.5 || ReadPosRankSum < -8.0;' undefined variable MQRankSum
19:10:22.895 WARN  JexlEngine - ![38,47]: 'QD < 2.0 || FS > 60.0 || MQ < 40.0 || MQRankSum < -12.5 || ReadPosRankSum < -8.0;' undefined variable MQRankSum
19:10:22.896 WARN  JexlEngine - ![38,47]: 'QD < 2.0 || FS > 60.0 || MQ < 40.0 || MQRankSum < -12.5 || ReadPosRankSum < -8.0;' undefined variable MQRankSum
19:10:22.896 WARN  JexlEngine - ![38,47]: 'QD < 2.0 || FS > 60.0 || MQ < 40.0 || MQRankSum < -12.5 || ReadPosRankSum < -8.0;' undefined variable MQRankSum
19:10:22.896 WARN  JexlEngine - ![38,47]: 'QD < 2.0 || FS > 60.0 || MQ < 40.0 || MQRankSum < -12.5 || ReadPosRankSum < -8.0;' undefined variable MQRankSum
19:10:22.896 WARN  JexlEngine - ![38,47]: 'QD < 2.0 || FS > 60.0 || MQ < 40.0 || MQRankSum < -12.5 || ReadPosRankSum < -8.0;' undefined variable MQRankSum
19:10:22.897 WARN  JexlEngine - ![38,47]: 'QD < 2.0 || FS > 60.0 || MQ < 40.0 || MQRankSum < -12.5 || ReadPosRankSum < -8.0;' undefined variable MQRankSum
19:10:22.897 WARN  JexlEngine - ![38,47]: 'QD < 2.0 || FS > 60.0 || MQ < 40.0 || MQRankSum < -12.5 || ReadPosRankSum < -8.0;' undefined variable MQRankSum
19:10:22.897 WARN  JexlEngine - ![38,47]: 'QD < 2.0 || FS > 60.0 || MQ < 40.0 || MQRankSum < -12.5 || ReadPosRankSum < -8.0;' undefined variable MQRankSum
19:10:22.897 WARN  JexlEngine - ![38,47]: 'QD < 2.0 || FS > 60.0 || MQ < 40.0 || MQRankSum < -12.5 || ReadPosRankSum < -8.0;' undefined variable MQRankSum
19:10:22.897 WARN  JexlEngine - ![38,47]: 'QD < 2.0 || FS > 60.0 || MQ < 40.0 || MQRankSum < -12.5 || ReadPosRankSum < -8.0;' undefined variable MQRankSum
19:10:22.897 WARN  JexlEngine - ![38,47]: 'QD < 2.0 || FS > 60.0 || MQ < 40.0 || MQRankSum < -12.5 || ReadPosRankSum < -8.0;' undefined variable MQRankSum
19:10:22.898 WARN  JexlEngine - ![38,47]: 'QD < 2.0 || FS > 60.0 || MQ < 40.0 || MQRankSum < -12.5 || ReadPosRankSum < -8.0;' undefined variable MQRankSum
19:10:22.898 WARN  JexlEngine - ![38,47]: 'QD < 2.0 || FS > 60.0 || MQ < 40.0 || MQRankSum < -12.5 || ReadPosRankSum < -8.0;' undefined variable MQRankSum
19:10:22.899 WARN  JexlEngine - ![38,47]: 'QD < 2.0 || FS > 60.0 || MQ < 40.0 || MQRankSum < -12.5 || ReadPosRankSum < -8.0;' undefined variable MQRankSum
19:10:22.900 WARN  JexlEngine - ![38,47]: 'QD < 2.0 || FS > 60.0 || MQ < 40.0 || MQRankSum < -12.5 || ReadPosRankSum < -8.0;' undefined variable MQRankSum
19:10:22.900 WARN  JexlEngine - ![38,47]: 'QD < 2.0 || FS > 60.0 || MQ < 40.0 || MQRankSum < -12.5 || ReadPosRankSum < -8.0;' undefined variable MQRankSum
19:10:22.901 WARN  JexlEngine - ![38,47]: 'QD < 2.0 || FS > 60.0 || MQ < 40.0 || MQRankSum < -12.5 || ReadPosRankSum < -8.0;' undefined variable MQRankSum
19:10:22.901 WARN  JexlEngine - ![38,47]: 'QD < 2.0 || FS > 60.0 || MQ < 40.0 || MQRankSum < -12.5 || ReadPosRankSum < -8.0;' undefined variable MQRankSum
19:10:22.901 WARN  JexlEngine - ![38,47]: 'QD < 2.0 || FS > 60.0 || MQ < 40.0 || MQRankSum < -12.5 || ReadPosRankSum < -8.0;' undefined variable MQRankSum
19:10:22.901 WARN  JexlEngine - ![38,47]: 'QD < 2.0 || FS > 60.0 || MQ < 40.0 || MQRankSum < -12.5 || ReadPosRankSum < -8.0;' undefined variable MQRankSum
19:10:22.901 WARN  JexlEngine - ![38,47]: 'QD < 2.0 || FS > 60.0 || MQ < 40.0 || MQRankSum < -12.5 || ReadPosRankSum < -8.0;' undefined variable MQRankSum
19:10:22.902 WARN  JexlEngine - ![38,47]: 'QD < 2.0 || FS > 60.0 || MQ < 40.0 || MQRankSum < -12.5 || ReadPosRankSum < -8.0;' undefined variable MQRankSum
19:10:22.902 WARN  JexlEngine - ![38,47]: 'QD < 2.0 || FS > 60.0 || MQ < 40.0 || MQRankSum < -12.5 || ReadPosRankSum < -8.0;' undefined variable MQRankSum
19:10:22.902 WARN  JexlEngine - ![38,47]: 'QD < 2.0 || FS > 60.0 || MQ < 40.0 || MQRankSum < -12.5 || ReadPosRankSum < -8.0;' undefined variable MQRankSum
19:10:22.903 WARN  JexlEngine - ![38,47]: 'QD < 2.0 || FS > 60.0 || MQ < 40.0 || MQRankSum < -12.5 || ReadPosRankSum < -8.0;' undefined variable MQRankSum
19:10:22.903 WARN  JexlEngine - ![38,47]: 'QD < 2.0 || FS > 60.0 || MQ < 40.0 || MQRankSum < -12.5 || ReadPosRankSum < -8.0;' undefined variable MQRankSum
19:10:22.903 WARN  JexlEngine - ![38,47]: 'QD < 2.0 || FS > 60.0 || MQ < 40.0 || MQRankSum < -12.5 || ReadPosRankSum < -8.0;' undefined variable MQRankSum
19:10:22.903 WARN  JexlEngine - ![38,47]: 'QD < 2.0 || FS > 60.0 || MQ < 40.0 || MQRankSum < -12.5 || ReadPosRankSum < -8.0;' undefined variable MQRankSum
19:10:22.904 WARN  JexlEngine - ![38,47]: 'QD < 2.0 || FS > 60.0 || MQ < 40.0 || MQRankSum < -12.5 || ReadPosRankSum < -8.0;' undefined variable MQRankSum
19:10:22.904 WARN  JexlEngine - ![38,47]: 'QD < 2.0 || FS > 60.0 || MQ < 40.0 || MQRankSum < -12.5 || ReadPosRankSum < -8.0;' undefined variable MQRankSum
19:10:22.904 WARN  JexlEngine - ![38,47]: 'QD < 2.0 || FS > 60.0 || MQ < 40.0 || MQRankSum < -12.5 || ReadPosRankSum < -8.0;' undefined variable MQRankSum
19:10:22.904 WARN  JexlEngine - ![38,47]: 'QD < 2.0 || FS > 60.0 || MQ < 40.0 || MQRankSum < -12.5 || ReadPosRankSum < -8.0;' undefined variable MQRankSum
19:10:22.905 WARN  JexlEngine - ![38,47]: 'QD < 2.0 || FS > 60.0 || MQ < 40.0 || MQRankSum < -12.5 || ReadPosRankSum < -8.0;' undefined variable MQRankSum
19:10:22.905 WARN  JexlEngine - ![38,47]: 'QD < 2.0 || FS > 60.0 || MQ < 40.0 || MQRankSum < -12.5 || ReadPosRankSum < -8.0;' undefined variable MQRankSum
19:10:22.905 WARN  JexlEngine - ![38,47]: 'QD < 2.0 || FS > 60.0 || MQ < 40.0 || MQRankSum < -12.5 || ReadPosRankSum < -8.0;' undefined variable MQRankSum
19:10:22.905 WARN  JexlEngine - ![38,47]: 'QD < 2.0 || FS > 60.0 || MQ < 40.0 || MQRankSum < -12.5 || ReadPosRankSum < -8.0;' undefined variable MQRankSum
19:10:22.906 WARN  JexlEngine - ![38,47]: 'QD < 2.0 || FS > 60.0 || MQ < 40.0 || MQRankSum < -12.5 || ReadPosRankSum < -8.0;' undefined variable MQRankSum
19:10:22.906 WARN  JexlEngine - ![38,47]: 'QD < 2.0 || FS > 60.0 || MQ < 40.0 || MQRankSum < -12.5 || ReadPosRankSum < -8.0;' undefined variable MQRankSum
19:10:22.906 WARN  JexlEngine - ![38,47]: 'QD < 2.0 || FS > 60.0 || MQ < 40.0 || MQRankSum < -12.5 || ReadPosRankSum < -8.0;' undefined variable MQRankSum
19:10:22.906 WARN  JexlEngine - ![38,47]: 'QD < 2.0 || FS > 60.0 || MQ < 40.0 || MQRankSum < -12.5 || ReadPosRankSum < -8.0;' undefined variable MQRankSum
19:10:22.907 WARN  JexlEngine - ![38,47]: 'QD < 2.0 || FS > 60.0 || MQ < 40.0 || MQRankSum < -12.5 || ReadPosRankSum < -8.0;' undefined variable MQRankSum
19:10:22.907 WARN  JexlEngine - ![38,47]: 'QD < 2.0 || FS > 60.0 || MQ < 40.0 || MQRankSum < -12.5 || ReadPosRankSum < -8.0;' undefined variable MQRankSum
19:10:22.907 WARN  JexlEngine - ![38,47]: 'QD < 2.0 || FS > 60.0 || MQ < 40.0 || MQRankSum < -12.5 || ReadPosRankSum < -8.0;' undefined variable MQRankSum
19:10:22.908 WARN  JexlEngine - ![38,47]: 'QD < 2.0 || FS > 60.0 || MQ < 40.0 || MQRankSum < -12.5 || ReadPosRankSum < -8.0;' undefined variable MQRankSum
19:10:22.908 WARN  JexlEngine - ![38,47]: 'QD < 2.0 || FS > 60.0 || MQ < 40.0 || MQRankSum < -12.5 || ReadPosRankSum < -8.0;' undefined variable MQRankSum
19:10:22.908 WARN  JexlEngine - ![38,47]: 'QD < 2.0 || FS > 60.0 || MQ < 40.0 || MQRankSum < -12.5 || ReadPosRankSum < -8.0;' undefined variable MQRankSum
19:10:22.909 WARN  JexlEngine - ![38,47]: 'QD < 2.0 || FS > 60.0 || MQ < 40.0 || MQRankSum < -12.5 || ReadPosRankSum < -8.0;' undefined variable MQRankSum
19:10:22.909 WARN  JexlEngine - ![38,47]: 'QD < 2.0 || FS > 60.0 || MQ < 40.0 || MQRankSum < -12.5 || ReadPosRankSum < -8.0;' undefined variable MQRankSum
19:10:22.909 WARN  JexlEngine - ![38,47]: 'QD < 2.0 || FS > 60.0 || MQ < 40.0 || MQRankSum < -12.5 || ReadPosRankSum < -8.0;' undefined variable MQRankSum
19:10:22.909 WARN  JexlEngine - ![38,47]: 'QD < 2.0 || FS > 60.0 || MQ < 40.0 || MQRankSum < -12.5 || ReadPosRankSum < -8.0;' undefined variable MQRankSum
19:10:22.910 WARN  JexlEngine - ![38,47]: 'QD < 2.0 || FS > 60.0 || MQ < 40.0 || MQRankSum < -12.5 || ReadPosRankSum < -8.0;' undefined variable MQRankSum
19:10:22.910 WARN  JexlEngine - ![38,47]: 'QD < 2.0 || FS > 60.0 || MQ < 40.0 || MQRankSum < -12.5 || ReadPosRankSum < -8.0;' undefined variable MQRankSum
19:10:22.911 WARN  JexlEngine - ![38,47]: 'QD < 2.0 || FS > 60.0 || MQ < 40.0 || MQRankSum < -12.5 || ReadPosRankSum < -8.0;' undefined variable MQRankSum
19:10:22.912 WARN  JexlEngine - ![38,47]: 'QD < 2.0 || FS > 60.0 || MQ < 40.0 || MQRankSum < -12.5 || ReadPosRankSum < -8.0;' undefined variable MQRankSum
19:10:22.912 WARN  JexlEngine - ![38,47]: 'QD < 2.0 || FS > 60.0 || MQ < 40.0 || MQRankSum < -12.5 || ReadPosRankSum < -8.0;' undefined variable MQRankSum
19:10:22.912 WARN  JexlEngine - ![38,47]: 'QD < 2.0 || FS > 60.0 || MQ < 40.0 || MQRankSum < -12.5 || ReadPosRankSum < -8.0;' undefined variable MQRankSum
19:10:22.912 WARN  JexlEngine - ![38,47]: 'QD < 2.0 || FS > 60.0 || MQ < 40.0 || MQRankSum < -12.5 || ReadPosRankSum < -8.0;' undefined variable MQRankSum
19:10:22.912 WARN  JexlEngine - ![38,47]: 'QD < 2.0 || FS > 60.0 || MQ < 40.0 || MQRankSum < -12.5 || ReadPosRankSum < -8.0;' undefined variable MQRankSum
19:10:22.913 WARN  JexlEngine - ![38,47]: 'QD < 2.0 || FS > 60.0 || MQ < 40.0 || MQRankSum < -12.5 || ReadPosRankSum < -8.0;' undefined variable MQRankSum
19:10:22.913 WARN  JexlEngine - ![38,47]: 'QD < 2.0 || FS > 60.0 || MQ < 40.0 || MQRankSum < -12.5 || ReadPosRankSum < -8.0;' undefined variable MQRankSum
19:10:22.913 WARN  JexlEngine - ![38,47]: 'QD < 2.0 || FS > 60.0 || MQ < 40.0 || MQRankSum < -12.5 || ReadPosRankSum < -8.0;' undefined variable MQRankSum
19:10:22.914 WARN  JexlEngine - ![38,47]: 'QD < 2.0 || FS > 60.0 || MQ < 40.0 || MQRankSum < -12.5 || ReadPosRankSum < -8.0;' undefined variable MQRankSum
19:10:22.914 WARN  JexlEngine - ![38,47]: 'QD < 2.0 || FS > 60.0 || MQ < 40.0 || MQRankSum < -12.5 || ReadPosRankSum < -8.0;' undefined variable MQRankSum
19:10:22.914 WARN  JexlEngine - ![38,47]: 'QD < 2.0 || FS > 60.0 || MQ < 40.0 || MQRankSum < -12.5 || ReadPosRankSum < -8.0;' undefined variable MQRankSum
19:10:22.915 WARN  JexlEngine - ![38,47]: 'QD < 2.0 || FS > 60.0 || MQ < 40.0 || MQRankSum < -12.5 || ReadPosRankSum < -8.0;' undefined variable MQRankSum
19:10:22.915 WARN  JexlEngine - ![38,47]: 'QD < 2.0 || FS > 60.0 || MQ < 40.0 || MQRankSum < -12.5 || ReadPosRankSum < -8.0;' undefined variable MQRankSum
19:10:22.915 WARN  JexlEngine - ![38,47]: 'QD < 2.0 || FS > 60.0 || MQ < 40.0 || MQRankSum < -12.5 || ReadPosRankSum < -8.0;' undefined variable MQRankSum
19:10:22.915 WARN  JexlEngine - ![38,47]: 'QD < 2.0 || FS > 60.0 || MQ < 40.0 || MQRankSum < -12.5 || ReadPosRankSum < -8.0;' undefined variable MQRankSum
19:10:22.916 WARN  JexlEngine - ![38,47]: 'QD < 2.0 || FS > 60.0 || MQ < 40.0 || MQRankSum < -12.5 || ReadPosRankSum < -8.0;' undefined variable MQRankSum
19:10:22.916 WARN  JexlEngine - ![38,47]: 'QD < 2.0 || FS > 60.0 || MQ < 40.0 || MQRankSum < -12.5 || ReadPosRankSum < -8.0;' undefined variable MQRankSum
19:10:22.917 WARN  JexlEngine - ![38,47]: 'QD < 2.0 || FS > 60.0 || MQ < 40.0 || MQRankSum < -12.5 || ReadPosRankSum < -8.0;' undefined variable MQRankSum
19:10:22.917 WARN  JexlEngine - ![38,47]: 'QD < 2.0 || FS > 60.0 || MQ < 40.0 || MQRankSum < -12.5 || ReadPosRankSum < -8.0;' undefined variable MQRankSum
19:10:22.918 WARN  JexlEngine - ![38,47]: 'QD < 2.0 || FS > 60.0 || MQ < 40.0 || MQRankSum < -12.5 || ReadPosRankSum < -8.0;' undefined variable MQRankSum
19:10:22.918 WARN  JexlEngine - ![38,47]: 'QD < 2.0 || FS > 60.0 || MQ < 40.0 || MQRankSum < -12.5 || ReadPosRankSum < -8.0;' undefined variable MQRankSum
19:10:22.918 WARN  JexlEngine - ![38,47]: 'QD < 2.0 || FS > 60.0 || MQ < 40.0 || MQRankSum < -12.5 || ReadPosRankSum < -8.0;' undefined variable MQRankSum
19:10:22.918 WARN  JexlEngine - ![38,47]: 'QD < 2.0 || FS > 60.0 || MQ < 40.0 || MQRankSum < -12.5 || ReadPosRankSum < -8.0;' undefined variable MQRankSum
19:10:22.919 WARN  JexlEngine - ![38,47]: 'QD < 2.0 || FS > 60.0 || MQ < 40.0 || MQRankSum < -12.5 || ReadPosRankSum < -8.0;' undefined variable MQRankSum
19:10:22.919 WARN  JexlEngine - ![38,47]: 'QD < 2.0 || FS > 60.0 || MQ < 40.0 || MQRankSum < -12.5 || ReadPosRankSum < -8.0;' undefined variable MQRankSum
19:10:22.919 WARN  JexlEngine - ![38,47]: 'QD < 2.0 || FS > 60.0 || MQ < 40.0 || MQRankSum < -12.5 || ReadPosRankSum < -8.0;' undefined variable MQRankSum
19:10:22.919 WARN  JexlEngine - ![38,47]: 'QD < 2.0 || FS > 60.0 || MQ < 40.0 || MQRankSum < -12.5 || ReadPosRankSum < -8.0;' undefined variable MQRankSum
19:10:22.920 WARN  JexlEngine - ![38,47]: 'QD < 2.0 || FS > 60.0 || MQ < 40.0 || MQRankSum < -12.5 || ReadPosRankSum < -8.0;' undefined variable MQRankSum
19:10:22.920 WARN  JexlEngine - ![38,47]: 'QD < 2.0 || FS > 60.0 || MQ < 40.0 || MQRankSum < -12.5 || ReadPosRankSum < -8.0;' undefined variable MQRankSum
19:10:22.920 WARN  JexlEngine - ![38,47]: 'QD < 2.0 || FS > 60.0 || MQ < 40.0 || MQRankSum < -12.5 || ReadPosRankSum < -8.0;' undefined variable MQRankSum
19:10:22.921 WARN  JexlEngine - ![38,47]: 'QD < 2.0 || FS > 60.0 || MQ < 40.0 || MQRankSum < -12.5 || ReadPosRankSum < -8.0;' undefined variable MQRankSum
19:10:22.921 WARN  JexlEngine - ![38,47]: 'QD < 2.0 || FS > 60.0 || MQ < 40.0 || MQRankSum < -12.5 || ReadPosRankSum < -8.0;' undefined variable MQRankSum
19:10:22.921 WARN  JexlEngine - ![38,47]: 'QD < 2.0 || FS > 60.0 || MQ < 40.0 || MQRankSum < -12.5 || ReadPosRankSum < -8.0;' undefined variable MQRankSum
19:10:22.922 WARN  JexlEngine - ![38,47]: 'QD < 2.0 || FS > 60.0 || MQ < 40.0 || MQRankSum < -12.5 || ReadPosRankSum < -8.0;' undefined variable MQRankSum
19:10:22.922 WARN  JexlEngine - ![38,47]: 'QD < 2.0 || FS > 60.0 || MQ < 40.0 || MQRankSum < -12.5 || ReadPosRankSum < -8.0;' undefined variable MQRankSum
19:10:22.922 WARN  JexlEngine - ![38,47]: 'QD < 2.0 || FS > 60.0 || MQ < 40.0 || MQRankSum < -12.5 || ReadPosRankSum < -8.0;' undefined variable MQRankSum
19:10:22.922 WARN  JexlEngine - ![38,47]: 'QD < 2.0 || FS > 60.0 || MQ < 40.0 || MQRankSum < -12.5 || ReadPosRankSum < -8.0;' undefined variable MQRankSum
19:10:22.923 WARN  JexlEngine - ![38,47]: 'QD < 2.0 || FS > 60.0 || MQ < 40.0 || MQRankSum < -12.5 || ReadPosRankSum < -8.0;' undefined variable MQRankSum
19:10:22.923 WARN  JexlEngine - ![38,47]: 'QD < 2.0 || FS > 60.0 || MQ < 40.0 || MQRankSum < -12.5 || ReadPosRankSum < -8.0;' undefined variable MQRankSum
19:10:22.923 WARN  JexlEngine - ![38,47]: 'QD < 2.0 || FS > 60.0 || MQ < 40.0 || MQRankSum < -12.5 || ReadPosRankSum < -8.0;' undefined variable MQRankSum
19:10:22.923 WARN  JexlEngine - ![38,47]: 'QD < 2.0 || FS > 60.0 || MQ < 40.0 || MQRankSum < -12.5 || ReadPosRankSum < -8.0;' undefined variable MQRankSum
19:10:22.923 WARN  JexlEngine - ![38,47]: 'QD < 2.0 || FS > 60.0 || MQ < 40.0 || MQRankSum < -12.5 || ReadPosRankSum < -8.0;' undefined variable MQRankSum
19:10:22.924 WARN  JexlEngine - ![38,47]: 'QD < 2.0 || FS > 60.0 || MQ < 40.0 || MQRankSum < -12.5 || ReadPosRankSum < -8.0;' undefined variable MQRankSum
19:10:22.924 WARN  JexlEngine - ![38,47]: 'QD < 2.0 || FS > 60.0 || MQ < 40.0 || MQRankSum < -12.5 || ReadPosRankSum < -8.0;' undefined variable MQRankSum
19:10:22.924 WARN  JexlEngine - ![38,47]: 'QD < 2.0 || FS > 60.0 || MQ < 40.0 || MQRankSum < -12.5 || ReadPosRankSum < -8.0;' undefined variable MQRankSum
19:10:22.924 WARN  JexlEngine - ![38,47]: 'QD < 2.0 || FS > 60.0 || MQ < 40.0 || MQRankSum < -12.5 || ReadPosRankSum < -8.0;' undefined variable MQRankSum
19:10:22.925 WARN  JexlEngine - ![38,47]: 'QD < 2.0 || FS > 60.0 || MQ < 40.0 || MQRankSum < -12.5 || ReadPosRankSum < -8.0;' undefined variable MQRankSum
19:10:22.925 WARN  JexlEngine - ![38,47]: 'QD < 2.0 || FS > 60.0 || MQ < 40.0 || MQRankSum < -12.5 || ReadPosRankSum < -8.0;' undefined variable MQRankSum
19:10:22.925 WARN  JexlEngine - ![38,47]: 'QD < 2.0 || FS > 60.0 || MQ < 40.0 || MQRankSum < -12.5 || ReadPosRankSum < -8.0;' undefined variable MQRankSum
19:10:22.925 WARN  JexlEngine - ![38,47]: 'QD < 2.0 || FS > 60.0 || MQ < 40.0 || MQRankSum < -12.5 || ReadPosRankSum < -8.0;' undefined variable MQRankSum
19:10:22.926 WARN  JexlEngine - ![38,47]: 'QD < 2.0 || FS > 60.0 || MQ < 40.0 || MQRankSum < -12.5 || ReadPosRankSum < -8.0;' undefined variable MQRankSum
19:10:22.926 WARN  JexlEngine - ![38,47]: 'QD < 2.0 || FS > 60.0 || MQ < 40.0 || MQRankSum < -12.5 || ReadPosRankSum < -8.0;' undefined variable MQRankSum
19:10:22.926 WARN  JexlEngine - ![38,47]: 'QD < 2.0 || FS > 60.0 || MQ < 40.0 || MQRankSum < -12.5 || ReadPosRankSum < -8.0;' undefined variable MQRankSum
19:10:22.927 WARN  JexlEngine - ![38,47]: 'QD < 2.0 || FS > 60.0 || MQ < 40.0 || MQRankSum < -12.5 || ReadPosRankSum < -8.0;' undefined variable MQRankSum
19:10:22.927 WARN  JexlEngine - ![38,47]: 'QD < 2.0 || FS > 60.0 || MQ < 40.0 || MQRankSum < -12.5 || ReadPosRankSum < -8.0;' undefined variable MQRankSum
19:10:22.928 WARN  JexlEngine - ![38,47]: 'QD < 2.0 || FS > 60.0 || MQ < 40.0 || MQRankSum < -12.5 || ReadPosRankSum < -8.0;' undefined variable MQRankSum
19:10:22.928 WARN  JexlEngine - ![38,47]: 'QD < 2.0 || FS > 60.0 || MQ < 40.0 || MQRankSum < -12.5 || ReadPosRankSum < -8.0;' undefined variable MQRankSum
19:10:22.928 WARN  JexlEngine - ![38,47]: 'QD < 2.0 || FS > 60.0 || MQ < 40.0 || MQRankSum < -12.5 || ReadPosRankSum < -8.0;' undefined variable MQRankSum
19:10:22.928 WARN  JexlEngine - ![38,47]: 'QD < 2.0 || FS > 60.0 || MQ < 40.0 || MQRankSum < -12.5 || ReadPosRankSum < -8.0;' undefined variable MQRankSum
19:10:22.929 WARN  JexlEngine - ![38,47]: 'QD < 2.0 || FS > 60.0 || MQ < 40.0 || MQRankSum < -12.5 || ReadPosRankSum < -8.0;' undefined variable MQRankSum
19:10:22.929 WARN  JexlEngine - ![38,47]: 'QD < 2.0 || FS > 60.0 || MQ < 40.0 || MQRankSum < -12.5 || ReadPosRankSum < -8.0;' undefined variable MQRankSum
19:10:22.929 WARN  JexlEngine - ![38,47]: 'QD < 2.0 || FS > 60.0 || MQ < 40.0 || MQRankSum < -12.5 || ReadPosRankSum < -8.0;' undefined variable MQRankSum
19:10:22.929 WARN  JexlEngine - ![38,47]: 'QD < 2.0 || FS > 60.0 || MQ < 40.0 || MQRankSum < -12.5 || ReadPosRankSum < -8.0;' undefined variable MQRankSum
19:10:22.929 WARN  JexlEngine - ![38,47]: 'QD < 2.0 || FS > 60.0 || MQ < 40.0 || MQRankSum < -12.5 || ReadPosRankSum < -8.0;' undefined variable MQRankSum
19:10:22.929 WARN  JexlEngine - ![38,47]: 'QD < 2.0 || FS > 60.0 || MQ < 40.0 || MQRankSum < -12.5 || ReadPosRankSum < -8.0;' undefined variable MQRankSum
19:10:22.930 WARN  JexlEngine - ![38,47]: 'QD < 2.0 || FS > 60.0 || MQ < 40.0 || MQRankSum < -12.5 || ReadPosRankSum < -8.0;' undefined variable MQRankSum
19:10:22.930 WARN  JexlEngine - ![38,47]: 'QD < 2.0 || FS > 60.0 || MQ < 40.0 || MQRankSum < -12.5 || ReadPosRankSum < -8.0;' undefined variable MQRankSum
19:10:22.930 WARN  JexlEngine - ![38,47]: 'QD < 2.0 || FS > 60.0 || MQ < 40.0 || MQRankSum < -12.5 || ReadPosRankSum < -8.0;' undefined variable MQRankSum
19:10:22.930 WARN  JexlEngine - ![38,47]: 'QD < 2.0 || FS > 60.0 || MQ < 40.0 || MQRankSum < -12.5 || ReadPosRankSum < -8.0;' undefined variable MQRankSum
19:10:22.930 WARN  JexlEngine - ![38,47]: 'QD < 2.0 || FS > 60.0 || MQ < 40.0 || MQRankSum < -12.5 || ReadPosRankSum < -8.0;' undefined variable MQRankSum
19:10:22.931 WARN  JexlEngine - ![38,47]: 'QD < 2.0 || FS > 60.0 || MQ < 40.0 || MQRankSum < -12.5 || ReadPosRankSum < -8.0;' undefined variable MQRankSum
19:10:22.931 WARN  JexlEngine - ![38,47]: 'QD < 2.0 || FS > 60.0 || MQ < 40.0 || MQRankSum < -12.5 || ReadPosRankSum < -8.0;' undefined variable MQRankSum
19:10:22.932 WARN  JexlEngine - ![38,47]: 'QD < 2.0 || FS > 60.0 || MQ < 40.0 || MQRankSum < -12.5 || ReadPosRankSum < -8.0;' undefined variable MQRankSum
19:10:22.932 WARN  JexlEngine - ![38,47]: 'QD < 2.0 || FS > 60.0 || MQ < 40.0 || MQRankSum < -12.5 || ReadPosRankSum < -8.0;' undefined variable MQRankSum
19:10:22.933 WARN  JexlEngine - ![38,47]: 'QD < 2.0 || FS > 60.0 || MQ < 40.0 || MQRankSum < -12.5 || ReadPosRankSum < -8.0;' undefined variable MQRankSum
19:10:22.933 WARN  JexlEngine - ![38,47]: 'QD < 2.0 || FS > 60.0 || MQ < 40.0 || MQRankSum < -12.5 || ReadPosRankSum < -8.0;' undefined variable MQRankSum
19:10:22.933 WARN  JexlEngine - ![38,47]: 'QD < 2.0 || FS > 60.0 || MQ < 40.0 || MQRankSum < -12.5 || ReadPosRankSum < -8.0;' undefined variable MQRankSum
19:10:22.933 WARN  JexlEngine - ![38,47]: 'QD < 2.0 || FS > 60.0 || MQ < 40.0 || MQRankSum < -12.5 || ReadPosRankSum < -8.0;' undefined variable MQRankSum
19:10:22.934 WARN  JexlEngine - ![38,47]: 'QD < 2.0 || FS > 60.0 || MQ < 40.0 || MQRankSum < -12.5 || ReadPosRankSum < -8.0;' undefined variable MQRankSum
19:10:22.934 WARN  JexlEngine - ![38,47]: 'QD < 2.0 || FS > 60.0 || MQ < 40.0 || MQRankSum < -12.5 || ReadPosRankSum < -8.0;' undefined variable MQRankSum
19:10:22.934 WARN  JexlEngine - ![38,47]: 'QD < 2.0 || FS > 60.0 || MQ < 40.0 || MQRankSum < -12.5 || ReadPosRankSum < -8.0;' undefined variable MQRankSum
19:10:22.934 WARN  JexlEngine - ![38,47]: 'QD < 2.0 || FS > 60.0 || MQ < 40.0 || MQRankSum < -12.5 || ReadPosRankSum < -8.0;' undefined variable MQRankSum
19:10:22.935 WARN  JexlEngine - ![38,47]: 'QD < 2.0 || FS > 60.0 || MQ < 40.0 || MQRankSum < -12.5 || ReadPosRankSum < -8.0;' undefined variable MQRankSum
19:10:22.935 WARN  JexlEngine - ![38,47]: 'QD < 2.0 || FS > 60.0 || MQ < 40.0 || MQRankSum < -12.5 || ReadPosRankSum < -8.0;' undefined variable MQRankSum
19:10:22.935 WARN  JexlEngine - ![38,47]: 'QD < 2.0 || FS > 60.0 || MQ < 40.0 || MQRankSum < -12.5 || ReadPosRankSum < -8.0;' undefined variable MQRankSum
19:10:22.935 WARN  JexlEngine - ![38,47]: 'QD < 2.0 || FS > 60.0 || MQ < 40.0 || MQRankSum < -12.5 || ReadPosRankSum < -8.0;' undefined variable MQRankSum
19:10:22.936 WARN  JexlEngine - ![38,47]: 'QD < 2.0 || FS > 60.0 || MQ < 40.0 || MQRankSum < -12.5 || ReadPosRankSum < -8.0;' undefined variable MQRankSum
19:10:22.936 WARN  JexlEngine - ![38,47]: 'QD < 2.0 || FS > 60.0 || MQ < 40.0 || MQRankSum < -12.5 || ReadPosRankSum < -8.0;' undefined variable MQRankSum
19:10:22.936 WARN  JexlEngine - ![38,47]: 'QD < 2.0 || FS > 60.0 || MQ < 40.0 || MQRankSum < -12.5 || ReadPosRankSum < -8.0;' undefined variable MQRankSum
19:10:22.937 WARN  JexlEngine - ![38,47]: 'QD < 2.0 || FS > 60.0 || MQ < 40.0 || MQRankSum < -12.5 || ReadPosRankSum < -8.0;' undefined variable MQRankSum
19:10:22.937 WARN  JexlEngine - ![38,47]: 'QD < 2.0 || FS > 60.0 || MQ < 40.0 || MQRankSum < -12.5 || ReadPosRankSum < -8.0;' undefined variable MQRankSum
19:10:22.937 WARN  JexlEngine - ![38,47]: 'QD < 2.0 || FS > 60.0 || MQ < 40.0 || MQRankSum < -12.5 || ReadPosRankSum < -8.0;' undefined variable MQRankSum
19:10:22.937 WARN  JexlEngine - ![38,47]: 'QD < 2.0 || FS > 60.0 || MQ < 40.0 || MQRankSum < -12.5 || ReadPosRankSum < -8.0;' undefined variable MQRankSum
19:10:22.938 WARN  JexlEngine - ![38,47]: 'QD < 2.0 || FS > 60.0 || MQ < 40.0 || MQRankSum < -12.5 || ReadPosRankSum < -8.0;' undefined variable MQRankSum
19:10:22.938 WARN  JexlEngine - ![38,47]: 'QD < 2.0 || FS > 60.0 || MQ < 40.0 || MQRankSum < -12.5 || ReadPosRankSum < -8.0;' undefined variable MQRankSum
19:10:22.938 WARN  JexlEngine - ![38,47]: 'QD < 2.0 || FS > 60.0 || MQ < 40.0 || MQRankSum < -12.5 || ReadPosRankSum < -8.0;' undefined variable MQRankSum
19:10:22.938 WARN  JexlEngine - ![38,47]: 'QD < 2.0 || FS > 60.0 || MQ < 40.0 || MQRankSum < -12.5 || ReadPosRankSum < -8.0;' undefined variable MQRankSum
19:10:22.939 WARN  JexlEngine - ![38,47]: 'QD < 2.0 || FS > 60.0 || MQ < 40.0 || MQRankSum < -12.5 || ReadPosRankSum < -8.0;' undefined variable MQRankSum
19:10:22.939 WARN  JexlEngine - ![38,47]: 'QD < 2.0 || FS > 60.0 || MQ < 40.0 || MQRankSum < -12.5 || ReadPosRankSum < -8.0;' undefined variable MQRankSum
19:10:22.939 WARN  JexlEngine - ![38,47]: 'QD < 2.0 || FS > 60.0 || MQ < 40.0 || MQRankSum < -12.5 || ReadPosRankSum < -8.0;' undefined variable MQRankSum
19:10:22.940 WARN  JexlEngine - ![38,47]: 'QD < 2.0 || FS > 60.0 || MQ < 40.0 || MQRankSum < -12.5 || ReadPosRankSum < -8.0;' undefined variable MQRankSum
19:10:22.940 WARN  JexlEngine - ![38,47]: 'QD < 2.0 || FS > 60.0 || MQ < 40.0 || MQRankSum < -12.5 || ReadPosRankSum < -8.0;' undefined variable MQRankSum
19:10:22.940 WARN  JexlEngine - ![38,47]: 'QD < 2.0 || FS > 60.0 || MQ < 40.0 || MQRankSum < -12.5 || ReadPosRankSum < -8.0;' undefined variable MQRankSum
19:10:22.941 WARN  JexlEngine - ![38,47]: 'QD < 2.0 || FS > 60.0 || MQ < 40.0 || MQRankSum < -12.5 || ReadPosRankSum < -8.0;' undefined variable MQRankSum
19:10:22.941 WARN  JexlEngine - ![38,47]: 'QD < 2.0 || FS > 60.0 || MQ < 40.0 || MQRankSum < -12.5 || ReadPosRankSum < -8.0;' undefined variable MQRankSum
19:10:22.941 WARN  JexlEngine - ![38,47]: 'QD < 2.0 || FS > 60.0 || MQ < 40.0 || MQRankSum < -12.5 || ReadPosRankSum < -8.0;' undefined variable MQRankSum
19:10:22.941 WARN  JexlEngine - ![38,47]: 'QD < 2.0 || FS > 60.0 || MQ < 40.0 || MQRankSum < -12.5 || ReadPosRankSum < -8.0;' undefined variable MQRankSum
19:10:22.942 WARN  JexlEngine - ![38,47]: 'QD < 2.0 || FS > 60.0 || MQ < 40.0 || MQRankSum < -12.5 || ReadPosRankSum < -8.0;' undefined variable MQRankSum
19:10:22.942 WARN  JexlEngine - ![38,47]: 'QD < 2.0 || FS > 60.0 || MQ < 40.0 || MQRankSum < -12.5 || ReadPosRankSum < -8.0;' undefined variable MQRankSum
19:10:22.942 WARN  JexlEngine - ![38,47]: 'QD < 2.0 || FS > 60.0 || MQ < 40.0 || MQRankSum < -12.5 || ReadPosRankSum < -8.0;' undefined variable MQRankSum
19:10:22.942 WARN  JexlEngine - ![38,47]: 'QD < 2.0 || FS > 60.0 || MQ < 40.0 || MQRankSum < -12.5 || ReadPosRankSum < -8.0;' undefined variable MQRankSum
19:10:22.943 WARN  JexlEngine - ![38,47]: 'QD < 2.0 || FS > 60.0 || MQ < 40.0 || MQRankSum < -12.5 || ReadPosRankSum < -8.0;' undefined variable MQRankSum
19:10:22.943 WARN  JexlEngine - ![38,47]: 'QD < 2.0 || FS > 60.0 || MQ < 40.0 || MQRankSum < -12.5 || ReadPosRankSum < -8.0;' undefined variable MQRankSum
19:10:22.943 WARN  JexlEngine - ![38,47]: 'QD < 2.0 || FS > 60.0 || MQ < 40.0 || MQRankSum < -12.5 || ReadPosRankSum < -8.0;' undefined variable MQRankSum
19:10:22.943 WARN  JexlEngine - ![38,47]: 'QD < 2.0 || FS > 60.0 || MQ < 40.0 || MQRankSum < -12.5 || ReadPosRankSum < -8.0;' undefined variable MQRankSum
19:10:22.943 WARN  JexlEngine - ![38,47]: 'QD < 2.0 || FS > 60.0 || MQ < 40.0 || MQRankSum < -12.5 || ReadPosRankSum < -8.0;' undefined variable MQRankSum
19:10:22.943 WARN  JexlEngine - ![38,47]: 'QD < 2.0 || FS > 60.0 || MQ < 40.0 || MQRankSum < -12.5 || ReadPosRankSum < -8.0;' undefined variable MQRankSum
19:10:22.944 WARN  JexlEngine - ![38,47]: 'QD < 2.0 || FS > 60.0 || MQ < 40.0 || MQRankSum < -12.5 || ReadPosRankSum < -8.0;' undefined variable MQRankSum
19:10:22.944 WARN  JexlEngine - ![38,47]: 'QD < 2.0 || FS > 60.0 || MQ < 40.0 || MQRankSum < -12.5 || ReadPosRankSum < -8.0;' undefined variable MQRankSum
19:10:22.944 WARN  JexlEngine - ![38,47]: 'QD < 2.0 || FS > 60.0 || MQ < 40.0 || MQRankSum < -12.5 || ReadPosRankSum < -8.0;' undefined variable MQRankSum
19:10:22.945 WARN  JexlEngine - ![38,47]: 'QD < 2.0 || FS > 60.0 || MQ < 40.0 || MQRankSum < -12.5 || ReadPosRankSum < -8.0;' undefined variable MQRankSum
19:10:22.945 WARN  JexlEngine - ![38,47]: 'QD < 2.0 || FS > 60.0 || MQ < 40.0 || MQRankSum < -12.5 || ReadPosRankSum < -8.0;' undefined variable MQRankSum
19:10:22.945 WARN  JexlEngine - ![38,47]: 'QD < 2.0 || FS > 60.0 || MQ < 40.0 || MQRankSum < -12.5 || ReadPosRankSum < -8.0;' undefined variable MQRankSum
19:10:22.945 WARN  JexlEngine - ![38,47]: 'QD < 2.0 || FS > 60.0 || MQ < 40.0 || MQRankSum < -12.5 || ReadPosRankSum < -8.0;' undefined variable MQRankSum
19:10:22.946 WARN  JexlEngine - ![38,47]: 'QD < 2.0 || FS > 60.0 || MQ < 40.0 || MQRankSum < -12.5 || ReadPosRankSum < -8.0;' undefined variable MQRankSum
19:10:22.946 WARN  JexlEngine - ![38,47]: 'QD < 2.0 || FS > 60.0 || MQ < 40.0 || MQRankSum < -12.5 || ReadPosRankSum < -8.0;' undefined variable MQRankSum
19:10:22.946 WARN  JexlEngine - ![38,47]: 'QD < 2.0 || FS > 60.0 || MQ < 40.0 || MQRankSum < -12.5 || ReadPosRankSum < -8.0;' undefined variable MQRankSum
19:10:22.946 WARN  JexlEngine - ![38,47]: 'QD < 2.0 || FS > 60.0 || MQ < 40.0 || MQRankSum < -12.5 || ReadPosRankSum < -8.0;' undefined variable MQRankSum
19:10:22.946 WARN  JexlEngine - ![38,47]: 'QD < 2.0 || FS > 60.0 || MQ < 40.0 || MQRankSum < -12.5 || ReadPosRankSum < -8.0;' undefined variable MQRankSum
19:10:22.947 WARN  JexlEngine - ![38,47]: 'QD < 2.0 || FS > 60.0 || MQ < 40.0 || MQRankSum < -12.5 || ReadPosRankSum < -8.0;' undefined variable MQRankSum
19:10:22.947 WARN  JexlEngine - ![38,47]: 'QD < 2.0 || FS > 60.0 || MQ < 40.0 || MQRankSum < -12.5 || ReadPosRankSum < -8.0;' undefined variable MQRankSum
19:10:22.947 WARN  JexlEngine - ![38,47]: 'QD < 2.0 || FS > 60.0 || MQ < 40.0 || MQRankSum < -12.5 || ReadPosRankSum < -8.0;' undefined variable MQRankSum
19:10:22.947 WARN  JexlEngine - ![38,47]: 'QD < 2.0 || FS > 60.0 || MQ < 40.0 || MQRankSum < -12.5 || ReadPosRankSum < -8.0;' undefined variable MQRankSum
19:10:22.947 WARN  JexlEngine - ![38,47]: 'QD < 2.0 || FS > 60.0 || MQ < 40.0 || MQRankSum < -12.5 || ReadPosRankSum < -8.0;' undefined variable MQRankSum
19:10:22.948 WARN  JexlEngine - ![38,47]: 'QD < 2.0 || FS > 60.0 || MQ < 40.0 || MQRankSum < -12.5 || ReadPosRankSum < -8.0;' undefined variable MQRankSum
19:10:22.948 WARN  JexlEngine - ![38,47]: 'QD < 2.0 || FS > 60.0 || MQ < 40.0 || MQRankSum < -12.5 || ReadPosRankSum < -8.0;' undefined variable MQRankSum
19:10:22.949 WARN  JexlEngine - ![38,47]: 'QD < 2.0 || FS > 60.0 || MQ < 40.0 || MQRankSum < -12.5 || ReadPosRankSum < -8.0;' undefined variable MQRankSum
19:10:22.949 WARN  JexlEngine - ![38,47]: 'QD < 2.0 || FS > 60.0 || MQ < 40.0 || MQRankSum < -12.5 || ReadPosRankSum < -8.0;' undefined variable MQRankSum
19:10:22.949 WARN  JexlEngine - ![38,47]: 'QD < 2.0 || FS > 60.0 || MQ < 40.0 || MQRankSum < -12.5 || ReadPosRankSum < -8.0;' undefined variable MQRankSum
19:10:22.949 WARN  JexlEngine - ![38,47]: 'QD < 2.0 || FS > 60.0 || MQ < 40.0 || MQRankSum < -12.5 || ReadPosRankSum < -8.0;' undefined variable MQRankSum
19:10:22.949 WARN  JexlEngine - ![38,47]: 'QD < 2.0 || FS > 60.0 || MQ < 40.0 || MQRankSum < -12.5 || ReadPosRankSum < -8.0;' undefined variable MQRankSum
19:10:22.950 WARN  JexlEngine - ![38,47]: 'QD < 2.0 || FS > 60.0 || MQ < 40.0 || MQRankSum < -12.5 || ReadPosRankSum < -8.0;' undefined variable MQRankSum
19:10:22.950 WARN  JexlEngine - ![38,47]: 'QD < 2.0 || FS > 60.0 || MQ < 40.0 || MQRankSum < -12.5 || ReadPosRankSum < -8.0;' undefined variable MQRankSum
19:10:22.950 WARN  JexlEngine - ![38,47]: 'QD < 2.0 || FS > 60.0 || MQ < 40.0 || MQRankSum < -12.5 || ReadPosRankSum < -8.0;' undefined variable MQRankSum
19:10:22.950 WARN  JexlEngine - ![38,47]: 'QD < 2.0 || FS > 60.0 || MQ < 40.0 || MQRankSum < -12.5 || ReadPosRankSum < -8.0;' undefined variable MQRankSum
19:10:22.951 WARN  JexlEngine - ![38,47]: 'QD < 2.0 || FS > 60.0 || MQ < 40.0 || MQRankSum < -12.5 || ReadPosRankSum < -8.0;' undefined variable MQRankSum
19:10:22.951 WARN  JexlEngine - ![38,47]: 'QD < 2.0 || FS > 60.0 || MQ < 40.0 || MQRankSum < -12.5 || ReadPosRankSum < -8.0;' undefined variable MQRankSum
19:10:22.951 WARN  JexlEngine - ![38,47]: 'QD < 2.0 || FS > 60.0 || MQ < 40.0 || MQRankSum < -12.5 || ReadPosRankSum < -8.0;' undefined variable MQRankSum
19:10:22.951 WARN  JexlEngine - ![38,47]: 'QD < 2.0 || FS > 60.0 || MQ < 40.0 || MQRankSum < -12.5 || ReadPosRankSum < -8.0;' undefined variable MQRankSum
19:10:22.951 WARN  JexlEngine - ![38,47]: 'QD < 2.0 || FS > 60.0 || MQ < 40.0 || MQRankSum < -12.5 || ReadPosRankSum < -8.0;' undefined variable MQRankSum
19:10:22.952 WARN  JexlEngine - ![38,47]: 'QD < 2.0 || FS > 60.0 || MQ < 40.0 || MQRankSum < -12.5 || ReadPosRankSum < -8.0;' undefined variable MQRankSum
19:10:22.952 WARN  JexlEngine - ![38,47]: 'QD < 2.0 || FS > 60.0 || MQ < 40.0 || MQRankSum < -12.5 || ReadPosRankSum < -8.0;' undefined variable MQRankSum
19:10:22.952 WARN  JexlEngine - ![38,47]: 'QD < 2.0 || FS > 60.0 || MQ < 40.0 || MQRankSum < -12.5 || ReadPosRankSum < -8.0;' undefined variable MQRankSum
19:10:22.952 WARN  JexlEngine - ![38,47]: 'QD < 2.0 || FS > 60.0 || MQ < 40.0 || MQRankSum < -12.5 || ReadPosRankSum < -8.0;' undefined variable MQRankSum
19:10:22.952 WARN  JexlEngine - ![38,47]: 'QD < 2.0 || FS > 60.0 || MQ < 40.0 || MQRankSum < -12.5 || ReadPosRankSum < -8.0;' undefined variable MQRankSum
19:10:22.953 WARN  JexlEngine - ![38,47]: 'QD < 2.0 || FS > 60.0 || MQ < 40.0 || MQRankSum < -12.5 || ReadPosRankSum < -8.0;' undefined variable MQRankSum
19:10:22.953 WARN  JexlEngine - ![38,47]: 'QD < 2.0 || FS > 60.0 || MQ < 40.0 || MQRankSum < -12.5 || ReadPosRankSum < -8.0;' undefined variable MQRankSum
19:10:22.953 WARN  JexlEngine - ![38,47]: 'QD < 2.0 || FS > 60.0 || MQ < 40.0 || MQRankSum < -12.5 || ReadPosRankSum < -8.0;' undefined variable MQRankSum
19:10:22.953 WARN  JexlEngine - ![38,47]: 'QD < 2.0 || FS > 60.0 || MQ < 40.0 || MQRankSum < -12.5 || ReadPosRankSum < -8.0;' undefined variable MQRankSum
19:10:22.954 WARN  JexlEngine - ![38,47]: 'QD < 2.0 || FS > 60.0 || MQ < 40.0 || MQRankSum < -12.5 || ReadPosRankSum < -8.0;' undefined variable MQRankSum
19:10:22.954 WARN  JexlEngine - ![38,47]: 'QD < 2.0 || FS > 60.0 || MQ < 40.0 || MQRankSum < -12.5 || ReadPosRankSum < -8.0;' undefined variable MQRankSum
19:10:22.954 WARN  JexlEngine - ![38,47]: 'QD < 2.0 || FS > 60.0 || MQ < 40.0 || MQRankSum < -12.5 || ReadPosRankSum < -8.0;' undefined variable MQRankSum
19:10:22.954 WARN  JexlEngine - ![38,47]: 'QD < 2.0 || FS > 60.0 || MQ < 40.0 || MQRankSum < -12.5 || ReadPosRankSum < -8.0;' undefined variable MQRankSum
19:10:22.954 WARN  JexlEngine - ![38,47]: 'QD < 2.0 || FS > 60.0 || MQ < 40.0 || MQRankSum < -12.5 || ReadPosRankSum < -8.0;' undefined variable MQRankSum
19:10:22.955 WARN  JexlEngine - ![38,47]: 'QD < 2.0 || FS > 60.0 || MQ < 40.0 || MQRankSum < -12.5 || ReadPosRankSum < -8.0;' undefined variable MQRankSum
19:10:22.955 WARN  JexlEngine - ![38,47]: 'QD < 2.0 || FS > 60.0 || MQ < 40.0 || MQRankSum < -12.5 || ReadPosRankSum < -8.0;' undefined variable MQRankSum
19:10:22.955 WARN  JexlEngine - ![38,47]: 'QD < 2.0 || FS > 60.0 || MQ < 40.0 || MQRankSum < -12.5 || ReadPosRankSum < -8.0;' undefined variable MQRankSum
19:10:22.955 WARN  JexlEngine - ![38,47]: 'QD < 2.0 || FS > 60.0 || MQ < 40.0 || MQRankSum < -12.5 || ReadPosRankSum < -8.0;' undefined variable MQRankSum
19:10:22.955 WARN  JexlEngine - ![38,47]: 'QD < 2.0 || FS > 60.0 || MQ < 40.0 || MQRankSum < -12.5 || ReadPosRankSum < -8.0;' undefined variable MQRankSum
19:10:22.956 WARN  JexlEngine - ![38,47]: 'QD < 2.0 || FS > 60.0 || MQ < 40.0 || MQRankSum < -12.5 || ReadPosRankSum < -8.0;' undefined variable MQRankSum
19:10:22.956 WARN  JexlEngine - ![38,47]: 'QD < 2.0 || FS > 60.0 || MQ < 40.0 || MQRankSum < -12.5 || ReadPosRankSum < -8.0;' undefined variable MQRankSum
19:10:22.956 WARN  JexlEngine - ![38,47]: 'QD < 2.0 || FS > 60.0 || MQ < 40.0 || MQRankSum < -12.5 || ReadPosRankSum < -8.0;' undefined variable MQRankSum
19:10:22.956 WARN  JexlEngine - ![38,47]: 'QD < 2.0 || FS > 60.0 || MQ < 40.0 || MQRankSum < -12.5 || ReadPosRankSum < -8.0;' undefined variable MQRankSum
19:10:22.957 WARN  JexlEngine - ![38,47]: 'QD < 2.0 || FS > 60.0 || MQ < 40.0 || MQRankSum < -12.5 || ReadPosRankSum < -8.0;' undefined variable MQRankSum
19:10:22.958 WARN  JexlEngine - ![38,47]: 'QD < 2.0 || FS > 60.0 || MQ < 40.0 || MQRankSum < -12.5 || ReadPosRankSum < -8.0;' undefined variable MQRankSum
19:10:22.958 WARN  JexlEngine - ![38,47]: 'QD < 2.0 || FS > 60.0 || MQ < 40.0 || MQRankSum < -12.5 || ReadPosRankSum < -8.0;' undefined variable MQRankSum
19:10:22.958 WARN  JexlEngine - ![38,47]: 'QD < 2.0 || FS > 60.0 || MQ < 40.0 || MQRankSum < -12.5 || ReadPosRankSum < -8.0;' undefined variable MQRankSum
19:10:22.959 WARN  JexlEngine - ![38,47]: 'QD < 2.0 || FS > 60.0 || MQ < 40.0 || MQRankSum < -12.5 || ReadPosRankSum < -8.0;' undefined variable MQRankSum
19:10:22.959 WARN  JexlEngine - ![38,47]: 'QD < 2.0 || FS > 60.0 || MQ < 40.0 || MQRankSum < -12.5 || ReadPosRankSum < -8.0;' undefined variable MQRankSum
19:10:22.959 WARN  JexlEngine - ![38,47]: 'QD < 2.0 || FS > 60.0 || MQ < 40.0 || MQRankSum < -12.5 || ReadPosRankSum < -8.0;' undefined variable MQRankSum
19:10:22.959 WARN  JexlEngine - ![38,47]: 'QD < 2.0 || FS > 60.0 || MQ < 40.0 || MQRankSum < -12.5 || ReadPosRankSum < -8.0;' undefined variable MQRankSum
19:10:22.960 WARN  JexlEngine - ![38,47]: 'QD < 2.0 || FS > 60.0 || MQ < 40.0 || MQRankSum < -12.5 || ReadPosRankSum < -8.0;' undefined variable MQRankSum
19:10:22.960 WARN  JexlEngine - ![38,47]: 'QD < 2.0 || FS > 60.0 || MQ < 40.0 || MQRankSum < -12.5 || ReadPosRankSum < -8.0;' undefined variable MQRankSum
19:10:22.960 WARN  JexlEngine - ![38,47]: 'QD < 2.0 || FS > 60.0 || MQ < 40.0 || MQRankSum < -12.5 || ReadPosRankSum < -8.0;' undefined variable MQRankSum
19:10:22.960 WARN  JexlEngine - ![38,47]: 'QD < 2.0 || FS > 60.0 || MQ < 40.0 || MQRankSum < -12.5 || ReadPosRankSum < -8.0;' undefined variable MQRankSum
19:10:22.961 WARN  JexlEngine - ![38,47]: 'QD < 2.0 || FS > 60.0 || MQ < 40.0 || MQRankSum < -12.5 || ReadPosRankSum < -8.0;' undefined variable MQRankSum
19:10:22.961 WARN  JexlEngine - ![38,47]: 'QD < 2.0 || FS > 60.0 || MQ < 40.0 || MQRankSum < -12.5 || ReadPosRankSum < -8.0;' undefined variable MQRankSum
19:10:22.962 WARN  JexlEngine - ![38,47]: 'QD < 2.0 || FS > 60.0 || MQ < 40.0 || MQRankSum < -12.5 || ReadPosRankSum < -8.0;' undefined variable MQRankSum
19:10:22.962 WARN  JexlEngine - ![38,47]: 'QD < 2.0 || FS > 60.0 || MQ < 40.0 || MQRankSum < -12.5 || ReadPosRankSum < -8.0;' undefined variable MQRankSum
19:10:22.962 WARN  JexlEngine - ![38,47]: 'QD < 2.0 || FS > 60.0 || MQ < 40.0 || MQRankSum < -12.5 || ReadPosRankSum < -8.0;' undefined variable MQRankSum
19:10:22.962 WARN  JexlEngine - ![38,47]: 'QD < 2.0 || FS > 60.0 || MQ < 40.0 || MQRankSum < -12.5 || ReadPosRankSum < -8.0;' undefined variable MQRankSum
19:10:22.963 WARN  JexlEngine - ![38,47]: 'QD < 2.0 || FS > 60.0 || MQ < 40.0 || MQRankSum < -12.5 || ReadPosRankSum < -8.0;' undefined variable MQRankSum
19:10:22.963 WARN  JexlEngine - ![38,47]: 'QD < 2.0 || FS > 60.0 || MQ < 40.0 || MQRankSum < -12.5 || ReadPosRankSum < -8.0;' undefined variable MQRankSum
19:10:22.963 WARN  JexlEngine - ![38,47]: 'QD < 2.0 || FS > 60.0 || MQ < 40.0 || MQRankSum < -12.5 || ReadPosRankSum < -8.0;' undefined variable MQRankSum
19:10:22.963 WARN  JexlEngine - ![38,47]: 'QD < 2.0 || FS > 60.0 || MQ < 40.0 || MQRankSum < -12.5 || ReadPosRankSum < -8.0;' undefined variable MQRankSum
19:10:22.964 WARN  JexlEngine - ![38,47]: 'QD < 2.0 || FS > 60.0 || MQ < 40.0 || MQRankSum < -12.5 || ReadPosRankSum < -8.0;' undefined variable MQRankSum
19:10:22.964 WARN  JexlEngine - ![38,47]: 'QD < 2.0 || FS > 60.0 || MQ < 40.0 || MQRankSum < -12.5 || ReadPosRankSum < -8.0;' undefined variable MQRankSum
19:10:22.964 WARN  JexlEngine - ![38,47]: 'QD < 2.0 || FS > 60.0 || MQ < 40.0 || MQRankSum < -12.5 || ReadPosRankSum < -8.0;' undefined variable MQRankSum
19:10:22.965 WARN  JexlEngine - ![38,47]: 'QD < 2.0 || FS > 60.0 || MQ < 40.0 || MQRankSum < -12.5 || ReadPosRankSum < -8.0;' undefined variable MQRankSum
19:10:22.965 WARN  JexlEngine - ![38,47]: 'QD < 2.0 || FS > 60.0 || MQ < 40.0 || MQRankSum < -12.5 || ReadPosRankSum < -8.0;' undefined variable MQRankSum
19:10:22.965 WARN  JexlEngine - ![38,47]: 'QD < 2.0 || FS > 60.0 || MQ < 40.0 || MQRankSum < -12.5 || ReadPosRankSum < -8.0;' undefined variable MQRankSum
19:10:22.965 WARN  JexlEngine - ![38,47]: 'QD < 2.0 || FS > 60.0 || MQ < 40.0 || MQRankSum < -12.5 || ReadPosRankSum < -8.0;' undefined variable MQRankSum
19:10:22.966 WARN  JexlEngine - ![38,47]: 'QD < 2.0 || FS > 60.0 || MQ < 40.0 || MQRankSum < -12.5 || ReadPosRankSum < -8.0;' undefined variable MQRankSum
19:10:22.966 WARN  JexlEngine - ![38,47]: 'QD < 2.0 || FS > 60.0 || MQ < 40.0 || MQRankSum < -12.5 || ReadPosRankSum < -8.0;' undefined variable MQRankSum
19:10:22.966 WARN  JexlEngine - ![38,47]: 'QD < 2.0 || FS > 60.0 || MQ < 40.0 || MQRankSum < -12.5 || ReadPosRankSum < -8.0;' undefined variable MQRankSum
19:10:22.966 WARN  JexlEngine - ![38,47]: 'QD < 2.0 || FS > 60.0 || MQ < 40.0 || MQRankSum < -12.5 || ReadPosRankSum < -8.0;' undefined variable MQRankSum
19:10:22.966 WARN  JexlEngine - ![38,47]: 'QD < 2.0 || FS > 60.0 || MQ < 40.0 || MQRankSum < -12.5 || ReadPosRankSum < -8.0;' undefined variable MQRankSum
19:10:22.967 WARN  JexlEngine - ![38,47]: 'QD < 2.0 || FS > 60.0 || MQ < 40.0 || MQRankSum < -12.5 || ReadPosRankSum < -8.0;' undefined variable MQRankSum
19:10:22.967 WARN  JexlEngine - ![38,47]: 'QD < 2.0 || FS > 60.0 || MQ < 40.0 || MQRankSum < -12.5 || ReadPosRankSum < -8.0;' undefined variable MQRankSum
19:10:22.967 WARN  JexlEngine - ![38,47]: 'QD < 2.0 || FS > 60.0 || MQ < 40.0 || MQRankSum < -12.5 || ReadPosRankSum < -8.0;' undefined variable MQRankSum
19:10:22.967 WARN  JexlEngine - ![38,47]: 'QD < 2.0 || FS > 60.0 || MQ < 40.0 || MQRankSum < -12.5 || ReadPosRankSum < -8.0;' undefined variable MQRankSum
19:10:22.967 WARN  JexlEngine - ![38,47]: 'QD < 2.0 || FS > 60.0 || MQ < 40.0 || MQRankSum < -12.5 || ReadPosRankSum < -8.0;' undefined variable MQRankSum
19:10:22.967 WARN  JexlEngine - ![38,47]: 'QD < 2.0 || FS > 60.0 || MQ < 40.0 || MQRankSum < -12.5 || ReadPosRankSum < -8.0;' undefined variable MQRankSum
19:10:22.968 WARN  JexlEngine - ![38,47]: 'QD < 2.0 || FS > 60.0 || MQ < 40.0 || MQRankSum < -12.5 || ReadPosRankSum < -8.0;' undefined variable MQRankSum
19:10:22.968 WARN  JexlEngine - ![38,47]: 'QD < 2.0 || FS > 60.0 || MQ < 40.0 || MQRankSum < -12.5 || ReadPosRankSum < -8.0;' undefined variable MQRankSum
19:10:22.968 WARN  JexlEngine - ![38,47]: 'QD < 2.0 || FS > 60.0 || MQ < 40.0 || MQRankSum < -12.5 || ReadPosRankSum < -8.0;' undefined variable MQRankSum
19:10:22.968 WARN  JexlEngine - ![38,47]: 'QD < 2.0 || FS > 60.0 || MQ < 40.0 || MQRankSum < -12.5 || ReadPosRankSum < -8.0;' undefined variable MQRankSum
19:10:22.969 WARN  JexlEngine - ![38,47]: 'QD < 2.0 || FS > 60.0 || MQ < 40.0 || MQRankSum < -12.5 || ReadPosRankSum < -8.0;' undefined variable MQRankSum
19:10:22.969 WARN  JexlEngine - ![38,47]: 'QD < 2.0 || FS > 60.0 || MQ < 40.0 || MQRankSum < -12.5 || ReadPosRankSum < -8.0;' undefined variable MQRankSum
19:10:22.969 WARN  JexlEngine - ![38,47]: 'QD < 2.0 || FS > 60.0 || MQ < 40.0 || MQRankSum < -12.5 || ReadPosRankSum < -8.0;' undefined variable MQRankSum
19:10:22.969 WARN  JexlEngine - ![38,47]: 'QD < 2.0 || FS > 60.0 || MQ < 40.0 || MQRankSum < -12.5 || ReadPosRankSum < -8.0;' undefined variable MQRankSum
19:10:22.970 WARN  JexlEngine - ![38,47]: 'QD < 2.0 || FS > 60.0 || MQ < 40.0 || MQRankSum < -12.5 || ReadPosRankSum < -8.0;' undefined variable MQRankSum
19:10:22.970 WARN  JexlEngine - ![38,47]: 'QD < 2.0 || FS > 60.0 || MQ < 40.0 || MQRankSum < -12.5 || ReadPosRankSum < -8.0;' undefined variable MQRankSum
19:10:22.970 WARN  JexlEngine - ![38,47]: 'QD < 2.0 || FS > 60.0 || MQ < 40.0 || MQRankSum < -12.5 || ReadPosRankSum < -8.0;' undefined variable MQRankSum
19:10:22.970 WARN  JexlEngine - ![38,47]: 'QD < 2.0 || FS > 60.0 || MQ < 40.0 || MQRankSum < -12.5 || ReadPosRankSum < -8.0;' undefined variable MQRankSum
19:10:22.971 INFO  ProgressMeter -            XV:610519              0.0                  1086         133251.5
19:10:22.971 INFO  ProgressMeter - Traversal complete. Processed 1086 total variants in 0.0 minutes.
19:10:22.977 INFO  VariantFiltration - Shutting down engine
[July 13, 2022 7:10:22 PM MSK] org.broadinstitute.hellbender.tools.walkers.filters.VariantFiltration done. Elapsed time: 0.04 minutes.
Runtime.totalMemory()=308805632
