[2022-07-13 19:08:21,338] multiqc                                            [DEBUG  ]  This is MultiQC v1.12
[2022-07-13 19:08:21,338] multiqc                                            [DEBUG  ]  No MultiQC config found: /home-local/anaconda3_inst/envs/bitis/lib/python3.10/site-packages/multiqc_config.yaml
[2022-07-13 19:08:21,338] multiqc                                            [DEBUG  ]  No MultiQC config found: /home/user/.multiqc_config.yaml
[2022-07-13 19:08:21,338] multiqc                                            [DEBUG  ]  No MultiQC config found: multiqc_config.yaml
[2022-07-13 19:08:21,338] multiqc                                            [DEBUG  ]  Command used: /home-local/anaconda3_inst/envs/bitis/bin/multiqc --force -o results/qc -n multiqc.html results/qc/samtools-stats/A-1.txt
[2022-07-13 19:08:21,846] multiqc                                            [DEBUG  ]  Latest MultiQC version is v1.12
[2022-07-13 19:08:21,846] multiqc                                            [DEBUG  ]  Command     : /home-local/anaconda3_inst/envs/bitis/bin/multiqc --force -o results/qc -n multiqc.html results/qc/samtools-stats/A-1.txt
[2022-07-13 19:08:21,846] multiqc                                            [DEBUG  ]  Working dir : /home-local/lebedev/git_rep/mipt_school/workflow
[2022-07-13 19:08:21,846] multiqc                                            [DEBUG  ]  Template    : default
[2022-07-13 19:08:21,847] multiqc                                            [DEBUG  ]  Running Python 3.10.5 | packaged by conda-forge | (main, Jun 14 2022, 07:04:59) [GCC 10.3.0]
[2022-07-13 19:08:21,847] multiqc                                            [DEBUG  ]  Analysing modules: custom_content, ccs, ngsderive, purple, conpair, lima, peddy, somalier, methylQA, mosdepth, phantompeakqualtools, qualimap, preseq, quast, qorts, rna_seqc, rockhopper, rsem, rseqc, busco, bustools, goleft_indexcov, gffcompare, disambiguate, supernova, deeptools, sargasso, verifybamid, mirtrace, happy, mirtop, sambamba, homer, hops, macs2, theta2, snpeff, gatk, htseq, bcftools, featureCounts, fgbio, dragen, dedup, pbmarkdup, damageprofiler, biobambam2, jcvi, mtnucratio, picard, vep, sentieon, prokka, qc3C, nanostat, samblaster, samtools, sexdeterrmine, eigenstratdatabasetools, bamtools, jellyfish, vcftools, longranger, stacks, varscan2, snippy, bbmap, bismark, biscuit, hicexplorer, hicup, hicpro, salmon, kallisto, slamdunk, star, hisat2, tophat, bowtie2, bowtie1, snpsplit, odgi, pangolin, kat, leehom, adapterRemoval, clipandmerge, cutadapt, flexbar, kaiju, kraken, malt, trimmomatic, sickle, skewer, sortmerna, biobloomtools, fastq_screen, afterqc, fastp, fastqc, pychopper, pycoqc, minionqc, multivcfanalyzer, clusterflow, checkqc, bcl2fastq, bclconvert, interop, ivar, flash, seqyclean, optitype, whatshap
[2022-07-13 19:08:21,847] multiqc                                            [DEBUG  ]  Using temporary directory for creating report: /tmp/tmp3d0x48dz
[2022-07-13 19:08:22,968] multiqc                                            [INFO   ]  Search path : /home-local/lebedev/git_rep/mipt_school/workflow/results/qc/samtools-stats/A-1.txt
[2022-07-13 19:08:23,037] multiqc                                            [DEBUG  ]  File ignored by ccs/v4 because it exceeded search pattern filesize limit: A-1.txt
[2022-07-13 19:08:23,038] multiqc                                            [DEBUG  ]  File ignored by hicexplorer because it exceeded search pattern filesize limit: A-1.txt
[2022-07-13 19:08:23,038] multiqc                                            [DEBUG  ]  File ignored by lima/summary because it exceeded search pattern filesize limit: A-1.txt
[2022-07-13 19:08:23,063] multiqc                                            [DEBUG  ]  File ignored by longranger/invocation because it exceeded search pattern filesize limit: A-1.txt
[2022-07-13 19:08:23,148] multiqc                                            [DEBUG  ]  File ignored by nanostat because it exceeded search pattern filesize limit: A-1.txt
[2022-07-13 19:08:28,320] multiqc.plots.bargraph                             [DEBUG  ]  Using matplotlib version 3.5.2
[2022-07-13 19:08:28,379] multiqc.plots.linegraph                            [DEBUG  ]  Using matplotlib version 3.5.2
[2022-07-13 19:08:28,413] multiqc.modules.samtools.samtools                  [INFO   ]  Found 1 stats reports
[2022-07-13 19:08:28,417] multiqc                                            [INFO   ]  Compressing plot data
[2022-07-13 19:08:28,450] multiqc                                            [INFO   ]  Report      : results/qc/multiqc.html
[2022-07-13 19:08:28,450] multiqc                                            [INFO   ]  Data        : results/qc/multiqc_data
[2022-07-13 19:08:28,450] multiqc                                            [DEBUG  ]  Moving data file from '/tmp/tmp3d0x48dz/multiqc_data' to 'results/qc/multiqc_data'
[2022-07-13 19:08:29,474] multiqc                                            [INFO   ]  MultiQC complete
