Using GATK jar /home-local/conda_envs/9895bac3e72b4b3452f644e11a74d608/share/gatk4-4.1.4.1-1/gatk-package-4.1.4.1-local.jar
Running:
    java -Dsamjdk.use_async_io_read_samtools=false -Dsamjdk.use_async_io_write_samtools=true -Dsamjdk.use_async_io_write_tribble=false -Dsamjdk.compression_level=2 -jar /home-local/conda_envs/9895bac3e72b4b3452f644e11a74d608/share/gatk4-4.1.4.1-1/gatk-package-4.1.4.1-local.jar CombineGVCFs -V results/called/A.XI.g.vcf.gz -V results/called/B.XI.g.vcf.gz -R resources/genome.fasta -O results/called/all.XI.g.vcf.gz
19:07:51.017 INFO  NativeLibraryLoader - Loading libgkl_compression.so from jar:file:/home-local/conda_envs/9895bac3e72b4b3452f644e11a74d608/share/gatk4-4.1.4.1-1/gatk-package-4.1.4.1-local.jar!/com/intel/gkl/native/libgkl_compression.so
Jul 13, 2022 7:07:52 PM shaded.cloud_nio.com.google.auth.oauth2.ComputeEngineCredentials runningOnComputeEngine
INFO: Failed to detect whether we are running on Google Compute Engine.
19:07:52.314 INFO  CombineGVCFs - ------------------------------------------------------------
19:07:52.315 INFO  CombineGVCFs - The Genome Analysis Toolkit (GATK) v4.1.4.1
19:07:52.325 INFO  CombineGVCFs - For support and documentation go to https://software.broadinstitute.org/gatk/
19:07:52.334 INFO  CombineGVCFs - Executing as user@cbaipipelines3 on Linux v5.15.0-40-generic amd64
19:07:52.334 INFO  CombineGVCFs - Java runtime: OpenJDK 64-Bit Server VM v1.8.0_332-b09
19:07:52.334 INFO  CombineGVCFs - Start Date/Time: July 13, 2022 7:07:50 PM MSK
19:07:52.335 INFO  CombineGVCFs - ------------------------------------------------------------
19:07:52.335 INFO  CombineGVCFs - ------------------------------------------------------------
19:07:52.342 INFO  CombineGVCFs - HTSJDK Version: 2.21.0
19:07:52.342 INFO  CombineGVCFs - Picard Version: 2.21.2
19:07:52.342 INFO  CombineGVCFs - HTSJDK Defaults.COMPRESSION_LEVEL : 2
19:07:52.342 INFO  CombineGVCFs - HTSJDK Defaults.USE_ASYNC_IO_READ_FOR_SAMTOOLS : false
19:07:52.345 INFO  CombineGVCFs - HTSJDK Defaults.USE_ASYNC_IO_WRITE_FOR_SAMTOOLS : true
19:07:52.345 INFO  CombineGVCFs - HTSJDK Defaults.USE_ASYNC_IO_WRITE_FOR_TRIBBLE : false
19:07:52.345 INFO  CombineGVCFs - Deflater: IntelDeflater
19:07:52.345 INFO  CombineGVCFs - Inflater: IntelInflater
19:07:52.345 INFO  CombineGVCFs - GCS max retries/reopens: 20
19:07:52.345 INFO  CombineGVCFs - Requester pays: disabled
19:07:52.345 INFO  CombineGVCFs - Initializing engine
19:07:54.759 INFO  FeatureManager - Using codec VCFCodec to read file file:///home-local/lebedev/git_rep/mipt_school/workflow/results/called/A.XI.g.vcf.gz
19:07:54.891 INFO  FeatureManager - Using codec VCFCodec to read file file:///home-local/lebedev/git_rep/mipt_school/workflow/results/called/B.XI.g.vcf.gz
19:07:55.314 INFO  CombineGVCFs - Done initializing engine
19:07:55.456 INFO  ProgressMeter - Starting traversal
19:07:55.456 INFO  ProgressMeter -        Current Locus  Elapsed Minutes    Variants Processed  Variants/Minute
19:07:55.906 WARN  ReferenceConfidenceVariantContextMerger - Detected invalid annotations: When trying to merge variant contexts at location XI:1030 the annotation MLEAC=[1, 0] was not a numerical value and was ignored
19:08:05.552 INFO  ProgressMeter -            XI:639570              0.2                 29000         172550.6
19:08:05.797 INFO  ProgressMeter -            XI:664600              0.2                 30057         174597.7
19:08:05.797 INFO  ProgressMeter - Traversal complete. Processed 30057 total variants in 0.2 minutes.
19:08:05.832 INFO  CombineGVCFs - Shutting down engine
[July 13, 2022 7:08:05 PM MSK] org.broadinstitute.hellbender.tools.walkers.CombineGVCFs done. Elapsed time: 0.25 minutes.
Runtime.totalMemory()=363855872
