Using GATK jar /home-local/conda_envs/9895bac3e72b4b3452f644e11a74d608/share/gatk4-4.1.4.1-1/gatk-package-4.1.4.1-local.jar
Running:
    java -Dsamjdk.use_async_io_read_samtools=false -Dsamjdk.use_async_io_write_samtools=true -Dsamjdk.use_async_io_write_tribble=false -Dsamjdk.compression_level=2 -jar /home-local/conda_envs/9895bac3e72b4b3452f644e11a74d608/share/gatk4-4.1.4.1-1/gatk-package-4.1.4.1-local.jar CombineGVCFs -V results/called/A.Mito.g.vcf.gz -V results/called/B.Mito.g.vcf.gz -R resources/genome.fasta -O results/called/all.Mito.g.vcf.gz
19:08:28.553 INFO  NativeLibraryLoader - Loading libgkl_compression.so from jar:file:/home-local/conda_envs/9895bac3e72b4b3452f644e11a74d608/share/gatk4-4.1.4.1-1/gatk-package-4.1.4.1-local.jar!/com/intel/gkl/native/libgkl_compression.so
Jul 13, 2022 7:08:29 PM shaded.cloud_nio.com.google.auth.oauth2.ComputeEngineCredentials runningOnComputeEngine
INFO: Failed to detect whether we are running on Google Compute Engine.
19:08:29.311 INFO  CombineGVCFs - ------------------------------------------------------------
19:08:29.312 INFO  CombineGVCFs - The Genome Analysis Toolkit (GATK) v4.1.4.1
19:08:29.312 INFO  CombineGVCFs - For support and documentation go to https://software.broadinstitute.org/gatk/
19:08:29.333 INFO  CombineGVCFs - Executing as user@cbaipipelines3 on Linux v5.15.0-40-generic amd64
19:08:29.333 INFO  CombineGVCFs - Java runtime: OpenJDK 64-Bit Server VM v1.8.0_332-b09
19:08:29.334 INFO  CombineGVCFs - Start Date/Time: July 13, 2022 7:08:28 PM MSK
19:08:29.334 INFO  CombineGVCFs - ------------------------------------------------------------
19:08:29.334 INFO  CombineGVCFs - ------------------------------------------------------------
19:08:29.334 INFO  CombineGVCFs - HTSJDK Version: 2.21.0
19:08:29.334 INFO  CombineGVCFs - Picard Version: 2.21.2
19:08:29.334 INFO  CombineGVCFs - HTSJDK Defaults.COMPRESSION_LEVEL : 2
19:08:29.334 INFO  CombineGVCFs - HTSJDK Defaults.USE_ASYNC_IO_READ_FOR_SAMTOOLS : false
19:08:29.334 INFO  CombineGVCFs - HTSJDK Defaults.USE_ASYNC_IO_WRITE_FOR_SAMTOOLS : true
19:08:29.335 INFO  CombineGVCFs - HTSJDK Defaults.USE_ASYNC_IO_WRITE_FOR_TRIBBLE : false
19:08:29.335 INFO  CombineGVCFs - Deflater: IntelDeflater
19:08:29.335 INFO  CombineGVCFs - Inflater: IntelInflater
19:08:29.335 INFO  CombineGVCFs - GCS max retries/reopens: 20
19:08:29.335 INFO  CombineGVCFs - Requester pays: disabled
19:08:29.335 INFO  CombineGVCFs - Initializing engine
19:08:30.409 INFO  FeatureManager - Using codec VCFCodec to read file file:///home-local/lebedev/git_rep/mipt_school/workflow/results/called/A.Mito.g.vcf.gz
19:08:30.477 INFO  FeatureManager - Using codec VCFCodec to read file file:///home-local/lebedev/git_rep/mipt_school/workflow/results/called/B.Mito.g.vcf.gz
19:08:30.688 INFO  CombineGVCFs - Done initializing engine
19:08:30.774 INFO  ProgressMeter - Starting traversal
19:08:30.774 INFO  ProgressMeter -        Current Locus  Elapsed Minutes    Variants Processed  Variants/Minute
19:08:30.995 WARN  ReferenceConfidenceVariantContextMerger - Detected invalid annotations: When trying to merge variant contexts at location Mito:795 the annotation MLEAC=[1, 0] was not a numerical value and was ignored
19:08:32.324 INFO  ProgressMeter -           Mito:72971              0.0                  3517         136141.9
19:08:32.324 INFO  ProgressMeter - Traversal complete. Processed 3517 total variants in 0.0 minutes.
19:08:32.345 INFO  CombineGVCFs - Shutting down engine
[July 13, 2022 7:08:32 PM MSK] org.broadinstitute.hellbender.tools.walkers.CombineGVCFs done. Elapsed time: 0.06 minutes.
Runtime.totalMemory()=332922880
