Using GATK jar /home-local/conda_envs/9895bac3e72b4b3452f644e11a74d608/share/gatk4-4.1.4.1-1/gatk-package-4.1.4.1-local.jar
Running:
    java -Dsamjdk.use_async_io_read_samtools=false -Dsamjdk.use_async_io_write_samtools=true -Dsamjdk.use_async_io_write_tribble=false -Dsamjdk.compression_level=2 -jar /home-local/conda_envs/9895bac3e72b4b3452f644e11a74d608/share/gatk4-4.1.4.1-1/gatk-package-4.1.4.1-local.jar CombineGVCFs -V results/called/A.IX.g.vcf.gz -V results/called/B.IX.g.vcf.gz -R resources/genome.fasta -O results/called/all.IX.g.vcf.gz
19:08:33.668 INFO  NativeLibraryLoader - Loading libgkl_compression.so from jar:file:/home-local/conda_envs/9895bac3e72b4b3452f644e11a74d608/share/gatk4-4.1.4.1-1/gatk-package-4.1.4.1-local.jar!/com/intel/gkl/native/libgkl_compression.so
Jul 13, 2022 7:08:34 PM shaded.cloud_nio.com.google.auth.oauth2.ComputeEngineCredentials runningOnComputeEngine
INFO: Failed to detect whether we are running on Google Compute Engine.
19:08:34.555 INFO  CombineGVCFs - ------------------------------------------------------------
19:08:34.555 INFO  CombineGVCFs - The Genome Analysis Toolkit (GATK) v4.1.4.1
19:08:34.564 INFO  CombineGVCFs - For support and documentation go to https://software.broadinstitute.org/gatk/
19:08:34.568 INFO  CombineGVCFs - Executing as user@cbaipipelines3 on Linux v5.15.0-40-generic amd64
19:08:34.569 INFO  CombineGVCFs - Java runtime: OpenJDK 64-Bit Server VM v1.8.0_332-b09
19:08:34.569 INFO  CombineGVCFs - Start Date/Time: July 13, 2022 7:08:33 PM MSK
19:08:34.573 INFO  CombineGVCFs - ------------------------------------------------------------
19:08:34.573 INFO  CombineGVCFs - ------------------------------------------------------------
19:08:34.597 INFO  CombineGVCFs - HTSJDK Version: 2.21.0
19:08:34.597 INFO  CombineGVCFs - Picard Version: 2.21.2
19:08:34.597 INFO  CombineGVCFs - HTSJDK Defaults.COMPRESSION_LEVEL : 2
19:08:34.597 INFO  CombineGVCFs - HTSJDK Defaults.USE_ASYNC_IO_READ_FOR_SAMTOOLS : false
19:08:34.597 INFO  CombineGVCFs - HTSJDK Defaults.USE_ASYNC_IO_WRITE_FOR_SAMTOOLS : true
19:08:34.597 INFO  CombineGVCFs - HTSJDK Defaults.USE_ASYNC_IO_WRITE_FOR_TRIBBLE : false
19:08:34.597 INFO  CombineGVCFs - Deflater: IntelDeflater
19:08:34.597 INFO  CombineGVCFs - Inflater: IntelInflater
19:08:34.597 INFO  CombineGVCFs - GCS max retries/reopens: 20
19:08:34.597 INFO  CombineGVCFs - Requester pays: disabled
19:08:34.598 INFO  CombineGVCFs - Initializing engine
19:08:36.096 INFO  FeatureManager - Using codec VCFCodec to read file file:///home-local/lebedev/git_rep/mipt_school/workflow/results/called/A.IX.g.vcf.gz
19:08:36.173 INFO  FeatureManager - Using codec VCFCodec to read file file:///home-local/lebedev/git_rep/mipt_school/workflow/results/called/B.IX.g.vcf.gz
19:08:36.390 INFO  CombineGVCFs - Done initializing engine
19:08:36.487 INFO  ProgressMeter - Starting traversal
19:08:36.487 INFO  ProgressMeter -        Current Locus  Elapsed Minutes    Variants Processed  Variants/Minute
19:08:36.817 WARN  ReferenceConfidenceVariantContextMerger - Detected invalid annotations: When trying to merge variant contexts at location IX:20851 the annotation MLEAC=[1, 0] was not a numerical value and was ignored
19:08:42.261 INFO  ProgressMeter -            IX:436616              0.1                 19102         198496.7
19:08:42.261 INFO  ProgressMeter - Traversal complete. Processed 19102 total variants in 0.1 minutes.
19:08:42.319 INFO  CombineGVCFs - Shutting down engine
[July 13, 2022 7:08:42 PM MSK] org.broadinstitute.hellbender.tools.walkers.CombineGVCFs done. Elapsed time: 0.15 minutes.
Runtime.totalMemory()=293076992
