Using GATK jar /home-local/conda_envs/874475ec9450fbcb2ac13b0adb27dc0f/share/gatk4-4.2.0.0-1/gatk-package-4.2.0.0-local.jar
Running:
    java -Dsamjdk.use_async_io_read_samtools=false -Dsamjdk.use_async_io_write_samtools=true -Dsamjdk.use_async_io_write_tribble=false -Dsamjdk.compression_level=2 -jar /home-local/conda_envs/874475ec9450fbcb2ac13b0adb27dc0f/share/gatk4-4.2.0.0-1/gatk-package-4.2.0.0-local.jar GenotypeGVCFs -V results/called/all.XIII.g.vcf.gz -R resources/genome.fasta -O results/genotyped/all.XIII.vcf.gz
19:08:50.486 INFO  NativeLibraryLoader - Loading libgkl_compression.so from jar:file:/home-local/conda_envs/874475ec9450fbcb2ac13b0adb27dc0f/share/gatk4-4.2.0.0-1/gatk-package-4.2.0.0-local.jar!/com/intel/gkl/native/libgkl_compression.so
Jul 13, 2022 7:08:51 PM shaded.cloud_nio.com.google.auth.oauth2.ComputeEngineCredentials runningOnComputeEngine
INFO: Failed to detect whether we are running on Google Compute Engine.
19:08:51.453 INFO  GenotypeGVCFs - ------------------------------------------------------------
19:08:51.454 INFO  GenotypeGVCFs - The Genome Analysis Toolkit (GATK) v4.2.0.0
19:08:51.454 INFO  GenotypeGVCFs - For support and documentation go to https://software.broadinstitute.org/gatk/
19:08:51.463 INFO  GenotypeGVCFs - Executing as user@cbaipipelines3 on Linux v5.15.0-40-generic amd64
19:08:51.463 INFO  GenotypeGVCFs - Java runtime: OpenJDK 64-Bit Server VM v1.8.0_332-b09
19:08:51.463 INFO  GenotypeGVCFs - Start Date/Time: July 13, 2022 7:08:50 PM MSK
19:08:51.463 INFO  GenotypeGVCFs - ------------------------------------------------------------
19:08:51.463 INFO  GenotypeGVCFs - ------------------------------------------------------------
19:08:51.464 INFO  GenotypeGVCFs - HTSJDK Version: 2.24.0
19:08:51.464 INFO  GenotypeGVCFs - Picard Version: 2.25.0
19:08:51.464 INFO  GenotypeGVCFs - Built for Spark Version: 2.4.5
19:08:51.464 INFO  GenotypeGVCFs - HTSJDK Defaults.COMPRESSION_LEVEL : 2
19:08:51.464 INFO  GenotypeGVCFs - HTSJDK Defaults.USE_ASYNC_IO_READ_FOR_SAMTOOLS : false
19:08:51.464 INFO  GenotypeGVCFs - HTSJDK Defaults.USE_ASYNC_IO_WRITE_FOR_SAMTOOLS : true
19:08:51.464 INFO  GenotypeGVCFs - HTSJDK Defaults.USE_ASYNC_IO_WRITE_FOR_TRIBBLE : false
19:08:51.464 INFO  GenotypeGVCFs - Deflater: IntelDeflater
19:08:51.464 INFO  GenotypeGVCFs - Inflater: IntelInflater
19:08:51.464 INFO  GenotypeGVCFs - GCS max retries/reopens: 20
19:08:51.465 INFO  GenotypeGVCFs - Requester pays: disabled
19:08:51.465 INFO  GenotypeGVCFs - Initializing engine
19:08:53.166 INFO  FeatureManager - Using codec VCFCodec to read file file:///home-local/lebedev/git_rep/mipt_school/workflow/results/called/all.XIII.g.vcf.gz
19:08:53.271 INFO  GenotypeGVCFs - Done initializing engine
19:08:53.526 INFO  ProgressMeter - Starting traversal
19:08:53.526 INFO  ProgressMeter -        Current Locus  Elapsed Minutes    Variants Processed  Variants/Minute
19:08:54.979 WARN  InbreedingCoeff - InbreedingCoeff will not be calculated at position XIII:47817 and possibly subsequent; at least 10 samples must have called genotypes
19:08:59.374 INFO  ProgressMeter -          XIII:902400              0.1                 20471         210030.8
19:08:59.374 INFO  ProgressMeter - Traversal complete. Processed 20471 total variants in 0.1 minutes.
19:08:59.384 INFO  GenotypeGVCFs - Shutting down engine
[July 13, 2022 7:08:59 PM MSK] org.broadinstitute.hellbender.tools.walkers.GenotypeGVCFs done. Elapsed time: 0.15 minutes.
Runtime.totalMemory()=308805632
