Using GATK jar /home-local/conda_envs/874475ec9450fbcb2ac13b0adb27dc0f/share/gatk4-4.2.0.0-1/gatk-package-4.2.0.0-local.jar
Running:
    java -Dsamjdk.use_async_io_read_samtools=false -Dsamjdk.use_async_io_write_samtools=true -Dsamjdk.use_async_io_write_tribble=false -Dsamjdk.compression_level=2 -jar /home-local/conda_envs/874475ec9450fbcb2ac13b0adb27dc0f/share/gatk4-4.2.0.0-1/gatk-package-4.2.0.0-local.jar GenotypeGVCFs -V results/called/all.III.g.vcf.gz -R resources/genome.fasta -O results/genotyped/all.III.vcf.gz
19:08:56.728 INFO  NativeLibraryLoader - Loading libgkl_compression.so from jar:file:/home-local/conda_envs/874475ec9450fbcb2ac13b0adb27dc0f/share/gatk4-4.2.0.0-1/gatk-package-4.2.0.0-local.jar!/com/intel/gkl/native/libgkl_compression.so
Jul 13, 2022 7:08:57 PM shaded.cloud_nio.com.google.auth.oauth2.ComputeEngineCredentials runningOnComputeEngine
INFO: Failed to detect whether we are running on Google Compute Engine.
19:08:57.729 INFO  GenotypeGVCFs - ------------------------------------------------------------
19:08:57.729 INFO  GenotypeGVCFs - The Genome Analysis Toolkit (GATK) v4.2.0.0
19:08:57.729 INFO  GenotypeGVCFs - For support and documentation go to https://software.broadinstitute.org/gatk/
19:08:57.752 INFO  GenotypeGVCFs - Executing as user@cbaipipelines3 on Linux v5.15.0-40-generic amd64
19:08:57.752 INFO  GenotypeGVCFs - Java runtime: OpenJDK 64-Bit Server VM v1.8.0_332-b09
19:08:57.753 INFO  GenotypeGVCFs - Start Date/Time: July 13, 2022 7:08:56 PM MSK
19:08:57.753 INFO  GenotypeGVCFs - ------------------------------------------------------------
19:08:57.753 INFO  GenotypeGVCFs - ------------------------------------------------------------
19:08:57.753 INFO  GenotypeGVCFs - HTSJDK Version: 2.24.0
19:08:57.753 INFO  GenotypeGVCFs - Picard Version: 2.25.0
19:08:57.753 INFO  GenotypeGVCFs - Built for Spark Version: 2.4.5
19:08:57.753 INFO  GenotypeGVCFs - HTSJDK Defaults.COMPRESSION_LEVEL : 2
19:08:57.753 INFO  GenotypeGVCFs - HTSJDK Defaults.USE_ASYNC_IO_READ_FOR_SAMTOOLS : false
19:08:57.753 INFO  GenotypeGVCFs - HTSJDK Defaults.USE_ASYNC_IO_WRITE_FOR_SAMTOOLS : true
19:08:57.754 INFO  GenotypeGVCFs - HTSJDK Defaults.USE_ASYNC_IO_WRITE_FOR_TRIBBLE : false
19:08:57.754 INFO  GenotypeGVCFs - Deflater: IntelDeflater
19:08:57.754 INFO  GenotypeGVCFs - Inflater: IntelInflater
19:08:57.754 INFO  GenotypeGVCFs - GCS max retries/reopens: 20
19:08:57.754 INFO  GenotypeGVCFs - Requester pays: disabled
19:08:57.754 INFO  GenotypeGVCFs - Initializing engine
19:08:59.843 INFO  FeatureManager - Using codec VCFCodec to read file file:///home-local/lebedev/git_rep/mipt_school/workflow/results/called/all.III.g.vcf.gz
19:08:59.980 INFO  GenotypeGVCFs - Done initializing engine
19:09:00.203 INFO  ProgressMeter - Starting traversal
19:09:00.203 INFO  ProgressMeter -        Current Locus  Elapsed Minutes    Variants Processed  Variants/Minute
19:09:00.667 WARN  InbreedingCoeff - InbreedingCoeff will not be calculated at position III:8864 and possibly subsequent; at least 10 samples must have called genotypes
19:09:05.398 INFO  ProgressMeter -           III:316498              0.1                  7001          80858.5
19:09:05.399 INFO  ProgressMeter - Traversal complete. Processed 7001 total variants in 0.1 minutes.
19:09:05.404 INFO  GenotypeGVCFs - Shutting down engine
[July 13, 2022 7:09:05 PM MSK] org.broadinstitute.hellbender.tools.walkers.GenotypeGVCFs done. Elapsed time: 0.15 minutes.
Runtime.totalMemory()=381157376
