Using GATK jar /home-local/conda_envs/874475ec9450fbcb2ac13b0adb27dc0f/share/gatk4-4.2.0.0-1/gatk-package-4.2.0.0-local.jar
Running:
    java -Dsamjdk.use_async_io_read_samtools=false -Dsamjdk.use_async_io_write_samtools=true -Dsamjdk.use_async_io_write_tribble=false -Dsamjdk.compression_level=2 -jar /home-local/conda_envs/874475ec9450fbcb2ac13b0adb27dc0f/share/gatk4-4.2.0.0-1/gatk-package-4.2.0.0-local.jar GenotypeGVCFs -V results/called/all.VIII.g.vcf.gz -R resources/genome.fasta -O results/genotyped/all.VIII.vcf.gz
19:09:22.981 INFO  NativeLibraryLoader - Loading libgkl_compression.so from jar:file:/home-local/conda_envs/874475ec9450fbcb2ac13b0adb27dc0f/share/gatk4-4.2.0.0-1/gatk-package-4.2.0.0-local.jar!/com/intel/gkl/native/libgkl_compression.so
Jul 13, 2022 7:09:24 PM shaded.cloud_nio.com.google.auth.oauth2.ComputeEngineCredentials runningOnComputeEngine
INFO: Failed to detect whether we are running on Google Compute Engine.
19:09:24.178 INFO  GenotypeGVCFs - ------------------------------------------------------------
19:09:24.178 INFO  GenotypeGVCFs - The Genome Analysis Toolkit (GATK) v4.2.0.0
19:09:24.186 INFO  GenotypeGVCFs - For support and documentation go to https://software.broadinstitute.org/gatk/
19:09:24.195 INFO  GenotypeGVCFs - Executing as user@cbaipipelines3 on Linux v5.15.0-40-generic amd64
19:09:24.195 INFO  GenotypeGVCFs - Java runtime: OpenJDK 64-Bit Server VM v1.8.0_332-b09
19:09:24.195 INFO  GenotypeGVCFs - Start Date/Time: July 13, 2022 7:09:22 PM MSK
19:09:24.195 INFO  GenotypeGVCFs - ------------------------------------------------------------
19:09:24.195 INFO  GenotypeGVCFs - ------------------------------------------------------------
19:09:24.198 INFO  GenotypeGVCFs - HTSJDK Version: 2.24.0
19:09:24.199 INFO  GenotypeGVCFs - Picard Version: 2.25.0
19:09:24.199 INFO  GenotypeGVCFs - Built for Spark Version: 2.4.5
19:09:24.199 INFO  GenotypeGVCFs - HTSJDK Defaults.COMPRESSION_LEVEL : 2
19:09:24.199 INFO  GenotypeGVCFs - HTSJDK Defaults.USE_ASYNC_IO_READ_FOR_SAMTOOLS : false
19:09:24.199 INFO  GenotypeGVCFs - HTSJDK Defaults.USE_ASYNC_IO_WRITE_FOR_SAMTOOLS : true
19:09:24.199 INFO  GenotypeGVCFs - HTSJDK Defaults.USE_ASYNC_IO_WRITE_FOR_TRIBBLE : false
19:09:24.199 INFO  GenotypeGVCFs - Deflater: IntelDeflater
19:09:24.199 INFO  GenotypeGVCFs - Inflater: IntelInflater
19:09:24.199 INFO  GenotypeGVCFs - GCS max retries/reopens: 20
19:09:24.199 INFO  GenotypeGVCFs - Requester pays: disabled
19:09:24.199 INFO  GenotypeGVCFs - Initializing engine
19:09:25.829 INFO  FeatureManager - Using codec VCFCodec to read file file:///home-local/lebedev/git_rep/mipt_school/workflow/results/called/all.VIII.g.vcf.gz
19:09:25.950 INFO  GenotypeGVCFs - Done initializing engine
19:09:26.127 INFO  ProgressMeter - Starting traversal
19:09:26.127 INFO  ProgressMeter -        Current Locus  Elapsed Minutes    Variants Processed  Variants/Minute
19:09:27.705 WARN  InbreedingCoeff - InbreedingCoeff will not be calculated at position VIII:44635 and possibly subsequent; at least 10 samples must have called genotypes
19:09:30.112 INFO  ProgressMeter -          VIII:555331              0.1                 12047         181385.2
19:09:30.113 INFO  ProgressMeter - Traversal complete. Processed 12047 total variants in 0.1 minutes.
19:09:30.133 INFO  GenotypeGVCFs - Shutting down engine
[July 13, 2022 7:09:30 PM MSK] org.broadinstitute.hellbender.tools.walkers.GenotypeGVCFs done. Elapsed time: 0.12 minutes.
Runtime.totalMemory()=290455552
