INFO	2022-07-13 19:04:34	MarkDuplicates	

********** NOTE: Picard's command line syntax is changing.
**********
********** For more information, please see:
********** https://github.com/broadinstitute/picard/wiki/Command-Line-Syntax-Transition-For-Users-(Pre-Transition)
**********
********** The command line looks like this in the new syntax:
**********
**********    MarkDuplicates -INPUT results/mapped/B-1.sorted.minimap.bam -OUTPUT results/dedup/B-1.bam -METRICS_FILE results/qc/dedup/B-1.metrics.txt
**********


19:04:35.553 INFO  NativeLibraryLoader - Loading libgkl_compression.so from jar:file:/home-local/conda_envs/99ffc4109d610ca0674c99d8aa11d5a8/share/picard-2.22.1-0/picard.jar!/com/intel/gkl/native/libgkl_compression.so
[Wed Jul 13 19:04:35 MSK 2022] MarkDuplicates INPUT=[results/mapped/B-1.sorted.minimap.bam] OUTPUT=results/dedup/B-1.bam METRICS_FILE=results/qc/dedup/B-1.metrics.txt    MAX_SEQUENCES_FOR_DISK_READ_ENDS_MAP=50000 MAX_FILE_HANDLES_FOR_READ_ENDS_MAP=8000 SORTING_COLLECTION_SIZE_RATIO=0.25 TAG_DUPLICATE_SET_MEMBERS=false REMOVE_SEQUENCING_DUPLICATES=false TAGGING_POLICY=DontTag CLEAR_DT=true DUPLEX_UMI=false ADD_PG_TAG_TO_READS=true REMOVE_DUPLICATES=false ASSUME_SORTED=false DUPLICATE_SCORING_STRATEGY=SUM_OF_BASE_QUALITIES PROGRAM_RECORD_ID=MarkDuplicates PROGRAM_GROUP_NAME=MarkDuplicates READ_NAME_REGEX=<optimized capture of last three ':' separated fields as numeric values> OPTICAL_DUPLICATE_PIXEL_DISTANCE=100 MAX_OPTICAL_DUPLICATE_SET_SIZE=300000 VERBOSITY=INFO QUIET=false VALIDATION_STRINGENCY=STRICT COMPRESSION_LEVEL=5 MAX_RECORDS_IN_RAM=500000 CREATE_INDEX=false CREATE_MD5_FILE=false GA4GH_CLIENT_SECRETS=client_secrets.json USE_JDK_DEFLATER=false USE_JDK_INFLATER=false
[Wed Jul 13 19:04:35 MSK 2022] Executing as user@cbaipipelines3 on Linux 5.15.0-40-generic amd64; OpenJDK 64-Bit Server VM 11.0.15-internal+0-adhoc..src; Deflater: Intel; Inflater: Intel; Provider GCS is not available; Picard version: 2.22.1
INFO	2022-07-13 19:04:35	MarkDuplicates	Start of doWork freeMemory: 530734328; totalMemory: 536870912; maxMemory: 2147483648
INFO	2022-07-13 19:04:35	MarkDuplicates	Reading input file and constructing read end information.
INFO	2022-07-13 19:04:35	MarkDuplicates	Will retain up to 7780737 data points before spilling to disk.
WARNING	2022-07-13 19:04:35	AbstractOpticalDuplicateFinderCommandLineProgram	A field field parsed out of a read name was expected to contain an integer and did not. Read name: simulated.22036. Cause: String 'simulated.22036' did not start with a parsable number.
INFO	2022-07-13 19:04:37	MarkDuplicates	Read 100004 records. 0 pairs never matched.
INFO	2022-07-13 19:04:37	MarkDuplicates	After buildSortedReadEndLists freeMemory: 456802768; totalMemory: 536870912; maxMemory: 2147483648
INFO	2022-07-13 19:04:37	MarkDuplicates	Will retain up to 67108864 duplicate indices before spilling to disk.
INFO	2022-07-13 19:04:38	MarkDuplicates	Traversing read pair information and detecting duplicates.
INFO	2022-07-13 19:04:38	MarkDuplicates	Traversing fragment information and detecting duplicates.
INFO	2022-07-13 19:04:38	MarkDuplicates	Sorting list of duplicate records.
INFO	2022-07-13 19:04:38	MarkDuplicates	After generateDuplicateIndexes freeMemory: 530226440; totalMemory: 1074790400; maxMemory: 2147483648
INFO	2022-07-13 19:04:38	MarkDuplicates	Marking 4 records as duplicates.
INFO	2022-07-13 19:04:38	MarkDuplicates	Found 0 optical duplicate clusters.
INFO	2022-07-13 19:04:38	MarkDuplicates	Reads are assumed to be ordered by: coordinate
INFO	2022-07-13 19:04:40	MarkDuplicates	Writing complete. Closing input iterator.
INFO	2022-07-13 19:04:40	MarkDuplicates	Duplicate Index cleanup.
INFO	2022-07-13 19:04:40	MarkDuplicates	Getting Memory Stats.
INFO	2022-07-13 19:04:40	MarkDuplicates	Before output close freeMemory: 529881168; totalMemory: 536870912; maxMemory: 2147483648
INFO	2022-07-13 19:04:40	MarkDuplicates	Closed outputs. Getting more Memory Stats.
INFO	2022-07-13 19:04:40	MarkDuplicates	After output close freeMemory: 530153464; totalMemory: 536870912; maxMemory: 2147483648
[Wed Jul 13 19:04:40 MSK 2022] picard.sam.markduplicates.MarkDuplicates done. Elapsed time: 0.09 minutes.
Runtime.totalMemory()=536870912
